Log file open, 03/20/19 13:18:33
LogWindows: Failed to load 'aqProf.dll' (GetLastError=126)
LogWindows: File 'aqProf.dll' does not exist
LogWindows: Failed to load 'VSPerf140.dll' (GetLastError=126)
LogWindows: File 'VSPerf140.dll' does not exist
LogWindows: Failed to load 'VtuneApi.dll' (GetLastError=126)
LogWindows: File 'VtuneApi.dll' does not exist
LogWindows: Failed to load 'VtuneApi32e.dll' (GetLastError=126)
LogWindows: File 'VtuneApi32e.dll' does not exist
LogInit: Display: Running engine for game: MyBegginner
LogPlatformFile: Not using cached read wrapper
LogTaskGraph: Started task graph with 5 named threads and 14 total threads with 3 sets of task threads.
LogStats: Stats thread started at 0.199166
LogD3D11RHI: Loaded GFSDK_Aftermath_Lib.x64.dll
LogICUInternationalization: Display: ICU TimeZone Detection - Raw Offset: -8:00, Platform Override: ''
LogPluginManager: Mounting plugin Paper2D
LogPluginManager: Mounting plugin AISupport
LogPluginManager: Mounting plugin LightPropagationVolume
LogPluginManager: Mounting plugin CLionSourceCodeAccess
LogPluginManager: Mounting plugin CodeLiteSourceCodeAccess
LogPluginManager: Mounting plugin GitSourceControl
LogPluginManager: Mounting plugin KDevelopSourceCodeAccess
LogPluginManager: Mounting plugin NullSourceCodeAccess
LogPluginManager: Mounting plugin PerforceSourceControl
LogPluginManager: Mounting plugin SubversionSourceControl
LogPluginManager: Mounting plugin UObjectPlugin
LogPluginManager: Mounting plugin VisualStudioCodeSourceCodeAccess
LogPluginManager: Mounting plugin VisualStudioSourceCodeAccess
LogPluginManager: Mounting plugin XCodeSourceCodeAccess
LogPluginManager: Mounting plugin AssetManagerEditor
LogPluginManager: Mounting plugin CryptoKeys
LogPluginManager: Mounting plugin DataValidation
LogPluginManager: Mounting plugin FacialAnimation
LogPluginManager: Mounting plugin GameplayTagsEditor
LogPluginManager: Mounting plugin MacGraphicsSwitching
LogPluginManager: Mounting plugin MeshEditor
LogPluginManager: Mounting plugin MobileLauncherProfileWizard
LogPluginManager: Mounting plugin PluginBrowser
LogPluginManager: Mounting plugin SpeedTreeImporter
LogPluginManager: Mounting plugin DatasmithContent
LogPluginManager: Mounting plugin AlembicImporter
LogPluginManager: Mounting plugin AppleImageUtils
LogPluginManager: Mounting plugin AppleVision
LogPluginManager: Mounting plugin BackChannel
LogPluginManager: Mounting plugin CharacterAI
LogPluginManager: Mounting plugin GeometryCache
LogPluginManager: Mounting plugin HTML5Networking
LogPluginManager: Mounting plugin ProxyLODPlugin
LogPluginManager: Mounting plugin MagicLeap
LogPluginManager: Mounting plugin MagicLeapEmulator
LogPluginManager: Mounting plugin MagicLeapMedia
LogPluginManager: Mounting plugin AndroidMedia
LogPluginManager: Mounting plugin AvfMedia
LogPluginManager: Mounting plugin ImgMedia
LogPluginManager: Mounting plugin LinearTimecode
LogPluginManager: Mounting plugin MediaCompositing
LogPluginManager: Mounting plugin MediaPlayerEditor
LogPluginManager: Mounting plugin WmfMedia
LogPluginManager: Mounting plugin TcpMessaging
LogPluginManager: Mounting plugin UdpMessaging
LogPluginManager: Mounting plugin ActorSequence
LogPluginManager: Mounting plugin LevelSequenceEditor
LogPluginManager: Mounting plugin MatineeToLevelSequence
LogPluginManager: Mounting plugin NetcodeUnitTest
LogPluginManager: Mounting plugin NUTUnrealEngine4
LogPluginManager: Mounting plugin OnlineSubsystemGooglePlay
LogPluginManager: Mounting plugin OnlineSubsystemIOS
LogPluginManager: Mounting plugin OnlineSubsystem
LogPluginManager: Mounting plugin OnlineSubsystemNull
LogPluginManager: Mounting plugin OnlineSubsystemUtils
LogPluginManager: Mounting plugin LauncherChunkInstaller
LogPluginManager: Mounting plugin AndroidDeviceProfileSelector
LogPluginManager: Mounting plugin AndroidMoviePlayer
LogPluginManager: Mounting plugin AndroidPermission
LogPluginManager: Mounting plugin AppleMoviePlayer
LogPluginManager: Mounting plugin ArchVisCharacter
LogPluginManager: Mounting plugin AudioCapture
LogPluginManager: Mounting plugin CableComponent
LogPluginManager: Mounting plugin CustomMeshComponent
LogPluginManager: Mounting plugin EditableMesh
LogPluginManager: Mounting plugin ExampleDeviceProfileSelector
LogPluginManager: Mounting plugin GoogleCloudMessaging
LogPluginManager: Mounting plugin ImmediatePhysics
LogPluginManager: Mounting plugin IOSDeviceProfileSelector
LogPluginManager: Mounting plugin LinuxDeviceProfileSelector
LogPluginManager: Mounting plugin LocationServicesBPLibrary
LogPluginManager: Mounting plugin MobilePatchingUtils
LogPluginManager: Mounting plugin OculusVR
LogPluginManager: Plugin shader directory ../../../Engine/Plugins/Runtime/Oculus/OculusVR/Shaders found
LogPluginManager: Mapping shader source directory ../../../Engine/Plugins/Runtime/Oculus/OculusVR/Shaders to virtual directory /Plugin/OculusVR
LogPluginManager: Mounting plugin PhysXVehicles
LogPluginManager: Mounting plugin ProceduralMeshComponent
LogPluginManager: Mounting plugin RuntimePhysXCooking
LogPluginManager: Mounting plugin SteamVR
LogPluginManager: Mounting plugin WindowsMoviePlayer
LogStreaming: Display: Took  0.251s to configure plugins.
LogInit: Using libcurl 7.55.1-DEV
LogInit:  - built for x86_64-pc-win32
LogInit:  - supports SSL with OpenSSL/1.0.2h
LogInit:  - supports HTTP deflate (compression) using libz 1.2.8
LogInit:  - other features:
LogInit:      CURL_VERSION_SSL
LogInit:      CURL_VERSION_LIBZ
LogInit:      CURL_VERSION_IPV6
LogInit:      CURL_VERSION_ASYNCHDNS
LogInit:      CURL_VERSION_LARGEFILE
LogInit:      CURL_VERSION_IDN
LogInit:  CurlRequestOptions (configurable via config and command line):
LogInit:  - bVerifyPeer = false  - Libcurl will NOT verify peer certificate
LogInit:  - bUseHttpProxy = false  - Libcurl will NOT use HTTP proxy
LogInit:  - bDontReuseConnections = false  - Libcurl will reuse connections
LogInit:  - CertBundlePath = nullptr  - Libcurl will use whatever was configured at build time.
LogInit:  - MaxHostConnections = 16  - Libcurl will limit the number of connections to a host
LogInit:  - LocalHostAddr = Default
LogInit:  - BufferSize = 65536
LogInit: WinSock: version 1.1 (2.2), MaxSocks=32767, MaxUdp=65467
LogInit: Build: ++UE4+Release-4.20-CL-4369336
LogInit: Engine Version: 4.20.3-4369336+++UE4+Release-4.20
LogInit: Compatible Engine Version: 4.20.0-4212847+++UE4+Release-4.20
LogInit: Net CL: 4212847
LogInit: OS: Windows 10 (), CPU: Intel(R) Core(TM) i5-7400 CPU @ 3.00GHz, GPU: Intel(R) HD Graphics 630
LogInit: Compiled (64-bit): Sep 17 2018 12:26:19
LogInit: Compiled with Visual C++: 19.13.26129.00
LogInit: Build Configuration: Development
LogInit: Branch Name: ++UE4+Release-4.20
LogInit: Command Line: -EpicPortal  -epicusername="smallestgecko56" -epicuserid=3442e522aa2f447881023d2aa07f6e6a -epiclocale=en-US
LogInit: Base Directory: C:/Program Files/Epic Games/UE_4.20/Engine/Binaries/Win64/
LogInit: Installed Engine Build: 1
LogDevObjectVersion: Number of dev versions registered: 20
LogDevObjectVersion:   Dev-Blueprints (B0D832E4-1F89-4F0D-ACCF-7EB736FD4AA2): 10
LogDevObjectVersion:   Dev-Build (E1C64328-A22C-4D53-A36C-8E866417BD8C): 0
LogDevObjectVersion:   Dev-Core (375EC13C-06E4-48FB-B500-84F0262A717E): 2
LogDevObjectVersion:   Dev-Editor (E4B068ED-F494-42E9-A231-DA0B2E46BB41): 24
LogDevObjectVersion:   Dev-Framework (CFFC743F-43B0-4480-9391-14DF171D2073): 34
LogDevObjectVersion:   Dev-Mobile (B02B49B5-BB20-44E9-A304-32B752E40360): 2
LogDevObjectVersion:   Dev-Networking (A4E4105C-59A1-49B5-A7C5-40C4547EDFEE): 0
LogDevObjectVersion:   Dev-Online (39C831C9-5AE6-47DC-9A44-9C173E1C8E7C): 0
LogDevObjectVersion:   Dev-Physics (78F01B33-EBEA-4F98-B9B4-84EACCB95AA2): 0
LogDevObjectVersion:   Dev-Platform (6631380F-2D4D-43E0-8009-CF276956A95A): 0
LogDevObjectVersion:   Dev-Rendering (12F88B9F-8875-4AFC-A67C-D90C383ABD29): 26
LogDevObjectVersion:   Dev-Sequencer (7B5AE74C-D270-4C10-A958-57980B212A5A): 9
LogDevObjectVersion:   Dev-VR (D7296918-1DD6-4BDD-9DE2-64A83CC13884): 2
LogDevObjectVersion:   Dev-LoadTimes (C2A15278-BFE7-4AFE-6C17-90FF531DF755): 1
LogDevObjectVersion:   Private-Geometry (6EACA3D4-40EC-4CC1-B786-8BED09428FC5): 3
LogDevObjectVersion:   Dev-AnimPhys (29E575DD-E0A3-4627-9D10-D276232CDCEA): 17
LogDevObjectVersion:   Dev-ReflectionCapture (6B266CEC-1EC7-4B8F-A30B-E4D90942FC07): 1
LogDevObjectVersion:   Dev-Automation (0DF73D61-A23F-47EA-B727-89E90C41499A): 1
LogDevObjectVersion:   FortniteMain (601D1886-AC64-4F84-AA16-D3DE0DEAC7D6): 12
LogDevObjectVersion:   Dev-Enterprise (9DFFBCD6-494F-0158-E221-12823C92A888): 1
LogStreaming: Display: Took  0.002s to delete old logs.
LogInit: Presizing for max 8388607 objects, including 0 objects not considered by GC, pre-allocating 0 bytes for permanent pool.
LogInit: Object subsystem initialized
[2019.03.20-20.18.34:341][  0]LogInit: Selected Device Profile: [Windows]
[2019.03.20-20.18.34:341][  0]LogInit: Applying CVar settings loaded from the selected device profile: [Windows]
[2019.03.20-20.18.34:361][  0]LogHAL: Display: Platform has ~ 8 GB [8492687360 / 8589934592 / 8], which maps to Default [LargestMinGB=32, LargerMinGB=12, DefaultMinGB=8, SmallerMinGB=6, SmallestMinGB=0)
[2019.03.20-20.18.34:361][  0]LogInit: Setting Device Profile CVar: [[r.Vulkan.UseRealUBs:1]]
[2019.03.20-20.18.34:361][  0]LogInit: Going up to parent DeviceProfile []
[2019.03.20-20.18.34:362][  0]LogInit: Computer: ESHSD-SD00345
[2019.03.20-20.18.34:362][  0]LogInit: User: db11000454
[2019.03.20-20.18.34:362][  0]LogInit: CPU Page size=4096, Cores=4
[2019.03.20-20.18.34:362][  0]LogInit: High frequency timer resolution =2.929691 MHz
[2019.03.20-20.18.34:362][  0]LogMemory: Memory total: Physical=7.9GB (8GB approx)
[2019.03.20-20.18.34:362][  0]LogMemory: Platform Memory Stats for Windows
[2019.03.20-20.18.34:362][  0]LogMemory: Process Physical Memory: 100.26 MB used, 100.26 MB peak
[2019.03.20-20.18.34:362][  0]LogMemory: Process Virtual Memory: 84.27 MB used, 84.27 MB peak
[2019.03.20-20.18.34:362][  0]LogMemory: Physical Memory: 3822.37 MB used,  4276.89 MB free, 8099.26 MB total
[2019.03.20-20.18.34:362][  0]LogMemory: Virtual Memory: 4625.43 MB used,  4276.89 MB free, 134217728.00 MB total
[2019.03.20-20.18.34:386][  0]LogInit: Using OS detected language (en-US).
[2019.03.20-20.18.34:386][  0]LogInit: Using OS detected locale (en-US).
[2019.03.20-20.18.34:387][  0]LogTextLocalizationManager: No specific localization for 'en-US' exists, so the 'en' localization will be used.
[2019.03.20-20.18.34:754][  0]LogStreaming: Display: Took  0.368s to InitEngineTextLocalization.
[2019.03.20-20.18.34:755][  0]LogInit: Setting process to per monitor DPI aware
[2019.03.20-20.18.34:779][  0]LogSlate: New Slate User Created.  User Index 0, Is Virtual User: 0
[2019.03.20-20.18.34:779][  0]LogSlate: Slate User Registered.  User Index 0, Is Virtual User: 0
[2019.03.20-20.18.35:150][  0]LogHMD: Failed to initialize OpenVR with code 110
[2019.03.20-20.18.35:150][  0]LogD3D11RHI: D3D11 adapters:
[2019.03.20-20.18.35:181][  0]LogD3D11RHI:    0. 'Intel(R) HD Graphics 630' (Feature Level 11_0)
[2019.03.20-20.18.35:181][  0]LogD3D11RHI:       128/0/4049 MB DedicatedVideo/DedicatedSystem/SharedSystem, Outputs:1, VendorId:0x8086
[2019.03.20-20.18.35:185][  0]LogD3D11RHI:    1. 'Microsoft Basic Render Driver' (Feature Level 11_0)
[2019.03.20-20.18.35:185][  0]LogD3D11RHI:       0/0/4049 MB DedicatedVideo/DedicatedSystem/SharedSystem, Outputs:0, VendorId:0x1414
[2019.03.20-20.18.35:185][  0]LogD3D11RHI: Chosen D3D11 Adapter: 0
[2019.03.20-20.18.35:191][  0]LogD3D11RHI: Creating new Direct3DDevice
[2019.03.20-20.18.35:191][  0]LogD3D11RHI:     GPU DeviceId: 0x5912 (for the marketing name, search the web for "GPU Device Id")
[2019.03.20-20.18.35:191][  0]LogWindows: EnumDisplayDevices:
[2019.03.20-20.18.35:191][  0]LogWindows:    0. 'Intel(R) HD Graphics 630' (P:1 D:1)
[2019.03.20-20.18.35:192][  0]LogWindows:    1. 'Intel(R) HD Graphics 630' (P:0 D:0)
[2019.03.20-20.18.35:192][  0]LogWindows:    2. 'Intel(R) HD Graphics 630' (P:0 D:0)
[2019.03.20-20.18.35:192][  0]LogWindows: DebugString: FoundDriverCount:3 
[2019.03.20-20.18.35:192][  0]LogD3D11RHI:     Adapter Name: Intel(R) HD Graphics 630
[2019.03.20-20.18.35:192][  0]LogD3D11RHI:   Driver Version: 24.20.100.6286 (internal:24.20.100.6286, unified:24.20.100.6286)
[2019.03.20-20.18.35:192][  0]LogD3D11RHI:      Driver Date: 8-15-2018
[2019.03.20-20.18.35:192][  0]LogRHI: Texture pool is 1506 MB (70% of 2152 MB)
[2019.03.20-20.18.35:220][  0]LogD3D11RHI: Async texture creation enabled
[2019.03.20-20.18.35:233][  0]LogD3D11RHI: GPU Timing Frequency: 12.000048 (Debug: 2 0)
[2019.03.20-20.18.35:234][  0]LogShaderCompilers: Guid format shader working directory is -21 characters bigger than the processId version (../../../../../../Users/db11000454/Documents/Unreal Projects/MyBegginner/Intermediate/Shaders/WorkingDirectory/9328/).
[2019.03.20-20.18.35:235][  0]LogShaderCompilers: Cleaned the shader compiler working directory 'C:/Users/db11000454/AppData/Local/Temp/UnrealShaderWorkingDir/7187354E4BCF1AFFE918778B90B8D886/'.
[2019.03.20-20.18.35:620][  0]LogTemp: Display: Loaded TP AllDesktopTargetPlatform
[2019.03.20-20.18.35:635][  0]LogTemp: Display: Loaded TP MacClientTargetPlatform
[2019.03.20-20.18.35:650][  0]LogTemp: Display: Loaded TP MacNoEditorTargetPlatform
[2019.03.20-20.18.35:665][  0]LogTemp: Display: Loaded TP MacServerTargetPlatform
[2019.03.20-20.18.35:681][  0]LogTemp: Display: Loaded TP MacTargetPlatform
[2019.03.20-20.18.35:695][  0]LogTemp: Display: Loaded TP WindowsClientTargetPlatform
[2019.03.20-20.18.35:710][  0]LogTemp: Display: Loaded TP WindowsNoEditorTargetPlatform
[2019.03.20-20.18.35:725][  0]LogTemp: Display: Loaded TP WindowsServerTargetPlatform
[2019.03.20-20.18.35:741][  0]LogTemp: Display: Loaded TP WindowsTargetPlatform
[2019.03.20-20.18.35:830][  0]LogTemp: Display: Loaded TP AndroidTargetPlatform
[2019.03.20-20.18.35:830][  0]LogTemp: Display: Loaded TP AndroidTargetPlatform
[2019.03.20-20.18.35:830][  0]LogTemp: Display: Loaded TP AndroidTargetPlatform
[2019.03.20-20.18.35:830][  0]LogTemp: Display: Loaded TP AndroidTargetPlatform
[2019.03.20-20.18.35:830][  0]LogTemp: Display: Loaded TP AndroidTargetPlatform
[2019.03.20-20.18.35:830][  0]LogTemp: Display: Loaded TP AndroidTargetPlatform
[2019.03.20-20.18.35:830][  0]LogTemp: Display: Loaded TP AndroidTargetPlatform
[2019.03.20-20.18.35:830][  0]LogTemp: Display: Loaded TP AndroidTargetPlatform
[2019.03.20-20.18.35:830][  0]LogTemp: Display: Loaded TP AndroidTargetPlatform
[2019.03.20-20.18.35:830][  0]LogTemp: Display: Loaded TP AndroidTargetPlatform
[2019.03.20-20.18.35:830][  0]LogTemp: Display: Loaded TP AndroidTargetPlatform
[2019.03.20-20.18.35:830][  0]LogTemp: Display: Loaded TP AndroidTargetPlatform
[2019.03.20-20.18.35:830][  0]LogTemp: Display: Loaded TP AndroidTargetPlatform
[2019.03.20-20.18.35:830][  0]LogTemp: Display: Loaded TP AndroidTargetPlatform
[2019.03.20-20.18.35:830][  0]LogTemp: Display: Loaded TP AndroidTargetPlatform
[2019.03.20-20.18.35:830][  0]LogTemp: Display: Loaded TP AndroidTargetPlatform
[2019.03.20-20.18.35:830][  0]LogTemp: Display: Loaded TP AndroidTargetPlatform
[2019.03.20-20.18.35:830][  0]LogTemp: Display: Loaded TP AndroidTargetPlatform
[2019.03.20-20.18.35:832][  0]LogTemp: Display: Loaded TP HTML5TargetPlatform
[2019.03.20-20.18.35:898][  0]LogTemp: Display: Loaded TP IOSTargetPlatform
[2019.03.20-20.18.35:898][  0]LogTemp: Display: Loaded TP IOSTargetPlatform
[2019.03.20-20.18.35:925][  0]LogTemp: Display: Loaded TP TVOSTargetPlatform
[2019.03.20-20.18.35:925][  0]LogTemp: Display: Loaded TP TVOSTargetPlatform
[2019.03.20-20.18.35:938][  0]LogTemp: Display: Loaded TP LinuxClientTargetPlatform
[2019.03.20-20.18.35:953][  0]LogTemp: Display: Loaded TP LinuxNoEditorTargetPlatform
[2019.03.20-20.18.35:967][  0]LogTemp: Display: Loaded TP LinuxServerTargetPlatform
[2019.03.20-20.18.35:982][  0]LogTemp: Display: Loaded TP LinuxTargetPlatform
[2019.03.20-20.18.35:993][  0]LogTemp: Display: Loaded TP LuminTargetPlatform
[2019.03.20-20.18.35:993][  0]LogTargetPlatformManager: Display: Building Assets For Windows
[2019.03.20-20.18.36:068][  0]LogXGEController: Cannot use XGE Controller as Incredibuild is not installed on this machine.
[2019.03.20-20.18.36:068][  0]LogShaderCompilers: Cannot use XGE Shader Compiler as Incredibuild is not installed on this machine.
[2019.03.20-20.18.36:069][  0]LogShaderCompilers: Display: Using Local Shader Compiler.
[2019.03.20-20.18.36:950][  0]LogDerivedDataCache: Display: Max Cache Size: 512 MB
[2019.03.20-20.18.37:018][  0]LogDerivedDataCache: Loaded boot cache 0.07s 71MB C:/Users/db11000454/AppData/Local/UnrealEngine/4.20/DerivedDataCache/Boot.ddc.
[2019.03.20-20.18.37:018][  0]LogDerivedDataCache: Display: Loaded Boot cache: C:/Users/db11000454/AppData/Local/UnrealEngine/4.20/DerivedDataCache/Boot.ddc
[2019.03.20-20.18.37:018][  0]LogDerivedDataCache: FDerivedDataBackendGraph:  Pak pak cache file ../../../../../../Users/db11000454/Documents/Unreal Projects/MyBegginner/DerivedDataCache/DDC.ddp not found, will not use a pak cache.
[2019.03.20-20.18.37:018][  0]LogDerivedDataCache: Unable to find inner node Pak for hierarchical cache Hierarchy.
[2019.03.20-20.18.37:018][  0]LogDerivedDataCache: FDerivedDataBackendGraph:  CompressedPak pak cache file ../../../../../../Users/db11000454/Documents/Unreal Projects/MyBegginner/DerivedDataCache/Compressed.ddp not found, will not use a pak cache.
[2019.03.20-20.18.37:018][  0]LogDerivedDataCache: Unable to find inner node CompressedPak for hierarchical cache Hierarchy.
[2019.03.20-20.18.37:034][  0]LogDerivedDataCache: Display: Pak cache opened for reading ../../../Engine/DerivedDataCache/Compressed.ddp.
[2019.03.20-20.18.37:048][  0]LogDerivedDataCache: Using Local data cache path C:/Users/db11000454/AppData/Local/UnrealEngine/Common/DerivedDataCache: Writable
[2019.03.20-20.18.37:048][  0]LogDerivedDataCache: Shared data cache path not found in *engine.ini, will not use an Shared cache.
[2019.03.20-20.18.37:048][  0]LogDerivedDataCache: Unable to find inner node Shared for hierarchical cache Hierarchy.
[2019.03.20-20.18.37:065][  0]LogMaterial: Verifying Global Shaders for PCD3D_SM5
[2019.03.20-20.18.37:067][  0]LogSlate: Using FreeType 2.6.0
[2019.03.20-20.18.37:068][  0]LogSlate: SlateFontServices - WITH_FREETYPE: 1, WITH_HARFBUZZ: 1
[2019.03.20-20.18.37:171][  0]LogAssetRegistry: FAssetRegistry took 0.0261 seconds to start up
[2019.03.20-20.18.37:506][  0]LogInit: Selected Device Profile: [Windows]
[2019.03.20-20.18.37:648][  0]LogSimplygon: Simplygon DLL not present - disabling.
[2019.03.20-20.18.37:653][  0]LogMeshReduction: Using SimplygonSwarm for distributed automatic mesh merging
[2019.03.20-20.18.37:653][  0]LogMeshReduction: Using ProxyLODMeshReduction for automatic mesh merging
[2019.03.20-20.18.37:653][  0]LogMeshReduction: Using QuadricMeshReduction for automatic static mesh reduction
[2019.03.20-20.18.37:653][  0]LogMeshReduction: No automatic skeletal mesh reduction module available
[2019.03.20-20.18.37:670][  0]LogNetVersion: MyBegginner 1.0.0, NetCL: 4212847, EngineNetVer: 5, GameNetVer: 0 (Checksum: 1762572393)
[2019.03.20-20.18.38:386][  0]LogPackageLocalizationCache: Processed 11 localized package path(s) for 2 prioritized culture(s) in 0.156688 seconds
[2019.03.20-20.18.38:393][  0]LogUObjectArray: 38425 objects as part of root set at end of initial load.
[2019.03.20-20.18.38:393][  0]LogUObjectAllocator: 6690872 out of 0 bytes used by permanent object pool.
[2019.03.20-20.18.38:393][  0]LogUObjectArray: CloseDisregardForGC: 0/0 objects in disregard for GC pool
[2019.03.20-20.18.39:619][  0]LogTcpMessaging: Initializing TcpMessaging bridge
[2019.03.20-20.18.39:633][  0]LogUdpMessaging: Initializing bridge on interface 0.0.0.0:0 to multicast group 230.0.0.1:6666.
[2019.03.20-20.18.39:801][  0]SourceControl: Source control is disabled
[2019.03.20-20.18.39:801][  0]SourceControl: Source control is disabled
[2019.03.20-20.18.39:803][  0]SourceControl: Source control is disabled
[2019.03.20-20.18.39:805][  0]SourceControl: Source control is disabled
[2019.03.20-20.18.40:007][  0]LogAndroidPermission: UAndroidPermissionCallbackProxy::GetInstance
[2019.03.20-20.18.40:066][  0]LogOcInput: OculusInput pre-init called
[2019.03.20-20.18.40:131][  0]LogEngine: Initializing Engine...
[2019.03.20-20.18.40:133][  0]LogHMD: Failed to initialize OpenVR with code 110
[2019.03.20-20.18.40:134][  0]LogStats: UGameplayTagsManager::ConstructGameplayTagTree: ImportINI prefixes -  0.000 s
[2019.03.20-20.18.40:134][  0]LogStats: UGameplayTagsManager::ConstructGameplayTagTree: Construct from data asset -  0.000 s
[2019.03.20-20.18.40:134][  0]LogStats: UGameplayTagsManager::ConstructGameplayTagTree: ImportINI -  0.000 s
[2019.03.20-20.18.40:134][  0]LogStats: UGameplayTagsManager::ConstructGameplayTagTree: GameplayTagTreeChangedEvent.Broadcast -  0.000 s
[2019.03.20-20.18.40:363][  0]LogInit: Initializing FReadOnlyCVARCache
[2019.03.20-20.18.40:379][  0]LogAIModule: Creating AISystem for world Untitled
[2019.03.20-20.18.40:546][  0]LogInit: XAudio2 using 'Speakers (Realtek(R) Audio)' : 2 channels at 48 kHz using 32 bits per sample (channel mask 0x3)
[2019.03.20-20.18.40:610][  0]LogInit: FAudioDevice initialized.
[2019.03.20-20.18.40:610][  0]LogNetVersion: Set ProjectVersion to 1.0.0.0. Version Checksum will be recalculated on next use.
[2019.03.20-20.18.40:679][  0]LogDerivedDataCache: Saved boot cache 0.07s 71MB C:/Users/db11000454/AppData/Local/UnrealEngine/4.20/DerivedDataCache/Boot.ddc.
[2019.03.20-20.18.40:685][  0]LogInit: Texture streaming: Enabled
[2019.03.20-20.18.40:709][  0]LogEngineSessionManager: EngineSessionManager initialized
[2019.03.20-20.18.40:724][  0]LogInit: Transaction tracking system initialized
[2019.03.20-20.18.40:751][  0]BlueprintLog: New page: Editor Load
[2019.03.20-20.18.40:845][  0]LocalizationService: Localization service is disabled
[2019.03.20-20.18.41:215][  0]LogCook: Display: Max memory allowance for cook 16384mb min free memory 0mb
[2019.03.20-20.18.41:215][  0]LogCook: Display: Mobile HDR setting 1
[2019.03.20-20.18.41:215][  0]LogGameplayTags: Display: UGameplayTagsManager::DoneAddingNativeTags. DelegateIsBound: 0
[2019.03.20-20.18.41:215][  0]LogStats: UGameplayTagsManager::ConstructGameplayTagTree: ImportINI prefixes -  0.000 s
[2019.03.20-20.18.41:215][  0]LogStats: UGameplayTagsManager::ConstructGameplayTagTree: Construct from data asset -  0.000 s
[2019.03.20-20.18.41:215][  0]LogStats: UGameplayTagsManager::ConstructGameplayTagTree: ImportINI -  0.000 s
[2019.03.20-20.18.41:215][  0]LogStats: UGameplayTagsManager::ConstructGameplayTagTree: GameplayTagTreeChangedEvent.Broadcast -  0.000 s
[2019.03.20-20.18.41:359][  0]LogFileCache: Scanning file cache for directory 'C:/Users/db11000454/Documents/Unreal Projects/MyBegginner/Content/' took 0.02s
[2019.03.20-20.18.41:359][  0]SourceControl: Source control is disabled
[2019.03.20-20.18.41:359][  0]Cmd: MAP LOAD FILE="../../../../../../Users/db11000454/Documents/Unreal Projects/MyBegginner/Content/FirstPersonBP/Maps/FirstPersonExampleMap.umap" TEMPLATE=0 SHOWPROGRESS=1 FEATURELEVEL=3
[2019.03.20-20.18.41:362][  0]LightingResults: New page: Lighting Build
[2019.03.20-20.18.41:365][  0]MapCheck: New page: Map Check
[2019.03.20-20.18.41:365][  0]LightingResults: New page: Lighting Build
[2019.03.20-20.18.41:907][  0]LogAIModule: Creating AISystem for world FirstPersonExampleMap
[2019.03.20-20.18.41:918][  0]LogEditorServer: Finished looking for orphan Actors (0.000 secs)
[2019.03.20-20.18.41:944][  0]Cmd: MAP CHECKDEP NOCLEARLOG
[2019.03.20-20.18.42:104][  0]MapCheck: Map check complete: 0 Error(s), 0 Warning(s), took 160.69ms to complete.
[2019.03.20-20.18.42:104][  0]LogFileHelpers: Loading map 'FirstPersonExampleMap' took 0.745
[2019.03.20-20.18.42:214][  0]LogSlate: Updating window title bar state: overlay mode, drag disabled, window buttons hidden, title bar hidden
[2019.03.20-20.18.42:225][  0]LogSlate: Updating window title bar state: overlay mode, drag disabled, window buttons hidden, title bar hidden
[2019.03.20-20.18.42:233][  0]LogSlate: Updating window title bar state: overlay mode, drag disabled, window buttons hidden, title bar hidden
[2019.03.20-20.18.42:239][  0]LogSlate: Updating window title bar state: overlay mode, drag disabled, window buttons hidden, title bar hidden
[2019.03.20-20.18.42:248][  0]LogCollectionManager: Loaded 0 collections in 0.001712 seconds
[2019.03.20-20.18.42:294][  0]LogFileCache: Scanning file cache for directory 'C:/Users/db11000454/Documents/Unreal Projects/MyBegginner/Saved/Collections/' took 0.01s
[2019.03.20-20.18.42:294][  0]LogFileCache: Scanning file cache for directory 'C:/Users/db11000454/Documents/Unreal Projects/MyBegginner/Content/Developers/db11000454/Collections/' took 0.01s
[2019.03.20-20.18.42:294][  0]LogFileCache: Scanning file cache for directory 'C:/Users/db11000454/Documents/Unreal Projects/MyBegginner/Content/Collections/' took 0.01s
[2019.03.20-20.18.42:294][  0]LogCollectionManager: Rebuilt the GUID cache for 0 collections in 0.000000 seconds
[2019.03.20-20.18.42:303][  0]LogContentBrowser: Native class hierarchy populated in 0.0092 seconds. Added 2572 classes and 603 folders.
[2019.03.20-20.18.42:311][  0]LogContentBrowser: Native class hierarchy updated for 'WidgetCarousel' in 0.0003 seconds. Added 0 classes and 0 folders.
[2019.03.20-20.18.42:434][  0]LogContentBrowser: Native class hierarchy updated for 'AddContentDialog' in 0.0003 seconds. Added 0 classes and 0 folders.
[2019.03.20-20.18.42:461][  0]LogContentBrowser: Native class hierarchy updated for 'SceneOutliner' in 0.0003 seconds. Added 1 classes and 2 folders.
[2019.03.20-20.18.42:476][  0]LogSlate: Took 0.000515 seconds to synchronously load lazily loaded font '../../../Engine/Content/Slate/Fonts/Roboto-Regular.ttf' (155K)
[2019.03.20-20.18.42:478][  0]LogSlate: Took 0.000438 seconds to synchronously load lazily loaded font '../../../Engine/Content/Slate/Fonts/Roboto-Bold.ttf' (160K)
[2019.03.20-20.18.42:485][  0]LogSlate: Took 0.001447 seconds to synchronously load lazily loaded font '../../../Engine/Content/Editor/Slate/Fonts/FontAwesome.ttf' (139K)
[2019.03.20-20.18.42:590][  0]LogRenderer: Reallocating scene render targets to support 1208x576 Format 10 NumSamples 1 (Frame:1).
[2019.03.20-20.18.43:167][  0]LogContentBrowser: Native class hierarchy updated for 'HierarchicalLODOutliner' in 0.0003 seconds. Added 0 classes and 0 folders.
[2019.03.20-20.18.43:167][  0]LogLoad: (Engine Initialization) Total time: 10.61 seconds
[2019.03.20-20.18.43:167][  0]LogLoad: (Engine Initialization) Total Blueprint compile time: 0.00 seconds
[2019.03.20-20.18.43:177][  0]LogWindowsTextInputMethodSystem: Display: IME system now deactivated.
[2019.03.20-20.18.43:197][  0]LogContentStreaming: Texture pool size now 1000 MB
[2019.03.20-20.18.43:219][  0]LogSlate: Took 0.001549 seconds to synchronously load lazily loaded font '../../../Engine/Content/Slate/Fonts/Roboto-Light.ttf' (167K)
[2019.03.20-20.18.43:241][  1]LogAssetRegistry: Asset discovery search completed in 6.0918 seconds
[2019.03.20-20.18.43:243][  1]LogCollectionManager: Rebuilt the object cache for 0 collections in 0.000000 seconds (found 0 objects)
[2019.03.20-20.18.43:243][  1]LogCollectionManager: Fixed up redirectors for 0 collections in 0.000066 seconds (updated 0 objects)
[2019.03.20-20.18.48:586][110]LogSlate: FSceneViewport::OnFocusLost() reason 0
[2019.03.20-20.18.51:388][177]LogSlate: Took 0.000701 seconds to synchronously load lazily loaded font '../../../Engine/Content/Slate/Fonts/Roboto-Light.ttf' (167K)
[2019.03.20-20.18.51:618][177]LogAIModule: Creating AISystem for world Level_Chapater2
[2019.03.20-20.18.51:638][177]LogAssetEditorManager: Opening Asset editor for World /Game/maps/Level_Chapater2.Level_Chapater2
[2019.03.20-20.18.51:662][177]Cmd: MAP LOAD FILE="../../../../../../Users/db11000454/Documents/Unreal Projects/MyBegginner/Content/maps/Level_Chapater2.umap" TEMPLATE=0 SHOWPROGRESS=1 FEATURELEVEL=3
[2019.03.20-20.18.51:662][177]LightingResults: New page: Lighting Build
[2019.03.20-20.18.51:663][177]LoadErrors: New page: Loading map: Level_Chapater2.umap
[2019.03.20-20.18.51:664][177]MapCheck: New page: Map Check
[2019.03.20-20.18.51:664][177]LightingResults: New page: Lighting Build
[2019.03.20-20.18.51:768][177]LogEditorServer: Finished looking for orphan Actors (0.000 secs)
[2019.03.20-20.18.51:808][177]Cmd: MAP CHECKDEP NOCLEARLOG
[2019.03.20-20.18.51:970][177]MapCheck: Map check complete: 0 Error(s), 0 Warning(s), took 162.446ms to complete.
[2019.03.20-20.18.51:972][177]LogFileHelpers: Loading map 'Level_Chapater2' took 0.312
[2019.03.20-20.19.23:262][776]LogAssetEditorManager: Opening Asset editor for World /Game/maps/Level_Chapater2.Level_Chapater2
[2019.03.20-20.19.23:311][776]Cmd: MAP LOAD FILE="../../../../../../Users/db11000454/Documents/Unreal Projects/MyBegginner/Content/maps/Level_Chapater2.umap" TEMPLATE=0 SHOWPROGRESS=1 FEATURELEVEL=3
[2019.03.20-20.19.23:311][776]LightingResults: New page: Lighting Build
[2019.03.20-20.19.23:312][776]LoadErrors: New page: Loading map: Level_Chapater2.umap
[2019.03.20-20.19.23:313][776]MapCheck: New page: Map Check
[2019.03.20-20.19.23:313][776]LightingResults: New page: Lighting Build
[2019.03.20-20.19.23:435][776]LogAIModule: Creating AISystem for world Level_Chapater2
[2019.03.20-20.19.23:484][776]LogEditorServer: Finished looking for orphan Actors (0.000 secs)
[2019.03.20-20.19.23:526][776]Cmd: MAP CHECKDEP NOCLEARLOG
[2019.03.20-20.19.23:688][776]MapCheck: Map check complete: 0 Error(s), 0 Warning(s), took 162.045ms to complete.
[2019.03.20-20.19.23:689][776]LogFileHelpers: Loading map 'Level_Chapater2' took 0.379
[2019.03.20-20.19.28:696][870]LogAssetEditorManager: Opening Asset editor for World /Game/maps/Level_Chapater2.Level_Chapater2
[2019.03.20-20.19.28:734][870]Cmd: MAP LOAD FILE="../../../../../../Users/db11000454/Documents/Unreal Projects/MyBegginner/Content/maps/Level_Chapater2.umap" TEMPLATE=0 SHOWPROGRESS=1 FEATURELEVEL=3
[2019.03.20-20.19.28:734][870]LightingResults: New page: Lighting Build
[2019.03.20-20.19.28:735][870]LoadErrors: New page: Loading map: Level_Chapater2.umap
[2019.03.20-20.19.28:745][870]MapCheck: New page: Map Check
[2019.03.20-20.19.28:745][870]LightingResults: New page: Lighting Build
[2019.03.20-20.19.28:864][870]LogAIModule: Creating AISystem for world Level_Chapater2
[2019.03.20-20.19.28:915][870]LogEditorServer: Finished looking for orphan Actors (0.000 secs)
[2019.03.20-20.19.28:958][870]Cmd: MAP CHECKDEP NOCLEARLOG
[2019.03.20-20.19.29:120][870]MapCheck: Map check complete: 0 Error(s), 0 Warning(s), took 161.816ms to complete.
[2019.03.20-20.19.29:121][870]LogFileHelpers: Loading map 'Level_Chapater2' took 0.391
[2019.03.20-20.19.36:663][  3]LogSlate: FSceneViewport::OnFocusLost() reason 0
