Log file open, 04/03/19 14:15:02
LogWindows: Failed to load 'aqProf.dll' (GetLastError=126)
LogWindows: File 'aqProf.dll' does not exist
LogWindows: Failed to load 'VSPerf140.dll' (GetLastError=126)
LogWindows: File 'VSPerf140.dll' does not exist
LogWindows: Failed to load 'VtuneApi.dll' (GetLastError=126)
LogWindows: File 'VtuneApi.dll' does not exist
LogWindows: Failed to load 'VtuneApi32e.dll' (GetLastError=126)
LogWindows: File 'VtuneApi32e.dll' does not exist
LogInit: Display: Running engine for game: MyBegginner2
LogPlatformFile: Not using cached read wrapper
LogTaskGraph: Started task graph with 5 named threads and 14 total threads with 3 sets of task threads.
LogStats: Stats thread started at 0.194143
LogD3D11RHI: Loaded GFSDK_Aftermath_Lib.x64.dll
LogICUInternationalization: Display: ICU TimeZone Detection - Raw Offset: -8:00, Platform Override: ''
LogPluginManager: Mounting plugin Paper2D
LogPluginManager: Mounting plugin AISupport
LogPluginManager: Mounting plugin LightPropagationVolume
LogPluginManager: Mounting plugin CLionSourceCodeAccess
LogPluginManager: Mounting plugin CodeLiteSourceCodeAccess
LogPluginManager: Mounting plugin GitSourceControl
LogPluginManager: Mounting plugin KDevelopSourceCodeAccess
LogPluginManager: Mounting plugin NullSourceCodeAccess
LogPluginManager: Mounting plugin PerforceSourceControl
LogPluginManager: Mounting plugin SubversionSourceControl
LogPluginManager: Mounting plugin UObjectPlugin
LogPluginManager: Mounting plugin VisualStudioCodeSourceCodeAccess
LogPluginManager: Mounting plugin VisualStudioSourceCodeAccess
LogPluginManager: Mounting plugin XCodeSourceCodeAccess
LogPluginManager: Mounting plugin AssetManagerEditor
LogPluginManager: Mounting plugin CryptoKeys
LogPluginManager: Mounting plugin DataValidation
LogPluginManager: Mounting plugin FacialAnimation
LogPluginManager: Mounting plugin GameplayTagsEditor
LogPluginManager: Mounting plugin MacGraphicsSwitching
LogPluginManager: Mounting plugin MeshEditor
LogPluginManager: Mounting plugin MobileLauncherProfileWizard
LogPluginManager: Mounting plugin PluginBrowser
LogPluginManager: Mounting plugin SpeedTreeImporter
LogPluginManager: Mounting plugin DatasmithContent
LogPluginManager: Mounting plugin AlembicImporter
LogPluginManager: Mounting plugin AppleImageUtils
LogPluginManager: Mounting plugin AppleVision
LogPluginManager: Mounting plugin BackChannel
LogPluginManager: Mounting plugin CharacterAI
LogPluginManager: Mounting plugin GeometryCache
LogPluginManager: Mounting plugin HTML5Networking
LogPluginManager: Mounting plugin ProxyLODPlugin
LogPluginManager: Mounting plugin MagicLeap
LogPluginManager: Mounting plugin MagicLeapEmulator
LogPluginManager: Mounting plugin MagicLeapMedia
LogPluginManager: Mounting plugin AndroidMedia
LogPluginManager: Mounting plugin AvfMedia
LogPluginManager: Mounting plugin ImgMedia
LogPluginManager: Mounting plugin LinearTimecode
LogPluginManager: Mounting plugin MediaCompositing
LogPluginManager: Mounting plugin MediaPlayerEditor
LogPluginManager: Mounting plugin WmfMedia
LogPluginManager: Mounting plugin TcpMessaging
LogPluginManager: Mounting plugin UdpMessaging
LogPluginManager: Mounting plugin ActorSequence
LogPluginManager: Mounting plugin LevelSequenceEditor
LogPluginManager: Mounting plugin MatineeToLevelSequence
LogPluginManager: Mounting plugin NetcodeUnitTest
LogPluginManager: Mounting plugin NUTUnrealEngine4
LogPluginManager: Mounting plugin OnlineSubsystemGooglePlay
LogPluginManager: Mounting plugin OnlineSubsystemIOS
LogPluginManager: Mounting plugin OnlineSubsystem
LogPluginManager: Mounting plugin OnlineSubsystemNull
LogPluginManager: Mounting plugin OnlineSubsystemUtils
LogPluginManager: Mounting plugin LauncherChunkInstaller
LogPluginManager: Mounting plugin AndroidDeviceProfileSelector
LogPluginManager: Mounting plugin AndroidMoviePlayer
LogPluginManager: Mounting plugin AndroidPermission
LogPluginManager: Mounting plugin AppleMoviePlayer
LogPluginManager: Mounting plugin ArchVisCharacter
LogPluginManager: Mounting plugin AudioCapture
LogPluginManager: Mounting plugin CableComponent
LogPluginManager: Mounting plugin CustomMeshComponent
LogPluginManager: Mounting plugin EditableMesh
LogPluginManager: Mounting plugin ExampleDeviceProfileSelector
LogPluginManager: Mounting plugin GoogleCloudMessaging
LogPluginManager: Mounting plugin ImmediatePhysics
LogPluginManager: Mounting plugin IOSDeviceProfileSelector
LogPluginManager: Mounting plugin LinuxDeviceProfileSelector
LogPluginManager: Mounting plugin LocationServicesBPLibrary
LogPluginManager: Mounting plugin MobilePatchingUtils
LogPluginManager: Mounting plugin OculusVR
LogPluginManager: Plugin shader directory ../../../Engine/Plugins/Runtime/Oculus/OculusVR/Shaders found
LogPluginManager: Mapping shader source directory ../../../Engine/Plugins/Runtime/Oculus/OculusVR/Shaders to virtual directory /Plugin/OculusVR
LogPluginManager: Mounting plugin PhysXVehicles
LogPluginManager: Mounting plugin ProceduralMeshComponent
LogPluginManager: Mounting plugin RuntimePhysXCooking
LogPluginManager: Mounting plugin SteamVR
LogPluginManager: Mounting plugin WindowsMoviePlayer
LogStreaming: Display: Took  0.250s to configure plugins.
LogInit: Using libcurl 7.55.1-DEV
LogInit:  - built for x86_64-pc-win32
LogInit:  - supports SSL with OpenSSL/1.0.2h
LogInit:  - supports HTTP deflate (compression) using libz 1.2.8
LogInit:  - other features:
LogInit:      CURL_VERSION_SSL
LogInit:      CURL_VERSION_LIBZ
LogInit:      CURL_VERSION_IPV6
LogInit:      CURL_VERSION_ASYNCHDNS
LogInit:      CURL_VERSION_LARGEFILE
LogInit:      CURL_VERSION_IDN
LogInit:  CurlRequestOptions (configurable via config and command line):
LogInit:  - bVerifyPeer = false  - Libcurl will NOT verify peer certificate
LogInit:  - bUseHttpProxy = false  - Libcurl will NOT use HTTP proxy
LogInit:  - bDontReuseConnections = false  - Libcurl will reuse connections
LogInit:  - CertBundlePath = nullptr  - Libcurl will use whatever was configured at build time.
LogInit:  - MaxHostConnections = 16  - Libcurl will limit the number of connections to a host
LogInit:  - LocalHostAddr = Default
LogInit:  - BufferSize = 65536
LogInit: WinSock: version 1.1 (2.2), MaxSocks=32767, MaxUdp=65467
LogInit: Build: ++UE4+Release-4.20-CL-4369336
LogInit: Engine Version: 4.20.3-4369336+++UE4+Release-4.20
LogInit: Compatible Engine Version: 4.20.0-4212847+++UE4+Release-4.20
LogInit: Net CL: 4212847
LogInit: OS: Windows 10 (), CPU: Intel(R) Core(TM) i5-7400 CPU @ 3.00GHz, GPU: Intel(R) HD Graphics 630
LogInit: Compiled (64-bit): Sep 17 2018 12:26:19
LogInit: Compiled with Visual C++: 19.13.26129.00
LogInit: Build Configuration: Development
LogInit: Branch Name: ++UE4+Release-4.20
LogInit: Command Line: -EpicPortal  -epicusername="smallestgecko56" -epicuserid=3442e522aa2f447881023d2aa07f6e6a -epiclocale=en-US
LogInit: Base Directory: C:/Program Files/Epic Games/UE_4.20/Engine/Binaries/Win64/
LogInit: Installed Engine Build: 1
LogDevObjectVersion: Number of dev versions registered: 20
LogDevObjectVersion:   Dev-Blueprints (B0D832E4-1F89-4F0D-ACCF-7EB736FD4AA2): 10
LogDevObjectVersion:   Dev-Build (E1C64328-A22C-4D53-A36C-8E866417BD8C): 0
LogDevObjectVersion:   Dev-Core (375EC13C-06E4-48FB-B500-84F0262A717E): 2
LogDevObjectVersion:   Dev-Editor (E4B068ED-F494-42E9-A231-DA0B2E46BB41): 24
LogDevObjectVersion:   Dev-Framework (CFFC743F-43B0-4480-9391-14DF171D2073): 34
LogDevObjectVersion:   Dev-Mobile (B02B49B5-BB20-44E9-A304-32B752E40360): 2
LogDevObjectVersion:   Dev-Networking (A4E4105C-59A1-49B5-A7C5-40C4547EDFEE): 0
LogDevObjectVersion:   Dev-Online (39C831C9-5AE6-47DC-9A44-9C173E1C8E7C): 0
LogDevObjectVersion:   Dev-Physics (78F01B33-EBEA-4F98-B9B4-84EACCB95AA2): 0
LogDevObjectVersion:   Dev-Platform (6631380F-2D4D-43E0-8009-CF276956A95A): 0
LogDevObjectVersion:   Dev-Rendering (12F88B9F-8875-4AFC-A67C-D90C383ABD29): 26
LogDevObjectVersion:   Dev-Sequencer (7B5AE74C-D270-4C10-A958-57980B212A5A): 9
LogDevObjectVersion:   Dev-VR (D7296918-1DD6-4BDD-9DE2-64A83CC13884): 2
LogDevObjectVersion:   Dev-LoadTimes (C2A15278-BFE7-4AFE-6C17-90FF531DF755): 1
LogDevObjectVersion:   Private-Geometry (6EACA3D4-40EC-4CC1-B786-8BED09428FC5): 3
LogDevObjectVersion:   Dev-AnimPhys (29E575DD-E0A3-4627-9D10-D276232CDCEA): 17
LogDevObjectVersion:   Dev-ReflectionCapture (6B266CEC-1EC7-4B8F-A30B-E4D90942FC07): 1
LogDevObjectVersion:   Dev-Automation (0DF73D61-A23F-47EA-B727-89E90C41499A): 1
LogDevObjectVersion:   FortniteMain (601D1886-AC64-4F84-AA16-D3DE0DEAC7D6): 12
LogDevObjectVersion:   Dev-Enterprise (9DFFBCD6-494F-0158-E221-12823C92A888): 1
LogStreaming: Display: Took  0.001s to delete old logs.
LogInit: Presizing for max 8388607 objects, including 0 objects not considered by GC, pre-allocating 0 bytes for permanent pool.
LogInit: Object subsystem initialized
[2019.04.03-21.15.02:832][  0]LogInit: Selected Device Profile: [Windows]
[2019.04.03-21.15.02:832][  0]LogInit: Applying CVar settings loaded from the selected device profile: [Windows]
[2019.04.03-21.15.02:844][  0]LogHAL: Display: Platform has ~ 8 GB [8492687360 / 8589934592 / 8], which maps to Default [LargestMinGB=32, LargerMinGB=12, DefaultMinGB=8, SmallerMinGB=6, SmallestMinGB=0)
[2019.04.03-21.15.02:844][  0]LogInit: Setting Device Profile CVar: [[r.Vulkan.UseRealUBs:1]]
[2019.04.03-21.15.02:844][  0]LogInit: Going up to parent DeviceProfile []
[2019.04.03-21.15.02:844][  0]LogInit: Computer: ESHSD-SD00345
[2019.04.03-21.15.02:844][  0]LogInit: User: db11000454
[2019.04.03-21.15.02:844][  0]LogInit: CPU Page size=4096, Cores=4
[2019.04.03-21.15.02:844][  0]LogInit: High frequency timer resolution =2.929685 MHz
[2019.04.03-21.15.02:844][  0]LogMemory: Memory total: Physical=7.9GB (8GB approx)
[2019.04.03-21.15.02:844][  0]LogMemory: Platform Memory Stats for Windows
[2019.04.03-21.15.02:844][  0]LogMemory: Process Physical Memory: 100.38 MB used, 100.38 MB peak
[2019.04.03-21.15.02:845][  0]LogMemory: Process Virtual Memory: 84.22 MB used, 84.22 MB peak
[2019.04.03-21.15.02:845][  0]LogMemory: Physical Memory: 3679.92 MB used,  4419.34 MB free, 8099.26 MB total
[2019.04.03-21.15.02:845][  0]LogMemory: Virtual Memory: 4625.43 MB used,  4419.34 MB free, 134217728.00 MB total
[2019.04.03-21.15.02:867][  0]LogInit: Using OS detected language (en-US).
[2019.04.03-21.15.02:867][  0]LogInit: Using OS detected locale (en-US).
[2019.04.03-21.15.02:868][  0]LogTextLocalizationManager: No specific localization for 'en-US' exists, so the 'en' localization will be used.
[2019.04.03-21.15.03:227][  0]LogStreaming: Display: Took  0.360s to InitEngineTextLocalization.
[2019.04.03-21.15.03:227][  0]LogInit: Setting process to per monitor DPI aware
[2019.04.03-21.15.03:260][  0]LogSlate: New Slate User Created.  User Index 0, Is Virtual User: 0
[2019.04.03-21.15.03:260][  0]LogSlate: Slate User Registered.  User Index 0, Is Virtual User: 0
[2019.04.03-21.15.03:628][  0]LogHMD: Failed to initialize OpenVR with code 110
[2019.04.03-21.15.03:628][  0]LogD3D11RHI: D3D11 adapters:
[2019.04.03-21.15.03:665][  0]LogD3D11RHI:    0. 'Intel(R) HD Graphics 630' (Feature Level 11_0)
[2019.04.03-21.15.03:665][  0]LogD3D11RHI:       128/0/4049 MB DedicatedVideo/DedicatedSystem/SharedSystem, Outputs:1, VendorId:0x8086
[2019.04.03-21.15.03:669][  0]LogD3D11RHI:    1. 'Microsoft Basic Render Driver' (Feature Level 11_0)
[2019.04.03-21.15.03:669][  0]LogD3D11RHI:       0/0/4049 MB DedicatedVideo/DedicatedSystem/SharedSystem, Outputs:0, VendorId:0x1414
[2019.04.03-21.15.03:669][  0]LogD3D11RHI: Chosen D3D11 Adapter: 0
[2019.04.03-21.15.03:674][  0]LogD3D11RHI: Creating new Direct3DDevice
[2019.04.03-21.15.03:674][  0]LogD3D11RHI:     GPU DeviceId: 0x5912 (for the marketing name, search the web for "GPU Device Id")
[2019.04.03-21.15.03:674][  0]LogWindows: EnumDisplayDevices:
[2019.04.03-21.15.03:674][  0]LogWindows:    0. 'Intel(R) HD Graphics 630' (P:1 D:1)
[2019.04.03-21.15.03:674][  0]LogWindows:    1. 'Intel(R) HD Graphics 630' (P:0 D:0)
[2019.04.03-21.15.03:675][  0]LogWindows:    2. 'Intel(R) HD Graphics 630' (P:0 D:0)
[2019.04.03-21.15.03:675][  0]LogWindows: DebugString: FoundDriverCount:3 
[2019.04.03-21.15.03:675][  0]LogD3D11RHI:     Adapter Name: Intel(R) HD Graphics 630
[2019.04.03-21.15.03:675][  0]LogD3D11RHI:   Driver Version: 24.20.100.6286 (internal:24.20.100.6286, unified:24.20.100.6286)
[2019.04.03-21.15.03:675][  0]LogD3D11RHI:      Driver Date: 8-15-2018
[2019.04.03-21.15.03:675][  0]LogRHI: Texture pool is 1506 MB (70% of 2152 MB)
[2019.04.03-21.15.03:709][  0]LogD3D11RHI: Async texture creation enabled
[2019.04.03-21.15.03:714][  0]LogD3D11RHI: GPU Timing Frequency: 12.000048 (Debug: 2 0)
[2019.04.03-21.15.03:716][  0]LogShaderCompilers: Guid format shader working directory is -33 characters bigger than the processId version (../../../../../../Users/db11000454/Documents/Unreal Projects/MyBegginner2/UnrealGame/Intermediate/Shaders/WorkingDirectory/1184/).
[2019.04.03-21.15.03:716][  0]LogShaderCompilers: Cleaned the shader compiler working directory 'C:/Users/db11000454/AppData/Local/Temp/UnrealShaderWorkingDir/D5D03FB44FEBC62864DE7C970A6CC274/'.
[2019.04.03-21.15.04:089][  0]LogTemp: Display: Loaded TP AllDesktopTargetPlatform
[2019.04.03-21.15.04:103][  0]LogTemp: Display: Loaded TP MacClientTargetPlatform
[2019.04.03-21.15.04:118][  0]LogTemp: Display: Loaded TP MacNoEditorTargetPlatform
[2019.04.03-21.15.04:132][  0]LogTemp: Display: Loaded TP MacServerTargetPlatform
[2019.04.03-21.15.04:147][  0]LogTemp: Display: Loaded TP MacTargetPlatform
[2019.04.03-21.15.04:161][  0]LogTemp: Display: Loaded TP WindowsClientTargetPlatform
[2019.04.03-21.15.04:175][  0]LogTemp: Display: Loaded TP WindowsNoEditorTargetPlatform
[2019.04.03-21.15.04:189][  0]LogTemp: Display: Loaded TP WindowsServerTargetPlatform
[2019.04.03-21.15.04:196][  0]LogTemp: Display: Loaded TP WindowsTargetPlatform
[2019.04.03-21.15.04:280][  0]LogTemp: Display: Loaded TP AndroidTargetPlatform
[2019.04.03-21.15.04:280][  0]LogTemp: Display: Loaded TP AndroidTargetPlatform
[2019.04.03-21.15.04:280][  0]LogTemp: Display: Loaded TP AndroidTargetPlatform
[2019.04.03-21.15.04:280][  0]LogTemp: Display: Loaded TP AndroidTargetPlatform
[2019.04.03-21.15.04:280][  0]LogTemp: Display: Loaded TP AndroidTargetPlatform
[2019.04.03-21.15.04:280][  0]LogTemp: Display: Loaded TP AndroidTargetPlatform
[2019.04.03-21.15.04:280][  0]LogTemp: Display: Loaded TP AndroidTargetPlatform
[2019.04.03-21.15.04:280][  0]LogTemp: Display: Loaded TP AndroidTargetPlatform
[2019.04.03-21.15.04:280][  0]LogTemp: Display: Loaded TP AndroidTargetPlatform
[2019.04.03-21.15.04:280][  0]LogTemp: Display: Loaded TP AndroidTargetPlatform
[2019.04.03-21.15.04:280][  0]LogTemp: Display: Loaded TP AndroidTargetPlatform
[2019.04.03-21.15.04:280][  0]LogTemp: Display: Loaded TP AndroidTargetPlatform
[2019.04.03-21.15.04:280][  0]LogTemp: Display: Loaded TP AndroidTargetPlatform
[2019.04.03-21.15.04:280][  0]LogTemp: Display: Loaded TP AndroidTargetPlatform
[2019.04.03-21.15.04:280][  0]LogTemp: Display: Loaded TP AndroidTargetPlatform
[2019.04.03-21.15.04:280][  0]LogTemp: Display: Loaded TP AndroidTargetPlatform
[2019.04.03-21.15.04:280][  0]LogTemp: Display: Loaded TP AndroidTargetPlatform
[2019.04.03-21.15.04:280][  0]LogTemp: Display: Loaded TP AndroidTargetPlatform
[2019.04.03-21.15.04:282][  0]LogTemp: Display: Loaded TP HTML5TargetPlatform
[2019.04.03-21.15.04:350][  0]LogTemp: Display: Loaded TP IOSTargetPlatform
[2019.04.03-21.15.04:350][  0]LogTemp: Display: Loaded TP IOSTargetPlatform
[2019.04.03-21.15.04:375][  0]LogTemp: Display: Loaded TP TVOSTargetPlatform
[2019.04.03-21.15.04:375][  0]LogTemp: Display: Loaded TP TVOSTargetPlatform
[2019.04.03-21.15.04:388][  0]LogTemp: Display: Loaded TP LinuxClientTargetPlatform
[2019.04.03-21.15.04:401][  0]LogTemp: Display: Loaded TP LinuxNoEditorTargetPlatform
[2019.04.03-21.15.04:414][  0]LogTemp: Display: Loaded TP LinuxServerTargetPlatform
[2019.04.03-21.15.04:428][  0]LogTemp: Display: Loaded TP LinuxTargetPlatform
[2019.04.03-21.15.04:438][  0]LogTemp: Display: Loaded TP LuminTargetPlatform
[2019.04.03-21.15.04:438][  0]LogTargetPlatformManager: Display: Building Assets For Windows
[2019.04.03-21.15.04:509][  0]LogXGEController: Cannot use XGE Controller as Incredibuild is not installed on this machine.
[2019.04.03-21.15.04:509][  0]LogShaderCompilers: Cannot use XGE Shader Compiler as Incredibuild is not installed on this machine.
[2019.04.03-21.15.04:509][  0]LogShaderCompilers: Display: Using Local Shader Compiler.
[2019.04.03-21.15.05:367][  0]LogDerivedDataCache: Display: Max Cache Size: 512 MB
[2019.04.03-21.15.05:422][  0]LogDerivedDataCache: Loaded boot cache 0.05s 71MB C:/Users/db11000454/AppData/Local/UnrealEngine/4.20/DerivedDataCache/Boot.ddc.
[2019.04.03-21.15.05:422][  0]LogDerivedDataCache: Display: Loaded Boot cache: C:/Users/db11000454/AppData/Local/UnrealEngine/4.20/DerivedDataCache/Boot.ddc
[2019.04.03-21.15.05:422][  0]LogDerivedDataCache: FDerivedDataBackendGraph:  Pak pak cache file ../../../../../../Users/db11000454/Documents/Unreal Projects/MyBegginner2/UnrealGame/DerivedDataCache/DDC.ddp not found, will not use a pak cache.
[2019.04.03-21.15.05:422][  0]LogDerivedDataCache: Unable to find inner node Pak for hierarchical cache Hierarchy.
[2019.04.03-21.15.05:422][  0]LogDerivedDataCache: FDerivedDataBackendGraph:  CompressedPak pak cache file ../../../../../../Users/db11000454/Documents/Unreal Projects/MyBegginner2/UnrealGame/DerivedDataCache/Compressed.ddp not found, will not use a pak cache.
[2019.04.03-21.15.05:422][  0]LogDerivedDataCache: Unable to find inner node CompressedPak for hierarchical cache Hierarchy.
[2019.04.03-21.15.05:436][  0]LogDerivedDataCache: Display: Pak cache opened for reading ../../../Engine/DerivedDataCache/Compressed.ddp.
[2019.04.03-21.15.05:449][  0]LogDerivedDataCache: Using Local data cache path C:/Users/db11000454/AppData/Local/UnrealEngine/Common/DerivedDataCache: Writable
[2019.04.03-21.15.05:449][  0]LogDerivedDataCache: Shared data cache path not found in *engine.ini, will not use an Shared cache.
[2019.04.03-21.15.05:449][  0]LogDerivedDataCache: Unable to find inner node Shared for hierarchical cache Hierarchy.
[2019.04.03-21.15.05:471][  0]LogMaterial: Verifying Global Shaders for PCD3D_SM5
[2019.04.03-21.15.05:472][  0]LogSlate: Using FreeType 2.6.0
[2019.04.03-21.15.05:474][  0]LogSlate: SlateFontServices - WITH_FREETYPE: 1, WITH_HARFBUZZ: 1
[2019.04.03-21.15.05:574][  0]LogAssetRegistry: FAssetRegistry took 0.0261 seconds to start up
[2019.04.03-21.15.05:911][  0]LogInit: Selected Device Profile: [Windows]
[2019.04.03-21.15.06:046][  0]LogSimplygon: Simplygon DLL not present - disabling.
[2019.04.03-21.15.06:050][  0]LogMeshReduction: Using SimplygonSwarm for distributed automatic mesh merging
[2019.04.03-21.15.06:050][  0]LogMeshReduction: Using ProxyLODMeshReduction for automatic mesh merging
[2019.04.03-21.15.06:050][  0]LogMeshReduction: Using QuadricMeshReduction for automatic static mesh reduction
[2019.04.03-21.15.06:050][  0]LogMeshReduction: No automatic skeletal mesh reduction module available
[2019.04.03-21.15.06:067][  0]LogNetVersion: MyBegginner2 1.0.0, NetCL: 4212847, EngineNetVer: 5, GameNetVer: 0 (Checksum: 1216330280)
[2019.04.03-21.15.06:654][  0]LogPackageLocalizationCache: Processed 11 localized package path(s) for 2 prioritized culture(s) in 0.151063 seconds
[2019.04.03-21.15.06:660][  0]LogUObjectArray: 38425 objects as part of root set at end of initial load.
[2019.04.03-21.15.06:660][  0]LogUObjectAllocator: 6690872 out of 0 bytes used by permanent object pool.
[2019.04.03-21.15.06:660][  0]LogUObjectArray: CloseDisregardForGC: 0/0 objects in disregard for GC pool
[2019.04.03-21.15.07:836][  0]LogTcpMessaging: Initializing TcpMessaging bridge
[2019.04.03-21.15.07:851][  0]LogUdpMessaging: Initializing bridge on interface 0.0.0.0:0 to multicast group 230.0.0.1:6666.
[2019.04.03-21.15.08:013][  0]SourceControl: Source control is disabled
[2019.04.03-21.15.08:013][  0]SourceControl: Source control is disabled
[2019.04.03-21.15.08:015][  0]SourceControl: Source control is disabled
[2019.04.03-21.15.08:017][  0]SourceControl: Source control is disabled
[2019.04.03-21.15.08:215][  0]LogAndroidPermission: UAndroidPermissionCallbackProxy::GetInstance
[2019.04.03-21.15.08:270][  0]LogOcInput: OculusInput pre-init called
[2019.04.03-21.15.08:332][  0]LogEngine: Initializing Engine...
[2019.04.03-21.15.08:333][  0]LogHMD: Failed to initialize OpenVR with code 110
[2019.04.03-21.15.08:335][  0]LogStats: UGameplayTagsManager::ConstructGameplayTagTree: ImportINI prefixes -  0.000 s
[2019.04.03-21.15.08:335][  0]LogStats: UGameplayTagsManager::ConstructGameplayTagTree: Construct from data asset -  0.000 s
[2019.04.03-21.15.08:335][  0]LogStats: UGameplayTagsManager::ConstructGameplayTagTree: ImportINI -  0.000 s
[2019.04.03-21.15.08:335][  0]LogStats: UGameplayTagsManager::ConstructGameplayTagTree: GameplayTagTreeChangedEvent.Broadcast -  0.000 s
[2019.04.03-21.15.08:673][  0]LogInit: Initializing FReadOnlyCVARCache
[2019.04.03-21.15.08:687][  0]LogAIModule: Creating AISystem for world Untitled
[2019.04.03-21.15.08:695][  0]LogInit: XAudio2 using 'Speakers (Realtek(R) Audio)' : 2 channels at 48 kHz using 32 bits per sample (channel mask 0x3)
[2019.04.03-21.15.08:756][  0]LogInit: FAudioDevice initialized.
[2019.04.03-21.15.08:756][  0]LogNetVersion: Set ProjectVersion to 1.0.0.0. Version Checksum will be recalculated on next use.
[2019.04.03-21.15.08:816][  0]LogDerivedDataCache: Saved boot cache 0.06s 71MB C:/Users/db11000454/AppData/Local/UnrealEngine/4.20/DerivedDataCache/Boot.ddc.
[2019.04.03-21.15.08:819][  0]LogInit: Texture streaming: Enabled
[2019.04.03-21.15.08:839][  0]LogEngineSessionManager: EngineSessionManager initialized
[2019.04.03-21.15.08:854][  0]LogInit: Transaction tracking system initialized
[2019.04.03-21.15.08:878][  0]BlueprintLog: New page: Editor Load
[2019.04.03-21.15.08:972][  0]LocalizationService: Localization service is disabled
[2019.04.03-21.15.09:635][  0]LogCook: Display: Max memory allowance for cook 16384mb min free memory 0mb
[2019.04.03-21.15.09:635][  0]LogCook: Display: Mobile HDR setting 1
[2019.04.03-21.15.09:636][  0]LogGameplayTags: Display: UGameplayTagsManager::DoneAddingNativeTags. DelegateIsBound: 0
[2019.04.03-21.15.09:636][  0]LogStats: UGameplayTagsManager::ConstructGameplayTagTree: ImportINI prefixes -  0.000 s
[2019.04.03-21.15.09:636][  0]LogStats: UGameplayTagsManager::ConstructGameplayTagTree: Construct from data asset -  0.000 s
[2019.04.03-21.15.09:636][  0]LogStats: UGameplayTagsManager::ConstructGameplayTagTree: ImportINI -  0.000 s
[2019.04.03-21.15.09:636][  0]LogStats: UGameplayTagsManager::ConstructGameplayTagTree: GameplayTagTreeChangedEvent.Broadcast -  0.000 s
[2019.04.03-21.15.09:779][  0]LogFileCache: Scanning file cache for directory 'C:/Users/db11000454/Documents/Unreal Projects/MyBegginner2/UnrealGame/Content/' took 0.02s
[2019.04.03-21.15.09:779][  0]SourceControl: Source control is disabled
[2019.04.03-21.15.09:779][  0]Cmd: MAP LOAD FILE="../../../../../../Users/db11000454/Documents/Unreal Projects/MyBegginner2/UnrealGame/Content/FirstPersonBP/Maps/FirstPersonExampleMap.umap" TEMPLATE=0 SHOWPROGRESS=1 FEATURELEVEL=3
[2019.04.03-21.15.09:781][  0]LightingResults: New page: Lighting Build
[2019.04.03-21.15.09:783][  0]MapCheck: New page: Map Check
[2019.04.03-21.15.09:784][  0]LightingResults: New page: Lighting Build
[2019.04.03-21.15.10:371][  0]LogAIModule: Creating AISystem for world FirstPersonExampleMap
[2019.04.03-21.15.10:393][  0]LogEditorServer: Finished looking for orphan Actors (0.000 secs)
[2019.04.03-21.15.10:418][  0]Cmd: MAP CHECKDEP NOCLEARLOG
[2019.04.03-21.15.10:565][  0]MapCheck: Map check complete: 0 Error(s), 0 Warning(s), took 146.265ms to complete.
[2019.04.03-21.15.10:565][  0]LogFileHelpers: Loading map 'FirstPersonExampleMap' took 0.786
[2019.04.03-21.15.10:694][  0]LogSlate: Updating window title bar state: overlay mode, drag disabled, window buttons hidden, title bar hidden
[2019.04.03-21.15.10:702][  0]LogSlate: Updating window title bar state: overlay mode, drag disabled, window buttons hidden, title bar hidden
[2019.04.03-21.15.10:710][  0]LogSlate: Updating window title bar state: overlay mode, drag disabled, window buttons hidden, title bar hidden
[2019.04.03-21.15.10:717][  0]LogSlate: Updating window title bar state: overlay mode, drag disabled, window buttons hidden, title bar hidden
[2019.04.03-21.15.10:732][  0]LogCollectionManager: Loaded 0 collections in 0.001581 seconds
[2019.04.03-21.15.10:792][  0]LogFileCache: Scanning file cache for directory 'C:/Users/db11000454/Documents/Unreal Projects/MyBegginner2/UnrealGame/Saved/Collections/' took 0.01s
[2019.04.03-21.15.10:792][  0]LogFileCache: Scanning file cache for directory 'C:/Users/db11000454/Documents/Unreal Projects/MyBegginner2/UnrealGame/Content/Developers/db11000454/Collections/' took 0.01s
[2019.04.03-21.15.10:792][  0]LogFileCache: Scanning file cache for directory 'C:/Users/db11000454/Documents/Unreal Projects/MyBegginner2/UnrealGame/Content/Collections/' took 0.01s
[2019.04.03-21.15.10:792][  0]LogCollectionManager: Rebuilt the GUID cache for 0 collections in 0.000000 seconds
[2019.04.03-21.15.10:804][  0]LogContentBrowser: Native class hierarchy populated in 0.0098 seconds. Added 2572 classes and 603 folders.
[2019.04.03-21.15.10:819][  0]LogContentBrowser: Native class hierarchy updated for 'WidgetCarousel' in 0.0002 seconds. Added 0 classes and 0 folders.
[2019.04.03-21.15.10:949][  0]LogContentBrowser: Native class hierarchy updated for 'AddContentDialog' in 0.0003 seconds. Added 0 classes and 0 folders.
[2019.04.03-21.15.10:972][  0]LogContentBrowser: Native class hierarchy updated for 'SceneOutliner' in 0.0003 seconds. Added 1 classes and 2 folders.
[2019.04.03-21.15.11:052][  0]LogContentBrowser: Native class hierarchy updated for 'HierarchicalLODOutliner' in 0.0003 seconds. Added 0 classes and 0 folders.
[2019.04.03-21.15.11:052][  0]LogLoad: (Engine Initialization) Total time: 10.06 seconds
[2019.04.03-21.15.11:052][  0]LogLoad: (Engine Initialization) Total Blueprint compile time: 0.00 seconds
[2019.04.03-21.15.11:062][  0]LogWindowsTextInputMethodSystem: Display: IME system now deactivated.
[2019.04.03-21.15.11:102][  0]LogContentStreaming: Texture pool size now 600 MB
[2019.04.03-21.15.11:103][  0]LogSlate: Took 0.000420 seconds to synchronously load lazily loaded font '../../../Engine/Content/Slate/Fonts/Roboto-Regular.ttf' (155K)
[2019.04.03-21.15.11:105][  0]LogSlate: Took 0.000333 seconds to synchronously load lazily loaded font '../../../Engine/Content/Slate/Fonts/Roboto-Bold.ttf' (160K)
[2019.04.03-21.15.11:111][  0]LogSlate: Took 0.001451 seconds to synchronously load lazily loaded font '../../../Engine/Content/Editor/Slate/Fonts/FontAwesome.ttf' (139K)
[2019.04.03-21.15.11:247][  1]LogRenderer: Reallocating scene render targets to support 804x360 Format 9 NumSamples 1 (Frame:1).
[2019.04.03-21.15.11:249][  1]LogFileCache: Retrieving MD5 hashes for directory 'C:/Users/db11000454/Documents/Unreal Projects/MyBegginner2/UnrealGame/Content/' took 0.17s
[2019.04.03-21.15.11:258][  1]LogAssetRegistry: Asset discovery search completed in 5.7059 seconds
[2019.04.03-21.15.11:261][  1]LogCollectionManager: Rebuilt the object cache for 0 collections in 0.000000 seconds (found 0 objects)
[2019.04.03-21.15.11:261][  1]LogCollectionManager: Fixed up redirectors for 0 collections in 0.000057 seconds (updated 0 objects)
[2019.04.03-21.15.14:100][118]LogSlate: Took 0.002828 seconds to synchronously load lazily loaded font '../../../Engine/Content/Slate/Fonts/Roboto-Light.ttf' (167K)
[2019.04.03-21.15.15:254][187]LogSlate: Took 0.000878 seconds to synchronously load lazily loaded font '../../../Engine/Content/Slate/Fonts/Roboto-Light.ttf' (167K)
[2019.04.03-21.15.34:272][328]LogSlate: FSceneViewport::OnFocusLost() reason 0
[2019.04.03-21.17.40:099][ 10]LogAIModule: Creating AISystem for world Level_Chapater2
[2019.04.03-21.17.40:122][ 10]LogAssetEditorManager: Opening Asset editor for World /Game/maps/Level_Chapater2.Level_Chapater2
[2019.04.03-21.17.40:147][ 10]Cmd: MAP LOAD FILE="../../../../../../Users/db11000454/Documents/Unreal Projects/MyBegginner2/UnrealGame/Content/maps/Level_Chapater2.umap" TEMPLATE=0 SHOWPROGRESS=1 FEATURELEVEL=3
[2019.04.03-21.17.40:147][ 10]LightingResults: New page: Lighting Build
[2019.04.03-21.17.40:147][ 10]LoadErrors: New page: Loading map: Level_Chapater2.umap
[2019.04.03-21.17.40:148][ 10]MapCheck: New page: Map Check
[2019.04.03-21.17.40:149][ 10]LightingResults: New page: Lighting Build
[2019.04.03-21.17.40:252][ 10]LogEditorServer: Finished looking for orphan Actors (0.000 secs)
[2019.04.03-21.17.40:293][ 10]Cmd: MAP CHECKDEP NOCLEARLOG
[2019.04.03-21.17.40:452][ 10]MapCheck: Map check complete: 0 Error(s), 0 Warning(s), took 159.815ms to complete.
[2019.04.03-21.17.40:454][ 10]LogFileHelpers: Loading map 'Level_Chapater2' took 0.308
[2019.04.03-21.18.36:270][791]LogSlate: FSceneViewport::OnFocusLost() reason 0
[2019.04.03-21.18.36:417][800]LogRenderer: Reallocating scene render targets to support 1208x576 Format 9 NumSamples 1 (Frame:2790).
[2019.04.03-21.25.28:303][209]LogFactory: FactoryCreateFile: StaticMesh with FbxFactory (0 0 ../../../../../../Users/db11000454/Documents/Unreal Projects/MyBegginner2/UnrealGame/Content/Geometry/Meshes/Rock_6_FREE/Rock_6/Rock_6.OBJ)
[2019.04.03-21.25.28:336][209]LogFbx: Loading FBX Scene from ../../../../../../Users/db11000454/Documents/Unreal Projects/MyBegginner2/UnrealGame/Content/Geometry/Meshes/Rock_6_FREE/Rock_6/Rock_6.OBJ
[2019.04.03-21.25.28:357][209]LogFbx: FBX Scene Loaded Succesfully
[2019.04.03-21.26.26:882][209]LogSlate: Window 'FBX Import Options' being destroyed
[2019.04.03-21.26.27:104][209]LogMaterial: Display: Missing cached shader map for material Rock_6Mat, compiling. 
[2019.04.03-21.26.27:156][209]LogShaderCompilers: Display: Shaders left to compile 22
[2019.04.03-21.26.27:156][209]LogShaderCompilers: Display: Shaders left to compile 12
[2019.04.03-21.26.27:156][209]LogShaderCompilers: Display: Shaders left to compile 2
[2019.04.03-21.26.27:156][209]LogFbx: Warning: Triangulating static mesh Rock_6
[2019.04.03-21.26.27:287][209]LogStaticMesh: Building static mesh Rock_6...
[2019.04.03-21.26.27:394][209]LogStaticMesh: Built static mesh [0.11s] /Game/Geometry/Meshes/Rock_6.Rock_6
[2019.04.03-21.26.30:137][253]LogAssetEditorManager: Opening Asset editor for StaticMesh /Game/Geometry/Meshes/Rock_6.Rock_6
[2019.04.03-21.26.31:519][253]LogRenderer: Reallocating scene render targets to support 1432x924 Format 9 NumSamples 1 (Frame:1).
[2019.04.03-21.26.31:519][253]LogSlate: Took 0.001359 seconds to synchronously load lazily loaded font '../../../Engine/Content/Slate/Fonts/Roboto-Italic.ttf' (157K)
[2019.04.03-21.27.21:048][739]LogSlate: FSceneViewport::OnFocusLost() reason 0
[2019.04.03-21.27.22:969][874]LogSlate: Window 'Rock_6*' being destroyed
[2019.04.03-21.27.31:674][966]LogAssetEditorManager: Opening Asset editor for Material /Game/Geometry/Meshes/Rock_6Mat.Rock_6Mat
[2019.04.03-21.27.31:679][966]LogMaterial: Display: Missing cached shader map for material Rock_6Mat, compiling. 
[2019.04.03-21.27.31:777][966]LogMaterial: Display: Missing cached shader map for material Rock_6Mat, compiling. 
[2019.04.03-21.27.31:793][966]LogMaterial: Display: Missing cached shader map for material Rock_6Mat, compiling. 
[2019.04.03-21.27.31:826][966]LogShaderCompilers: Display: Shaders left to compile 21
[2019.04.03-21.27.31:826][966]LogShaderCompilers: Display: Shaders left to compile 20
[2019.04.03-21.27.31:826][966]LogShaderCompilers: Display: Shaders left to compile 19
[2019.04.03-21.27.31:839][966]LogMaterial: Display: Missing cached shader map for material FMatExpressionPreview MaterialExpressionVectorParameter_0, compiling. 
[2019.04.03-21.27.31:878][966]LogSlate: Took 0.004738 seconds to synchronously load lazily loaded font '../../../Engine/Content/Slate/Fonts/Roboto-BoldCondensed.ttf' (158K)
[2019.04.03-21.27.33:165][983]LogShaderCompilers: Display: Shaders left to compile 20
[2019.04.03-21.27.33:283][985]LogShaderCompilers: Display: Shaders left to compile 19
[2019.04.03-21.27.33:326][985]LogShaderCompilers: Display: Shaders left to compile 18
[2019.04.03-21.27.33:708][990]LogShaderCompilers: Display: Shaders left to compile 17
[2019.04.03-21.27.33:931][993]LogShaderCompilers: Display: Shaders left to compile 16
[2019.04.03-21.27.33:957][993]LogShaderCompilers: Display: Shaders left to compile 15
[2019.04.03-21.27.34:336][998]LogShaderCompilers: Display: Shaders left to compile 14
[2019.04.03-21.27.34:367][999]LogShaderCompilers: Display: Shaders left to compile 13
[2019.04.03-21.27.34:526][  1]LogShaderCompilers: Display: Shaders left to compile 12
[2019.04.03-21.27.35:435][ 12]LogShaderCompilers: Display: Shaders left to compile 11
[2019.04.03-21.27.35:825][ 17]LogShaderCompilers: Display: Shaders left to compile 10
[2019.04.03-21.27.36:038][ 20]LogShaderCompilers: Display: Shaders left to compile 9
[2019.04.03-21.27.37:103][ 86]LogShaderCompilers: Display: Shaders left to compile 8
[2019.04.03-21.27.37:117][ 87]LogShaderCompilers: Display: Shaders left to compile 7
[2019.04.03-21.27.37:989][155]LogShaderCompilers: Display: Shaders left to compile 6
[2019.04.03-21.27.39:033][169]LogShaderCompilers: Display: Shaders left to compile 5
[2019.04.03-21.27.39:088][169]LogShaderCompilers: Display: Shaders left to compile 4
[2019.04.03-21.27.39:153][169]LogShaderCompilers: Display: Shaders left to compile 3
[2019.04.03-21.27.39:921][184]LogShaderCompilers: Display: Shaders left to compile 2
[2019.04.03-21.27.40:359][189]LogShaderCompilers: Display: Shaders left to compile 1
[2019.04.03-21.27.40:541][192]MaterialEditorStats: Base pass shader: 101 instructions
[2019.04.03-21.27.40:541][192]MaterialEditorStats: Base pass shader with Volumetric Lightmap: 174 instructions
[2019.04.03-21.27.40:541][192]MaterialEditorStats: Base pass vertex shader: 32 instructions
[2019.04.03-21.27.40:541][192]MaterialEditorStats: Texture samplers: 3/16
[2019.04.03-21.28.14:367][206]LogSlate: Window 'Message' being destroyed
[2019.04.03-21.28.14:372][206]LogFactory: FactoryCreateFile: StaticMesh with FbxFactory (0 0 ../../../../../../Users/db11000454/Documents/Unreal Projects/MyBegginner2/UnrealGame/Content/Geometry/Meshes/Rock_6_FREE/Rock_6/Rock_6.OBJ)
[2019.04.03-21.28.14:377][206]LogEditorFactories: Performing atomic reimport of [C:/Users/db11000454/Documents/Unreal Projects/MyBegginner2/UnrealGame/Content/Geometry/Meshes/Rock_6_FREE/Rock_6/Rock_6.OBJ]
[2019.04.03-21.28.14:389][206]LogFbx: Loading FBX Scene from C:/Users/db11000454/Documents/Unreal Projects/MyBegginner2/UnrealGame/Content/Geometry/Meshes/Rock_6_FREE/Rock_6/Rock_6.OBJ
[2019.04.03-21.28.14:405][206]LogFbx: FBX Scene Loaded Succesfully
[2019.04.03-21.28.14:411][206]LogFbx: Warning: Triangulating static mesh Rock_6
[2019.04.03-21.28.14:520][206]LogStaticMesh: Building static mesh Rock_6...
[2019.04.03-21.28.14:612][206]LogStaticMesh: Built static mesh [0.09s] /Game/Geometry/Meshes/Rock_6.Rock_6
[2019.04.03-21.28.14:627][206]LogEditorFactories: -- imported successfully
[2019.04.03-21.28.18:107][311]LogFileHelpers: Editor autosave (incl. sublevels) for '/Game/maps/Level_Chapater2' took 0.036
[2019.04.03-21.28.18:112][311]OBJ SavePackage: Generating thumbnails for [1] asset(s) in package [/Game/Geometry/Meshes/Rock_6Mat] ([1] browsable assets)...
[2019.04.03-21.28.18:127][311]OBJ SavePackage:     Rendered thumbnail for [Material /Game/Geometry/Meshes/Rock_6Mat.Rock_6Mat]
[2019.04.03-21.28.18:127][311]OBJ SavePackage: Finished generating thumbnails for package [/Game/Geometry/Meshes/Rock_6Mat]
[2019.04.03-21.28.18:149][311]LogSavePackage: Moving '../../../../../../Users/db11000454/Documents/Unreal Projects/MyBegginner2/UnrealGame/Saved/Rock_6Mat_Auto1D9A769DA49336EFCFE477FB97D2161F2.tmp' to '../../../../../../Users/db11000454/Documents/Unreal Projects/MyBegginner2/UnrealGame/Saved/Autosaves/Game/Geometry/Meshes/Rock_6Mat_Auto1.uasset'
[2019.04.03-21.28.18:155][311]OBJ SavePackage: Generating thumbnails for [1] asset(s) in package [/Game/Geometry/Meshes/Rock_6] ([1] browsable assets)...
[2019.04.03-21.28.18:167][311]OBJ SavePackage:     Rendered thumbnail for [StaticMesh /Game/Geometry/Meshes/Rock_6.Rock_6]
[2019.04.03-21.28.18:167][311]OBJ SavePackage: Finished generating thumbnails for package [/Game/Geometry/Meshes/Rock_6]
[2019.04.03-21.28.18:182][311]LogSavePackage: Moving '../../../../../../Users/db11000454/Documents/Unreal Projects/MyBegginner2/UnrealGame/Saved/Rock_6_Auto1CCA60AC54AC2DCCE22E966A78EA6230D.tmp' to '../../../../../../Users/db11000454/Documents/Unreal Projects/MyBegginner2/UnrealGame/Saved/Autosaves/Game/Geometry/Meshes/Rock_6_Auto1.uasset'
[2019.04.03-21.28.18:184][311]LogFileHelpers: Auto-saving content packages took 0.076
[2019.04.03-21.28.43:494][472]LogSlate: Window 'Message' being destroyed
[2019.04.03-21.28.43:497][472]LogFactory: FactoryCreateFile: StaticMesh with FbxFactory (0 0 ../../../../../../Users/db11000454/Documents/Unreal Projects/MyBegginner2/UnrealGame/Content/Geometry/Meshes/Rock_6_FREE/Rock_6/Rock_6.OBJ)
[2019.04.03-21.28.43:500][472]LogEditorFactories: Performing atomic reimport of [C:/Users/db11000454/Documents/Unreal Projects/MyBegginner2/UnrealGame/Content/Geometry/Meshes/Rock_6_FREE/Rock_6/Rock_6.OBJ]
[2019.04.03-21.28.43:511][472]LogFbx: Loading FBX Scene from C:/Users/db11000454/Documents/Unreal Projects/MyBegginner2/UnrealGame/Content/Geometry/Meshes/Rock_6_FREE/Rock_6/Rock_6.OBJ
[2019.04.03-21.28.43:527][472]LogFbx: FBX Scene Loaded Succesfully
[2019.04.03-21.28.43:531][472]LogFbx: Warning: Triangulating static mesh Rock_6
[2019.04.03-21.28.43:638][472]LogStaticMesh: Building static mesh Rock_6...
[2019.04.03-21.28.43:732][472]LogStaticMesh: Built static mesh [0.09s] /Game/Geometry/Meshes/Rock_6.Rock_6
[2019.04.03-21.28.43:744][472]LogEditorFactories: -- imported successfully
[2019.04.03-21.28.56:273][615]LogSlate: Window 'Message' being destroyed
[2019.04.03-21.28.56:277][615]LogFactory: FactoryCreateFile: StaticMesh with FbxFactory (0 0 ../../../../../../Users/db11000454/Documents/Unreal Projects/MyBegginner2/UnrealGame/Content/Geometry/Meshes/Rock_6_FREE/Rock_6/Rock_6.OBJ)
[2019.04.03-21.28.56:279][615]LogEditorFactories: Performing atomic reimport of [C:/Users/db11000454/Documents/Unreal Projects/MyBegginner2/UnrealGame/Content/Geometry/Meshes/Rock_6_FREE/Rock_6/Rock_6.OBJ]
[2019.04.03-21.28.56:291][615]LogFbx: Loading FBX Scene from C:/Users/db11000454/Documents/Unreal Projects/MyBegginner2/UnrealGame/Content/Geometry/Meshes/Rock_6_FREE/Rock_6/Rock_6.OBJ
[2019.04.03-21.28.56:307][615]LogFbx: FBX Scene Loaded Succesfully
[2019.04.03-21.28.56:310][615]LogFbx: Warning: Triangulating static mesh Rock_6
[2019.04.03-21.28.56:420][615]LogStaticMesh: Building static mesh Rock_6...
[2019.04.03-21.28.56:512][615]LogStaticMesh: Built static mesh [0.09s] /Game/Geometry/Meshes/Rock_6.Rock_6
[2019.04.03-21.28.56:525][615]LogEditorFactories: -- imported successfully
[2019.04.03-21.29.12:330][727]LogSlate: Window 'Message' being destroyed
[2019.04.03-21.33.18:327][885]LogSlate: FSceneViewport::OnFocusLost() reason 0
[2019.04.03-21.33.24:993][ 68]LogMaterial: Display: Missing cached shader map for material FMatExpressionPreview MaterialExpressionVectorParameter_0, compiling. 
[2019.04.03-21.33.25:014][ 68]LogShaderCompilers: Display: Shaders left to compile 2
[2019.04.03-21.33.25:014][ 68]LogShaderCompilers: Display: Shaders left to compile 1
[2019.04.03-21.33.50:372][ 68]LogMaterial: Display: Missing cached shader map for material Rock_6Mat, compiling. 
[2019.04.03-21.33.50:426][ 69]LogShaderCompilers: Display: Shaders left to compile 21
[2019.04.03-21.33.50:426][ 69]LogShaderCompilers: Display: Shaders left to compile 20
[2019.04.03-21.33.50:426][ 69]LogShaderCompilers: Display: Shaders left to compile 19
[2019.04.03-21.33.51:951][ 92]LogShaderCompilers: Display: Shaders left to compile 18
[2019.04.03-21.33.52:023][ 93]LogShaderCompilers: Display: Shaders left to compile 17
[2019.04.03-21.33.52:106][ 94]LogShaderCompilers: Display: Shaders left to compile 16
[2019.04.03-21.33.52:506][ 99]LogShaderCompilers: Display: Shaders left to compile 15
[2019.04.03-21.33.52:527][ 99]LogShaderCompilers: Display: Shaders left to compile 14
[2019.04.03-21.33.52:696][101]LogShaderCompilers: Display: Shaders left to compile 13
[2019.04.03-21.33.52:825][101]LogMaterial: Display: Missing cached shader map for material Rock_6Mat, compiling. 
[2019.04.03-21.33.52:958][104]LogShaderCompilers: Display: Shaders left to compile 21
[2019.04.03-21.33.52:996][104]LogShaderCompilers: Display: Shaders left to compile 20
[2019.04.03-21.33.53:245][107]LogShaderCompilers: Display: Shaders left to compile 19
[2019.04.03-21.33.53:729][113]LogShaderCompilers: Display: Shaders left to compile 18
[2019.04.03-21.33.53:758][113]LogShaderCompilers: Display: Shaders left to compile 17
[2019.04.03-21.33.53:991][116]LogShaderCompilers: Display: Shaders left to compile 16
[2019.04.03-21.33.54:284][120]LogShaderCompilers: Display: Shaders left to compile 15
[2019.04.03-21.33.54:304][120]LogShaderCompilers: Display: Shaders left to compile 14
[2019.04.03-21.33.54:660][124]LogShaderCompilers: Display: Shaders left to compile 13
[2019.04.03-21.33.54:905][126]LogShaderCompilers: Display: Shaders left to compile 12
[2019.04.03-21.33.54:921][126]LogShaderCompilers: Display: Shaders left to compile 11
[2019.04.03-21.33.55:251][127]LogShaderCompilers: Display: Shaders left to compile 10
[2019.04.03-21.33.56:176][136]LogShaderCompilers: Display: Shaders left to compile 9
[2019.04.03-21.33.56:234][136]LogShaderCompilers: Display: Shaders left to compile 8
[2019.04.03-21.33.56:282][137]LogShaderCompilers: Display: Shaders left to compile 7
[2019.04.03-21.33.56:911][141]LogShaderCompilers: Display: Shaders left to compile 6
[2019.04.03-21.33.57:491][146]LogShaderCompilers: Display: Shaders left to compile 5
[2019.04.03-21.33.57:534][146]LogShaderCompilers: Display: Shaders left to compile 4
[2019.04.03-21.33.58:311][152]LogShaderCompilers: Display: Shaders left to compile 3
[2019.04.03-21.33.58:311][152]LogShaderCompilers: Display: Shaders left to compile 2
[2019.04.03-21.33.58:907][157]LogShaderCompilers: Display: Shaders left to compile 1
[2019.04.03-21.35.01:003][ 45]MaterialEditorStats: Base pass shader: 101 instructions
[2019.04.03-21.35.01:003][ 45]MaterialEditorStats: Base pass shader with Volumetric Lightmap: 174 instructions
[2019.04.03-21.35.01:003][ 45]MaterialEditorStats: Base pass vertex shader: 32 instructions
[2019.04.03-21.35.01:003][ 45]MaterialEditorStats: Texture samplers: 3/16
[2019.04.03-21.38.16:453][550]LogAssetEditorManager: Opening Asset editor for Material /Game/Materials/M_Oglog.M_Oglog
[2019.04.03-21.38.16:456][550]LogMaterial: Display: Missing cached shader map for material M_Oglog, compiling. 
[2019.04.03-21.38.16:535][550]LogMaterial: Display: Missing cached shader map for material M_Oglog, compiling. 
[2019.04.03-21.38.16:549][550]LogMaterial: Display: Missing cached shader map for material M_Oglog, compiling. 
[2019.04.03-21.38.16:566][550]LogShaderCompilers: Display: Shaders left to compile 21
[2019.04.03-21.38.16:566][550]LogShaderCompilers: Display: Shaders left to compile 20
[2019.04.03-21.38.16:566][550]LogShaderCompilers: Display: Shaders left to compile 19
[2019.04.03-21.38.16:592][550]LogMaterial: Display: Missing cached shader map for material FMatExpressionPreview MaterialExpressionTextureSample_0, compiling. 
[2019.04.03-21.38.16:597][550]LogMaterial: Display: Missing cached shader map for material FMatExpressionPreview MaterialExpressionTextureSample_1, compiling. 
[2019.04.03-21.38.16:603][550]LogMaterial: Display: Missing cached shader map for material FMatExpressionPreview MaterialExpressionTextureSample_3, compiling. 
[2019.04.03-21.38.16:608][550]LogMaterial: Display: Missing cached shader map for material FMatExpressionPreview MaterialExpressionLandscapeLayerCoords_0, compiling. 
[2019.04.03-21.38.17:891][565]LogShaderCompilers: Display: Shaders left to compile 26
[2019.04.03-21.38.17:908][565]LogShaderCompilers: Display: Shaders left to compile 25
[2019.04.03-21.38.17:943][566]LogShaderCompilers: Display: Shaders left to compile 24
[2019.04.03-21.38.18:540][574]LogShaderCompilers: Display: Shaders left to compile 23
[2019.04.03-21.38.18:590][574]LogShaderCompilers: Display: Shaders left to compile 22
[2019.04.03-21.38.18:657][575]LogShaderCompilers: Display: Shaders left to compile 21
[2019.04.03-21.38.19:492][637]LogShaderCompilers: Display: Shaders left to compile 20
[2019.04.03-21.38.19:655][645]LogShaderCompilers: Display: Shaders left to compile 19
[2019.04.03-21.38.19:713][646]LogShaderCompilers: Display: Shaders left to compile 18
[2019.04.03-21.38.20:720][657]LogShaderCompilers: Display: Shaders left to compile 17
[2019.04.03-21.38.21:405][665]LogShaderCompilers: Display: Shaders left to compile 16
[2019.04.03-21.38.21:898][671]LogShaderCompilers: Display: Shaders left to compile 15
[2019.04.03-21.38.23:062][684]LogShaderCompilers: Display: Shaders left to compile 14
[2019.04.03-21.38.23:308][687]LogShaderCompilers: Display: Shaders left to compile 13
[2019.04.03-21.38.23:573][690]LogShaderCompilers: Display: Shaders left to compile 12
[2019.04.03-21.38.24:384][701]LogShaderCompilers: Display: Shaders left to compile 11
[2019.04.03-21.38.24:663][706]LogShaderCompilers: Display: Shaders left to compile 10
[2019.04.03-21.38.24:966][709]LogShaderCompilers: Display: Shaders left to compile 9
[2019.04.03-21.38.25:504][716]LogShaderCompilers: Display: Shaders left to compile 8
[2019.04.03-21.38.25:784][721]LogShaderCompilers: Display: Shaders left to compile 7
[2019.04.03-21.38.25:952][724]LogShaderCompilers: Display: Shaders left to compile 6
[2019.04.03-21.38.26:118][725]MaterialEditorStats: Base pass shader: 111 instructions
[2019.04.03-21.38.26:118][725]MaterialEditorStats: Base pass shader with Volumetric Lightmap: 184 instructions
[2019.04.03-21.38.26:118][725]MaterialEditorStats: Base pass vertex shader: 36 instructions
[2019.04.03-21.38.26:118][725]MaterialEditorStats: Texture samplers: 6/16
[2019.04.03-21.38.26:118][725]MaterialEditorStats: Texture Lookups (Est.): VS(0), PS(3)
[2019.04.03-21.38.26:118][725]MaterialEditorStats: User interpolators: 2/4 Scalars (1/4 Vectors) (TexCoords: 2, Custom: 0)
[2019.04.03-21.38.26:600][730]LogShaderCompilers: Display: Shaders left to compile 5
[2019.04.03-21.38.26:652][731]LogShaderCompilers: Display: Shaders left to compile 4
[2019.04.03-21.38.27:090][736]LogShaderCompilers: Display: Shaders left to compile 3
[2019.04.03-21.38.27:391][740]LogShaderCompilers: Display: Shaders left to compile 2
[2019.04.03-21.38.27:757][744]LogShaderCompilers: Display: Shaders left to compile 1
[2019.04.03-21.38.28:368][750]LogMaterial: Display: Missing cached shader map for material Rock_6Mat, compiling. 
[2019.04.03-21.38.28:445][751]LogShaderCompilers: Display: Shaders left to compile 21
[2019.04.03-21.38.28:445][751]LogShaderCompilers: Display: Shaders left to compile 20
[2019.04.03-21.38.28:445][751]LogShaderCompilers: Display: Shaders left to compile 19
[2019.04.03-21.38.29:100][761]LogShaderCompilers: Display: Shaders left to compile 18
[2019.04.03-21.38.29:124][761]LogShaderCompilers: Display: Shaders left to compile 17
[2019.04.03-21.38.29:124][761]LogShaderCompilers: Display: Shaders left to compile 16
[2019.04.03-21.38.29:611][767]LogShaderCompilers: Display: Shaders left to compile 15
[2019.04.03-21.38.29:636][767]LogShaderCompilers: Display: Shaders left to compile 14
[2019.04.03-21.38.29:661][768]LogShaderCompilers: Display: Shaders left to compile 13
[2019.04.03-21.38.30:009][772]LogShaderCompilers: Display: Shaders left to compile 12
[2019.04.03-21.38.30:117][773]LogShaderCompilers: Display: Shaders left to compile 11
[2019.04.03-21.38.30:141][773]LogShaderCompilers: Display: Shaders left to compile 10
[2019.04.03-21.38.31:108][834]LogShaderCompilers: Display: Shaders left to compile 9
[2019.04.03-21.38.31:705][881]LogShaderCompilers: Display: Shaders left to compile 8
[2019.04.03-21.38.31:820][890]LogShaderCompilers: Display: Shaders left to compile 7
[2019.04.03-21.38.32:701][959]LogShaderCompilers: Display: Shaders left to compile 6
[2019.04.03-21.38.32:817][968]LogShaderCompilers: Display: Shaders left to compile 5
[2019.04.03-21.38.33:472][ 21]LogShaderCompilers: Display: Shaders left to compile 4
[2019.04.03-21.38.34:399][ 94]LogShaderCompilers: Display: Shaders left to compile 3
[2019.04.03-21.38.34:548][106]LogShaderCompilers: Display: Shaders left to compile 2
[2019.04.03-21.38.34:793][126]LogShaderCompilers: Display: Shaders left to compile 1
[2019.04.03-21.38.35:635][191]LogMaterial: Display: Missing cached shader map for material Rock_6Mat, compiling. 
[2019.04.03-21.38.35:660][191]LogMaterial: Display: Missing cached shader map for material FMatExpressionPreview MaterialExpressionTextureSample_0, compiling. 
[2019.04.03-21.38.35:689][192]LogShaderCompilers: Display: Shaders left to compile 21
[2019.04.03-21.38.35:940][199]LogShaderCompilers: Display: Shaders left to compile 20
[2019.04.03-21.38.36:112][201]LogShaderCompilers: Display: Shaders left to compile 19
[2019.04.03-21.38.36:477][204]LogShaderCompilers: Display: Shaders left to compile 18
[2019.04.03-21.38.36:649][206]LogShaderCompilers: Display: Shaders left to compile 17
[2019.04.03-21.38.36:905][209]LogShaderCompilers: Display: Shaders left to compile 16
[2019.04.03-21.38.36:992][210]LogShaderCompilers: Display: Shaders left to compile 15
[2019.04.03-21.38.37:353][237]LogShaderCompilers: Display: Shaders left to compile 14
[2019.04.03-21.38.37:766][267]LogShaderCompilers: Display: Shaders left to compile 13
[2019.04.03-21.38.37:870][268]LogShaderCompilers: Display: Shaders left to compile 12
[2019.04.03-21.38.37:984][270]LogShaderCompilers: Display: Shaders left to compile 11
[2019.04.03-21.38.38:582][278]LogShaderCompilers: Display: Shaders left to compile 10
[2019.04.03-21.38.39:424][287]LogShaderCompilers: Display: Shaders left to compile 9
[2019.04.03-21.38.39:458][289]LogShaderCompilers: Display: Shaders left to compile 8
[2019.04.03-21.38.39:531][290]LogShaderCompilers: Display: Shaders left to compile 7
[2019.04.03-21.38.40:238][297]LogShaderCompilers: Display: Shaders left to compile 6
[2019.04.03-21.38.40:853][304]LogShaderCompilers: Display: Shaders left to compile 5
[2019.04.03-21.38.40:886][304]LogShaderCompilers: Display: Shaders left to compile 4
[2019.04.03-21.38.41:616][313]LogShaderCompilers: Display: Shaders left to compile 3
[2019.04.03-21.38.41:736][314]LogShaderCompilers: Display: Shaders left to compile 2
[2019.04.03-21.38.42:363][321]LogShaderCompilers: Display: Shaders left to compile 1
[2019.04.03-21.38.43:225][331]MaterialEditorStats: Base pass shader: 99 instructions
[2019.04.03-21.38.43:225][331]MaterialEditorStats: Base pass shader with Volumetric Lightmap: 172 instructions
[2019.04.03-21.38.43:225][331]MaterialEditorStats: Base pass vertex shader: 32 instructions
[2019.04.03-21.38.43:225][331]MaterialEditorStats: Texture samplers: 3/16
[2019.04.03-21.38.46:253][368]LogFileHelpers: Editor autosave (incl. sublevels) for '/Game/maps/Level_Chapater2' took 0.026
[2019.04.03-21.38.46:256][368]OBJ SavePackage: Generating thumbnails for [1] asset(s) in package [/Game/Geometry/Meshes/Rock_6] ([1] browsable assets)...
[2019.04.03-21.38.46:274][368]OBJ SavePackage:     Rendered thumbnail for [StaticMesh /Game/Geometry/Meshes/Rock_6.Rock_6]
[2019.04.03-21.38.46:274][368]OBJ SavePackage: Finished generating thumbnails for package [/Game/Geometry/Meshes/Rock_6]
[2019.04.03-21.38.46:290][368]LogSavePackage: Moving '../../../../../../Users/db11000454/Documents/Unreal Projects/MyBegginner2/UnrealGame/Saved/Rock_6_Auto263A81DD4481D45562657D0BE2E7ABC47.tmp' to '../../../../../../Users/db11000454/Documents/Unreal Projects/MyBegginner2/UnrealGame/Saved/Autosaves/Game/Geometry/Meshes/Rock_6_Auto2.uasset'
[2019.04.03-21.38.46:293][368]LogFileHelpers: Auto-saving content packages took 0.039
[2019.04.03-21.41.37:904][286]LogMaterial: Display: Missing cached shader map for material Rock_6Mat, compiling. 
[2019.04.03-21.41.37:930][286]LogShaderCompilers: Display: Shaders left to compile 21
[2019.04.03-21.41.37:930][286]LogShaderCompilers: Display: Shaders left to compile 20
[2019.04.03-21.41.37:931][286]LogShaderCompilers: Display: Shaders left to compile 19
[2019.04.03-21.41.37:966][286]LogMaterial: Display: Missing cached shader map for material FMatExpressionPreview MaterialExpressionTextureSample_0, compiling. 
[2019.04.03-21.41.37:968][286]LogMaterial: Display: Missing cached shader map for material FMatExpressionPreview MaterialExpressionTextureSample_1, compiling. 
[2019.04.03-21.41.39:296][304]LogShaderCompilers: Display: Shaders left to compile 18
[2019.04.03-21.41.39:347][305]LogShaderCompilers: Display: Shaders left to compile 17
[2019.04.03-21.41.39:513][307]LogShaderCompilers: Display: Shaders left to compile 16
[2019.04.03-21.41.39:900][312]LogShaderCompilers: Display: Shaders left to compile 15
[2019.04.03-21.41.39:900][312]LogShaderCompilers: Display: Shaders left to compile 14
[2019.04.03-21.41.40:099][314]LogShaderCompilers: Display: Shaders left to compile 13
[2019.04.03-21.41.40:293][316]LogShaderCompilers: Display: Shaders left to compile 12
[2019.04.03-21.41.40:414][318]LogShaderCompilers: Display: Shaders left to compile 11
[2019.04.03-21.41.40:678][323]LogShaderCompilers: Display: Shaders left to compile 10
[2019.04.03-21.41.41:078][326]LogMaterial: Display: Missing cached shader map for material Rock_6Mat, compiling. 
[2019.04.03-21.41.41:150][326]LogMaterial: Display: Missing cached shader map for material FMatExpressionPreview MaterialExpressionTextureSample_1, compiling. 
[2019.04.03-21.41.41:152][326]LogMaterial: Display: Missing cached shader map for material FMatExpressionPreview MaterialExpressionTextureSample_2, compiling. 
[2019.04.03-21.41.41:635][334]LogShaderCompilers: Display: Shaders left to compile 21
[2019.04.03-21.41.41:811][336]LogShaderCompilers: Display: Shaders left to compile 20
[2019.04.03-21.41.41:994][338]LogShaderCompilers: Display: Shaders left to compile 19
[2019.04.03-21.41.42:432][343]LogShaderCompilers: Display: Shaders left to compile 18
[2019.04.03-21.41.42:532][344]LogShaderCompilers: Display: Shaders left to compile 17
[2019.04.03-21.41.42:737][347]LogShaderCompilers: Display: Shaders left to compile 16
[2019.04.03-21.41.43:012][350]LogShaderCompilers: Display: Shaders left to compile 15
[2019.04.03-21.41.43:072][351]LogShaderCompilers: Display: Shaders left to compile 14
[2019.04.03-21.41.43:332][354]LogShaderCompilers: Display: Shaders left to compile 13
[2019.04.03-21.41.43:483][356]LogShaderCompilers: Display: Shaders left to compile 12
[2019.04.03-21.41.43:569][357]LogShaderCompilers: Display: Shaders left to compile 11
[2019.04.03-21.41.43:839][360]LogShaderCompilers: Display: Shaders left to compile 10
[2019.04.03-21.41.44:692][370]LogShaderCompilers: Display: Shaders left to compile 9
[2019.04.03-21.41.44:975][374]LogShaderCompilers: Display: Shaders left to compile 8
[2019.04.03-21.41.45:016][374]LogShaderCompilers: Display: Shaders left to compile 7
[2019.04.03-21.41.45:872][384]LogShaderCompilers: Display: Shaders left to compile 6
[2019.04.03-21.41.46:194][388]LogShaderCompilers: Display: Shaders left to compile 5
[2019.04.03-21.41.46:362][390]LogShaderCompilers: Display: Shaders left to compile 4
[2019.04.03-21.41.47:150][399]LogShaderCompilers: Display: Shaders left to compile 3
[2019.04.03-21.41.47:487][403]LogShaderCompilers: Display: Shaders left to compile 2
[2019.04.03-21.41.47:805][407]LogShaderCompilers: Display: Shaders left to compile 1
[2019.04.03-21.41.48:912][420]MaterialEditorStats: Base pass shader: 99 instructions
[2019.04.03-21.41.48:912][420]MaterialEditorStats: Base pass shader with Volumetric Lightmap: 172 instructions
[2019.04.03-21.41.48:912][420]MaterialEditorStats: Base pass vertex shader: 32 instructions
[2019.04.03-21.41.48:912][420]MaterialEditorStats: Texture samplers: 3/16
[2019.04.03-21.43.15:136][ 26]LogMaterial: Display: Missing cached shader map for material Rock_6Mat, compiling. 
[2019.04.03-21.43.15:145][ 26]LogMaterial: Warning: /Engine/Transient.Rock_6Mat (no disk path found): Failed to compile Material for platform PCD3D_SM5, Default Material will be used in game.
[2019.04.03-21.43.15:145][ 26]LogMaterial: 	(Node TextureSample) Texture Sample> Missing input texture
[2019.04.03-21.43.15:153][ 26]LogMaterial: Display: Missing cached shader map for material FMatExpressionPreview MaterialExpressionTextureSample_0, compiling. 
[2019.04.03-21.43.15:184][ 26]LogMaterial: Display: Missing cached shader map for material FMatExpressionPreview MaterialExpressionTextureSample_2, compiling. 
[2019.04.03-21.43.15:211][ 26]MaterialEditorStats: Error: [SM5] (Node TextureSample) Texture Sample> Missing input texture
[2019.04.03-21.43.21:674][308]LogMaterial: Display: Missing cached shader map for material Rock_6Mat, compiling. 
[2019.04.03-21.43.21:675][308]LogMaterial: Warning: /Engine/Transient.Rock_6Mat (no disk path found): Failed to compile Material for platform PCD3D_SM5, Default Material will be used in game.
[2019.04.03-21.43.21:675][308]LogMaterial: 	(Node TextureSample) Texture Sample> Missing input texture
[2019.04.03-21.43.21:692][308]LogMaterial: Display: Missing cached shader map for material FMatExpressionPreview MaterialExpressionTextureSample_1, compiling. 
[2019.04.03-21.43.29:973][740]LogMaterial: Display: Missing cached shader map for material Rock_6Mat, compiling. 
[2019.04.03-21.43.29:973][740]LogMaterial: Warning: /Engine/Transient.Rock_6Mat (no disk path found): Failed to compile Material for platform PCD3D_SM5, Default Material will be used in game.
[2019.04.03-21.43.29:973][740]LogMaterial: 	(Node TextureSample) Texture Sample> Missing input texture
[2019.04.03-21.43.29:984][740]LogMaterial: Display: Missing cached shader map for material FMatExpressionPreview MaterialExpressionTextureSample_2, compiling. 
[2019.04.03-21.44.24:256][146]LogFactory: FactoryCreateFile: Texture with ReimportTextureFactory (0 0 ../../../../../../Users/db11000454/Documents/Unreal Projects/MyBegginner2/UnrealGame/textures/Rock_6_d.png)
[2019.04.03-21.44.24:361][146]LogTexture: Display: Building textures: Rock_6_d (AutoDXT, 2048X2048)
[2019.04.03-21.45.12:804][280]LogFactory: FactoryCreateFile: Texture with ReimportTextureFactory (0 0 ../../../../../../Users/db11000454/Documents/Unreal Projects/MyBegginner2/UnrealGame/textures/Rock_6_n.png)
[2019.04.03-21.45.12:950][280]LogTexture: Display: Building textures: Rock_6_n (BC5, 2048X2048)
[2019.04.03-21.45.19:305][317]LogFactory: FactoryCreateFile: Texture with ReimportTextureFactory (0 0 ../../../../../../Users/db11000454/Documents/Unreal Projects/MyBegginner2/UnrealGame/textures/Rock_6_ao.png)
[2019.04.03-21.45.19:402][317]LogTexture: Display: Building textures: Rock_6_ao (AutoDXT, 2048X2048)
[2019.04.03-21.45.24:532][349]LogSlate: Window 'Save Content' being destroyed
[2019.04.03-21.45.24:562][349]Cmd: OBJ SAVEPACKAGE PACKAGE="/Game/Geometry/Meshes/Rock_6" FILE="../../../../../../Users/db11000454/Documents/Unreal Projects/MyBegginner2/UnrealGame/Content/Geometry/Meshes/Rock_6.uasset" SILENT=true
[2019.04.03-21.45.24:574][349]LogSavePackage: Moving '../../../../../../Users/db11000454/Documents/Unreal Projects/MyBegginner2/UnrealGame/Saved/Rock_6F57429544DFC855E3F07F1B88A4225C5.tmp' to '../../../../../../Users/db11000454/Documents/Unreal Projects/MyBegginner2/UnrealGame/Content/Geometry/Meshes/Rock_6.uasset'
[2019.04.03-21.45.24:593][349]LogSavePackage: Moving '../../../../../../Users/db11000454/Documents/Unreal Projects/MyBegginner2/UnrealGame/Saved/Rock_6MatDD2AD8F640FF78351B37A0B04E3D264B.tmp' to '../../../../../../Users/db11000454/Documents/Unreal Projects/MyBegginner2/UnrealGame/Content/Geometry/Meshes/Rock_6Mat.uasset'
[2019.04.03-21.45.24:615][349]Cmd: OBJ SAVEPACKAGE PACKAGE="/Game/Textures/Rock_6_ao" FILE="../../../../../../Users/db11000454/Documents/Unreal Projects/MyBegginner2/UnrealGame/Content/Textures/Rock_6_ao.uasset" SILENT=true
[2019.04.03-21.45.24:853][349]LogSavePackage: Moving '../../../../../../Users/db11000454/Documents/Unreal Projects/MyBegginner2/UnrealGame/Saved/Rock_6_aoC007DE0348CDAA0BC978C68B65FC673B.tmp' to '../../../../../../Users/db11000454/Documents/Unreal Projects/MyBegginner2/UnrealGame/Content/Textures/Rock_6_ao.uasset'
[2019.04.03-21.45.24:870][349]Cmd: OBJ SAVEPACKAGE PACKAGE="/Game/Textures/Rock_6_d" FILE="../../../../../../Users/db11000454/Documents/Unreal Projects/MyBegginner2/UnrealGame/Content/Textures/Rock_6_d.uasset" SILENT=true
[2019.04.03-21.45.25:404][349]LogSavePackage: Moving '../../../../../../Users/db11000454/Documents/Unreal Projects/MyBegginner2/UnrealGame/Saved/Rock_6_d1D4443E9400850B246FD19AA5A71731F.tmp' to '../../../../../../Users/db11000454/Documents/Unreal Projects/MyBegginner2/UnrealGame/Content/Textures/Rock_6_d.uasset'
[2019.04.03-21.45.25:426][349]Cmd: OBJ SAVEPACKAGE PACKAGE="/Game/Textures/Rock_6_n" FILE="../../../../../../Users/db11000454/Documents/Unreal Projects/MyBegginner2/UnrealGame/Content/Textures/Rock_6_n.uasset" SILENT=true
[2019.04.03-21.45.26:349][349]LogSavePackage: Moving '../../../../../../Users/db11000454/Documents/Unreal Projects/MyBegginner2/UnrealGame/Saved/Rock_6_n2F886D05450AC705A4BDF8847ED0D194.tmp' to '../../../../../../Users/db11000454/Documents/Unreal Projects/MyBegginner2/UnrealGame/Content/Textures/Rock_6_n.uasset'
[2019.04.03-21.48.41:520][420]LogMaterial: Display: Missing cached shader map for material Rock_6Mat, compiling. 
[2019.04.03-21.48.41:520][420]LogMaterial: Warning: /Engine/Transient.Rock_6Mat (no disk path found): Failed to compile Material for platform PCD3D_SM5, Default Material will be used in game.
[2019.04.03-21.48.41:520][420]LogMaterial: 	(Node TextureSample) Texture Sample> Missing input texture
[2019.04.03-21.48.41:525][420]LogMaterial: Display: Missing cached shader map for material FMatExpressionPreview MaterialExpressionTextureSample_0, compiling. 
[2019.04.03-21.48.41:540][420]LogShaderCompilers: Display: Shaders left to compile 2
[2019.04.03-21.48.41:540][420]LogShaderCompilers: Display: Shaders left to compile 1
[2019.04.03-21.48.41:554][420]LogMaterial: Display: Missing cached shader map for material Rock_6Mat, compiling. 
[2019.04.03-21.48.41:554][420]LogMaterial: Warning: /Engine/Transient.Rock_6Mat (no disk path found): Failed to compile Material for platform PCD3D_SM5, Default Material will be used in game.
[2019.04.03-21.48.41:554][420]LogMaterial: 	(Node TextureSample) Texture Sample> Missing input texture
[2019.04.03-21.48.41:658][423]LogMaterial: Display: Missing cached shader map for material Rock_6Mat, compiling. 
[2019.04.03-21.48.41:659][423]LogMaterial: Warning: /Engine/Transient.Rock_6Mat (no disk path found): Failed to compile Material for platform PCD3D_SM5, Default Material will be used in game.
[2019.04.03-21.48.41:659][423]LogMaterial: 	(Node TextureSample) Texture Sample> Missing input texture
[2019.04.03-21.48.59:997][297]LogMaterial: Display: Missing cached shader map for material Rock_6Mat, compiling. 
[2019.04.03-21.48.59:998][297]LogMaterial: Warning: /Engine/Transient.Rock_6Mat (no disk path found): Failed to compile Material for platform PCD3D_SM5, Default Material will be used in game.
[2019.04.03-21.48.59:998][297]LogMaterial: 	(Node TextureSample) Texture Sample> Missing input texture
[2019.04.03-21.49.00:006][297]LogMaterial: Display: Missing cached shader map for material FMatExpressionPreview MaterialExpressionTextureSample_1, compiling. 
[2019.04.03-21.49.00:021][297]LogShaderCompilers: Display: Shaders left to compile 2
[2019.04.03-21.49.00:021][297]LogShaderCompilers: Display: Shaders left to compile 1
[2019.04.03-21.49.00:035][297]LogMaterial: Display: Missing cached shader map for material Rock_6Mat, compiling. 
[2019.04.03-21.49.00:036][297]LogMaterial: Warning: /Engine/Transient.Rock_6Mat (no disk path found): Failed to compile Material for platform PCD3D_SM5, Default Material will be used in game.
[2019.04.03-21.49.00:036][297]LogMaterial: 	(Node TextureSample) Texture Sample> Missing input texture
[2019.04.03-21.49.12:724][785]LogMaterial: Display: Missing cached shader map for material Rock_6Mat, compiling. 
[2019.04.03-21.49.12:750][785]LogShaderCompilers: Display: Shaders left to compile 21
[2019.04.03-21.49.12:750][785]LogShaderCompilers: Display: Shaders left to compile 20
[2019.04.03-21.49.12:750][785]LogShaderCompilers: Display: Shaders left to compile 19
[2019.04.03-21.49.12:750][785]LogMaterial: Display: Missing cached shader map for material FMatExpressionPreview MaterialExpressionTextureSample_2, compiling. 
[2019.04.03-21.49.12:781][785]LogMaterial: Display: Missing cached shader map for material Rock_6Mat, compiling. 
[2019.04.03-21.49.13:457][831]LogShaderCompilers: Display: Shaders left to compile 23
[2019.04.03-21.49.13:541][837]LogShaderCompilers: Display: Shaders left to compile 22
[2019.04.03-21.49.14:338][898]LogShaderCompilers: Display: Shaders left to compile 21
[2019.04.03-21.49.14:489][910]LogShaderCompilers: Display: Shaders left to compile 20
[2019.04.03-21.49.15:143][956]LogShaderCompilers: Display: Shaders left to compile 19
[2019.04.03-21.49.15:316][970]LogShaderCompilers: Display: Shaders left to compile 18
[2019.04.03-21.49.15:950][  3]LogShaderCompilers: Display: Shaders left to compile 17
[2019.04.03-21.49.15:970][  3]LogShaderCompilers: Display: Shaders left to compile 16
[2019.04.03-21.49.16:503][  9]LogShaderCompilers: Display: Shaders left to compile 15
[2019.04.03-21.49.16:566][ 10]LogShaderCompilers: Display: Shaders left to compile 14
[2019.04.03-21.49.16:981][ 15]LogShaderCompilers: Display: Shaders left to compile 13
[2019.04.03-21.49.17:012][ 15]LogShaderCompilers: Display: Shaders left to compile 12
[2019.04.03-21.49.17:125][ 17]LogShaderCompilers: Display: Shaders left to compile 11
[2019.04.03-21.49.17:494][ 21]LogShaderCompilers: Display: Shaders left to compile 10
[2019.04.03-21.49.18:350][ 31]LogShaderCompilers: Display: Shaders left to compile 9
[2019.04.03-21.49.18:424][ 32]LogShaderCompilers: Display: Shaders left to compile 8
[2019.04.03-21.49.18:795][ 37]LogShaderCompilers: Display: Shaders left to compile 7
[2019.04.03-21.49.19:752][ 48]LogShaderCompilers: Display: Shaders left to compile 6
[2019.04.03-21.49.19:795][ 49]LogShaderCompilers: Display: Shaders left to compile 5
[2019.04.03-21.49.19:937][ 50]LogShaderCompilers: Display: Shaders left to compile 4
[2019.04.03-21.49.20:822][ 61]LogShaderCompilers: Display: Shaders left to compile 3
[2019.04.03-21.49.21:360][ 67]LogShaderCompilers: Display: Shaders left to compile 2
[2019.04.03-21.49.21:495][ 69]LogShaderCompilers: Display: Shaders left to compile 1
[2019.04.03-21.49.22:627][ 82]MaterialEditorStats: Base pass shader: 110 instructions
[2019.04.03-21.49.22:627][ 82]MaterialEditorStats: Base pass shader with Volumetric Lightmap: 183 instructions
[2019.04.03-21.49.22:627][ 82]MaterialEditorStats: Base pass vertex shader: 36 instructions
[2019.04.03-21.49.22:627][ 82]MaterialEditorStats: Texture samplers: 6/16
[2019.04.03-21.49.22:628][ 82]MaterialEditorStats: Texture Lookups (Est.): VS(0), PS(3)
[2019.04.03-21.49.22:628][ 82]MaterialEditorStats: User interpolators: 2/4 Scalars (1/4 Vectors) (TexCoords: 2, Custom: 0)
[2019.04.03-21.49.57:747][556]LogSlate: FSceneViewport::OnFocusLost() reason 2
[2019.04.03-21.50.03:517][963]LogSlate: FSceneViewport::OnFocusLost() reason 0
[2019.04.03-21.50.08:045][964]LogSlate: Window 'Warning: No Preview Mesh Found' being destroyed
[2019.04.03-21.50.12:068][ 20]LogSlate: FSceneViewport::OnFocusLost() reason 0
[2019.04.03-21.51.14:051][866]LogSlate: FSceneViewport::OnFocusLost() reason 0
[2019.04.03-21.51.18:673][938]LogMaterialEditor: Saving and Compiling material Rock_6Mat
[2019.04.03-21.51.19:405][938]LogMaterial: Display: Missing cached shader map for material Rock_6Mat, compiling. 
[2019.04.03-21.51.19:454][938]LogShaderCompilers: Display: Shaders left to compile 21
[2019.04.03-21.51.19:454][938]LogShaderCompilers: Display: Shaders left to compile 20
[2019.04.03-21.51.19:454][938]LogShaderCompilers: Display: Shaders left to compile 19
[2019.04.03-21.51.19:469][938]LogMaterial: Display: Missing cached shader map for material Rock_6Mat, compiling. 
[2019.04.03-21.51.19:489][938]LogMaterial: Display: Missing cached shader map for material Rock_6Mat, compiling. 
[2019.04.03-21.51.19:531][938]LogMaterial: Display: Missing cached shader map for material FDebugViewModeMaterialProxy Rock_6Mat, compiling. 
[2019.04.03-21.51.21:698][938]LogShaderCompilers: Display: Shaders left to compile 41
[2019.04.03-21.51.21:699][938]LogShaderCompilers: Display: Shaders left to compile 40
[2019.04.03-21.51.21:699][938]LogShaderCompilers: Display: Shaders left to compile 39
[2019.04.03-21.51.21:699][938]LogShaderCompilers: Display: Shaders left to compile 38
[2019.04.03-21.51.21:699][938]LogShaderCompilers: Display: Shaders left to compile 37
[2019.04.03-21.51.21:699][938]LogShaderCompilers: Display: Shaders left to compile 36
[2019.04.03-21.51.21:699][938]LogShaderCompilers: Display: Shaders left to compile 35
[2019.04.03-21.51.21:699][938]LogShaderCompilers: Display: Shaders left to compile 34
[2019.04.03-21.51.21:699][938]LogShaderCompilers: Display: Shaders left to compile 33
[2019.04.03-21.51.21:699][938]LogShaderCompilers: Display: Shaders left to compile 32
[2019.04.03-21.51.21:699][938]LogShaderCompilers: Display: Shaders left to compile 31
[2019.04.03-21.51.21:699][938]LogShaderCompilers: Display: Shaders left to compile 30
[2019.04.03-21.51.21:699][938]LogShaderCompilers: Display: Shaders left to compile 29
[2019.04.03-21.51.21:699][938]LogShaderCompilers: Display: Shaders left to compile 28
[2019.04.03-21.51.21:699][938]LogShaderCompilers: Display: Shaders left to compile 27
[2019.04.03-21.51.21:699][938]LogShaderCompilers: Display: Shaders left to compile 26
[2019.04.03-21.51.21:699][938]LogShaderCompilers: Display: Shaders left to compile 25
[2019.04.03-21.51.21:699][938]LogShaderCompilers: Display: Shaders left to compile 24
[2019.04.03-21.51.21:699][938]LogShaderCompilers: Display: Shaders left to compile 23
[2019.04.03-21.51.21:699][938]LogShaderCompilers: Display: Shaders left to compile 22
[2019.04.03-21.51.21:699][938]LogShaderCompilers: Display: Shaders left to compile 12
[2019.04.03-21.51.21:699][938]LogShaderCompilers: Display: Shaders left to compile 2
[2019.04.03-21.51.21:701][938]TextureStreamingBuild: Display: Compiling optional shaders took 2.176 seconds.
[2019.04.03-21.51.21:733][938]LogSlate: FSceneViewport::OnFocusLost() reason 2
[2019.04.03-21.51.24:014][938]LogSavePackage: Moving '../../../../../../Users/db11000454/Documents/Unreal Projects/MyBegginner2/UnrealGame/Saved/Rock_6MatE66E87D04ED3647B43D2D98F5FC66C7A.tmp' to '../../../../../../Users/db11000454/Documents/Unreal Projects/MyBegginner2/UnrealGame/Content/Geometry/Meshes/Rock_6Mat.uasset'
[2019.04.03-21.51.26:253][969]LogSlate: FSceneViewport::OnFocusLost() reason 0
[2019.04.03-21.51.48:444][330]LogSlate: FSceneViewport::OnFocusLost() reason 0
[2019.04.03-21.52.15:069][627]LogActorFactory: Actor Factory created Rock_6
[2019.04.03-21.52.17:094][669]LogActorFactory: Actor Factory created Rock_6
[2019.04.03-21.52.49:218][ 43]LogSlate: FSceneViewport::OnFocusLost() reason 2
[2019.04.03-21.52.49:596][ 43]LogSavePackage: Moving '../../../../../../Users/db11000454/Documents/Unreal Projects/MyBegginner2/UnrealGame/Saved/Level_Chapater2_Auto37FE43B644A8051D8EA5A618E3C081F68.tmp' to '../../../../../../Users/db11000454/Documents/Unreal Projects/MyBegginner2/UnrealGame/Saved/Autosaves/Game/maps/Level_Chapater2_Auto3.umap'
[2019.04.03-21.52.49:601][ 43]LogFileHelpers: Editor autosave (incl. sublevels) for '/Game/maps/Level_Chapater2' took 0.296
[2019.04.03-21.52.49:603][ 43]LogFileHelpers: Editor autosave (incl. sublevels) for all levels took 0.296
[2019.04.03-21.54.34:418][128]LogEditorViewport: Clicking on Actor (LMB): Landscape (Landscape)
[2019.04.03-21.54.34:483][128]LogEditorViewport: Clicking on Actor (double click): Landscape (Landscape)
[2019.04.03-21.54.38:813][173]LogEditorViewport: Clicking on Actor (LMB): StaticMeshActor (Rock_6)
[2019.04.03-21.55.00:896][387]LogSlate: FSceneViewport::OnFocusLost() reason 0
[2019.04.03-21.55.36:764][741]LogSlate: FSceneViewport::OnFocusLost() reason 0
[2019.04.03-21.55.41:182][100]LogEditorViewport: Clicking on Actor (LMB): StaticMeshActor (Rock_6)
[2019.04.03-21.56.20:260][496]LogSlate: FSceneViewport::OnFocusLost() reason 0
[2019.04.03-21.56.40:563][  7]LogSlate: FSceneViewport::OnFocusLost() reason 2
[2019.04.03-21.57.19:700][981]LogEditorViewport: Clicking on Actor (LMB): Landscape (Landscape)
[2019.04.03-21.57.45:926][238]LogSlate: FSceneViewport::OnFocusLost() reason 0
[2019.04.03-21.57.46:984][248]LogEditorViewport: Clicking on Actor (LMB): StaticMeshActor (Rock_6)
[2019.04.03-21.57.49:004][268]LogSlate: FSceneViewport::OnFocusLost() reason 0
[2019.04.03-21.58.17:811][547]LogEditorViewport: Clicking on Actor (LMB): StaticMeshActor (Rock_6)
[2019.04.03-21.58.27:537][641]LogEditorViewport: Clicking on Actor (context menu): StaticMeshActor (Rock_6)
[2019.04.03-21.58.27:680][641]LogSlate: FSceneViewport::OnFocusLost() reason 2
[2019.04.03-22.00.00:710][217]LogSlate: FSceneViewport::OnFocusLost() reason 0
[2019.04.03-22.00.25:639][448]LogEditorViewport: Clicking on Actor (LMB): Landscape (Landscape)
[2019.04.03-22.00.41:910][605]LogEditorViewport: Clicking on Actor (LMB): StaticMeshActor (Rock_6)
[2019.04.03-22.01.02:663][818]Cmd: EDIT COPY
[2019.04.03-22.01.04:013][832]Cmd: EDIT PASTE
[2019.04.03-22.01.06:369][855]LogEditorViewport: Clicking on Actor (CTRL LMB): Landscape (Landscape)
[2019.04.03-22.01.07:092][863]Cmd: EDIT PASTE
[2019.04.03-22.01.09:106][883]Cmd: EDIT PASTE
[2019.04.03-22.01.18:976][982]LogEditorViewport: Clicking on Actor (LMB): StaticMeshActor (Rock_8)
[2019.04.03-22.01.25:806][ 51]LogEditorViewport: Clicking on Actor (LMB): StaticMeshActor (Rock_7)
[2019.04.03-22.01.32:902][123]LogEditorViewport: Clicking on Actor (LMB): StaticMeshActor (Rock_6)
[2019.04.03-22.03.03:464][ 52]LogEditorViewport: Clicking on Actor (LMB): StaticMeshActor (Rock_9)
[2019.04.03-22.03.24:263][257]LogEditorViewport: Clicking on Actor (context menu): Landscape (Landscape)
[2019.04.03-22.03.24:386][257]LogSlate: FSceneViewport::OnFocusLost() reason 2
[2019.04.03-22.03.25:306][313]LogEditorViewport: Clicking on Actor (LMB): Landscape (Landscape)
[2019.04.03-22.03.26:368][322]LogEditorViewport: Clicking on Actor (LMB): StaticMeshActor (Rock_8)
[2019.04.03-22.03.28:231][341]Cmd: EDIT COPY
[2019.04.03-22.03.30:201][361]Cmd: EDIT PASTE
[2019.04.03-22.03.30:902][368]Cmd: EDIT PASTE
[2019.04.03-22.03.31:308][372]Cmd: EDIT PASTE
[2019.04.03-22.03.31:677][376]Cmd: EDIT PASTE
[2019.04.03-22.03.32:082][380]Cmd: EDIT PASTE
[2019.04.03-22.03.42:995][487]LogWindows: LaunchFileInExternalEditor C:/Program Files/Epic Games/UE_4.20/Engine/Source/Runtime/Engine/Classes/Engine/StaticMeshActor.h 
[2019.04.03-22.03.43:417][487]LogWindows: Launch application code for C:/Program Files/Epic Games/UE_4.20/Engine/Source/Runtime/Engine/Classes/Engine/StaticMeshActor.h : 42
[2019.04.03-22.03.43:417][487]LogVSAccessor: Warning: Couldn't access Visual Studio
[2019.04.03-22.03.43:423][487]LogVSAccessor: Warning: Couldn't access module table
[2019.04.03-22.03.43:423][487]LogVSAccessor: Warning: Couldn't access module table
[2019.04.03-22.03.43:423][487]LogVSAccessor: Warning: Couldn't access module table
[2019.04.03-22.03.43:423][487]LogVSAccessor: Warning: Couldn't access module table
[2019.04.03-22.03.43:424][487]LogVSAccessor: Warning: Couldn't access module table
[2019.04.03-22.03.43:424][487]LogVSAccessor: Warning: Couldn't access module table
[2019.04.03-22.03.43:424][487]LogVSAccessor: Warning: Couldn't access module table
[2019.04.03-22.03.43:424][487]LogVSAccessor: Warning: Couldn't access module table
[2019.04.03-22.03.43:424][487]LogVSAccessor: Warning: Couldn't access module table
[2019.04.03-22.03.43:424][487]LogVSAccessor: Warning: Couldn't access module table
[2019.04.03-22.03.43:424][487]LogVSAccessor: Warning: Couldn't access module table
[2019.04.03-22.03.43:424][487]LogVSAccessor: Warning: Couldn't access module table
[2019.04.03-22.03.43:425][487]LogVSAccessor: Warning: Couldn't access module table
[2019.04.03-22.03.43:425][487]LogVSAccessor: Warning: Couldn't access module table
[2019.04.03-22.03.43:425][487]LogVSAccessor: Warning: Couldn't access module table
[2019.04.03-22.03.43:425][487]LogVSAccessor: Warning: Couldn't access module table
[2019.04.03-22.03.43:425][487]LogVSAccessor: Warning: Couldn't access module table
[2019.04.03-22.03.43:425][487]LogVSAccessor: Warning: Couldn't access module table
[2019.04.03-22.03.43:425][487]LogVSAccessor: Warning: Couldn't access module table
[2019.04.03-22.03.43:425][487]LogVSAccessor: Warning: Couldn't access module table
[2019.04.03-22.03.43:425][487]LogVSAccessor: Warning: Couldn't access module table
[2019.04.03-22.03.43:426][487]LogVSAccessor: Warning: Couldn't access module table
[2019.04.03-22.03.43:426][487]LogVSAccessor: Warning: Couldn't access module table
[2019.04.03-22.03.43:426][487]LogVSAccessor: Warning: Couldn't access module table
[2019.04.03-22.03.43:426][487]LogVSAccessor: Warning: Couldn't access module table
[2019.04.03-22.03.43:426][487]LogVSAccessor: Warning: Couldn't access module table
[2019.04.03-22.03.43:426][487]LogVSAccessor: Warning: Couldn't access module table
[2019.04.03-22.03.43:426][487]LogVSAccessor: Warning: Couldn't access module table
[2019.04.03-22.03.43:426][487]LogVSAccessor: Warning: Couldn't access module table
[2019.04.03-22.03.43:426][487]LogVSAccessor: Warning: Couldn't access module table
[2019.04.03-22.03.43:427][487]LogVSAccessor: Warning: Couldn't access module table
[2019.04.03-22.03.43:427][487]LogVSAccessor: Warning: Couldn't access module table
[2019.04.03-22.03.43:427][487]LogVSAccessor: Warning: Couldn't access module table
[2019.04.03-22.03.43:427][487]LogVSAccessor: Warning: Couldn't access module table
[2019.04.03-22.03.43:427][487]LogVSAccessor: Warning: Couldn't access module table
[2019.04.03-22.03.43:427][487]LogVSAccessor: Warning: Couldn't access module table
[2019.04.03-22.03.43:427][487]LogVSAccessor: Warning: Couldn't access module table
[2019.04.03-22.03.43:427][487]LogVSAccessor: Warning: Couldn't access module table
[2019.04.03-22.03.43:427][487]LogVSAccessor: Warning: Couldn't access module table
[2019.04.03-22.03.43:427][487]LogVSAccessor: Warning: Couldn't access module table
[2019.04.03-22.03.43:428][487]LogVSAccessor: Warning: Couldn't access module table
[2019.04.03-22.03.43:428][487]LogVSAccessor: Warning: Couldn't access module table
[2019.04.03-22.03.43:428][487]LogVSAccessor: Warning: Couldn't access module table
[2019.04.03-22.03.43:428][487]LogVSAccessor: Warning: Couldn't access module table
[2019.04.03-22.03.43:428][487]LogVSAccessor: Warning: Couldn't access module table
[2019.04.03-22.03.43:428][487]LogVSAccessor: Warning: Couldn't access module table
[2019.04.03-22.03.43:428][487]LogVSAccessor: Warning: Couldn't access module table
[2019.04.03-22.03.43:428][487]LogVSAccessor: Warning: Couldn't access module table
[2019.04.03-22.03.43:428][487]LogVSAccessor: Warning: Couldn't access module table
[2019.04.03-22.03.43:429][487]LogVSAccessor: Warning: Couldn't access module table
[2019.04.03-22.03.43:429][487]LogVSAccessor: Warning: Couldn't access module table
[2019.04.03-22.03.43:429][487]LogVSAccessor: Warning: Couldn't access module table
[2019.04.03-22.03.43:429][487]LogVSAccessor: Warning: Couldn't access module table
[2019.04.03-22.03.43:429][487]LogVSAccessor: Warning: Couldn't access module table
[2019.04.03-22.03.43:429][487]LogVSAccessor: Warning: Couldn't access module table
[2019.04.03-22.03.43:429][487]LogVSAccessor: Warning: Couldn't access module table
[2019.04.03-22.03.43:429][487]LogVSAccessor: Warning: Couldn't access module table
[2019.04.03-22.03.43:429][487]LogVSAccessor: Warning: Couldn't access module table
[2019.04.03-22.03.43:430][487]LogVSAccessor: Warning: Couldn't access module table
[2019.04.03-22.03.43:430][487]LogVSAccessor: Warning: Couldn't access module table
[2019.04.03-22.03.43:430][487]LogVSAccessor: Warning: Couldn't access module table
[2019.04.03-22.03.43:430][487]LogVSAccessor: Warning: Couldn't access module table
[2019.04.03-22.03.43:430][487]LogVSAccessor: Warning: Couldn't access module table
[2019.04.03-22.03.43:430][487]LogVSAccessor: Warning: Couldn't access module table
[2019.04.03-22.03.43:430][487]LogVSAccessor: Warning: Couldn't access module table
[2019.04.03-22.03.43:430][487]LogVSAccessor: Warning: Couldn't access module table
[2019.04.03-22.03.43:430][487]LogVSAccessor: Warning: Couldn't access module table
[2019.04.03-22.03.43:431][487]LogVSAccessor: Warning: Couldn't access module table
[2019.04.03-22.03.43:431][487]LogVSAccessor: Warning: Couldn't access module table
[2019.04.03-22.03.43:431][487]LogVSAccessor: Warning: Couldn't access module table
[2019.04.03-22.03.43:431][487]LogVSAccessor: Warning: Couldn't access module table
[2019.04.03-22.03.43:431][487]LogVSAccessor: Warning: Couldn't access module table
[2019.04.03-22.03.43:431][487]LogVSAccessor: Warning: Couldn't access module table
[2019.04.03-22.03.43:431][487]LogVSAccessor: Warning: Couldn't access module table
[2019.04.03-22.03.43:431][487]LogVSAccessor: Warning: Couldn't access module table
[2019.04.03-22.03.43:431][487]LogVSAccessor: Warning: Couldn't access module table
[2019.04.03-22.03.43:432][487]LogVSAccessor: Warning: Couldn't access module table
[2019.04.03-22.03.43:432][487]LogVSAccessor: Warning: Couldn't access module table
[2019.04.03-22.03.43:432][487]LogVSAccessor: Warning: Couldn't access module table
[2019.04.03-22.03.43:432][487]LogVSAccessor: Warning: Couldn't access module table
[2019.04.03-22.03.43:432][487]LogVSAccessor: Warning: Couldn't access module table
[2019.04.03-22.03.43:432][487]LogVSAccessor: Warning: Couldn't access module table
[2019.04.03-22.03.43:432][487]LogVSAccessor: Warning: Couldn't access module table
[2019.04.03-22.03.43:432][487]LogVSAccessor: Warning: Couldn't access module table
[2019.04.03-22.03.43:432][487]LogVSAccessor: Warning: Couldn't access module table
[2019.04.03-22.03.43:433][487]LogVSAccessor: Warning: Couldn't access module table
[2019.04.03-22.03.43:433][487]LogVSAccessor: Warning: Couldn't access module table
[2019.04.03-22.03.43:433][487]LogVSAccessor: Warning: Couldn't access module table
[2019.04.03-22.03.43:433][487]LogVSAccessor: Warning: Couldn't access module table
[2019.04.03-22.03.43:433][487]LogVSAccessor: Warning: Couldn't access module table
[2019.04.03-22.03.43:433][487]LogVSAccessor: Warning: Couldn't access module table
[2019.04.03-22.03.43:433][487]LogVSAccessor: Warning: Couldn't access module table
[2019.04.03-22.03.43:433][487]LogVSAccessor: Warning: Couldn't access module table
[2019.04.03-22.03.43:433][487]LogVSAccessor: Warning: Couldn't access module table
[2019.04.03-22.03.43:434][487]LogVSAccessor: Warning: Couldn't access module table
[2019.04.03-22.03.43:434][487]LogVSAccessor: Warning: Couldn't access module table
[2019.04.03-22.03.43:434][487]LogVSAccessor: Warning: Couldn't access module table
[2019.04.03-22.03.43:434][487]LogVSAccessor: Warning: Couldn't access module table
[2019.04.03-22.03.43:434][487]LogVSAccessor: Warning: Couldn't access module table
[2019.04.03-22.03.43:434][487]LogVSAccessor: Warning: Couldn't access module table
[2019.04.03-22.03.43:434][487]LogVSAccessor: Warning: Couldn't access module table
[2019.04.03-22.03.43:434][487]LogVSAccessor: Warning: Couldn't access module table
[2019.04.03-22.03.43:434][487]LogVSAccessor: Warning: Couldn't access module table
[2019.04.03-22.03.43:435][487]LogVSAccessor: Warning: Couldn't access module table
[2019.04.03-22.03.43:435][487]LogVSAccessor: Warning: Couldn't access module table
[2019.04.03-22.03.43:435][487]LogVSAccessor: Warning: Couldn't access module table
[2019.04.03-22.03.43:435][487]LogVSAccessor: Warning: Couldn't access module table
[2019.04.03-22.03.43:435][487]LogVSAccessor: Warning: Couldn't access module table
[2019.04.03-22.03.43:435][487]LogVSAccessor: Warning: Couldn't access module table
[2019.04.03-22.03.43:435][487]LogVSAccessor: Warning: Couldn't access module table
[2019.04.03-22.03.43:435][487]LogVSAccessor: Warning: Couldn't access module table
[2019.04.03-22.03.43:435][487]LogVSAccessor: Warning: Couldn't access module table
[2019.04.03-22.03.43:436][487]LogVSAccessor: Warning: Couldn't access module table
[2019.04.03-22.03.43:436][487]LogVSAccessor: Warning: Couldn't access module table
[2019.04.03-22.03.43:436][487]LogVSAccessor: Warning: Couldn't access module table
[2019.04.03-22.03.43:436][487]LogVSAccessor: Warning: Couldn't access module table
[2019.04.03-22.03.43:436][487]LogVSAccessor: Warning: Couldn't access module table
[2019.04.03-22.03.43:436][487]LogVSAccessor: Warning: Couldn't access module table
[2019.04.03-22.03.43:436][487]LogVSAccessor: Warning: Couldn't access module table
[2019.04.03-22.03.43:436][487]LogVSAccessor: Warning: Couldn't access module table
[2019.04.03-22.03.43:436][487]LogVSAccessor: Warning: Couldn't access module table
[2019.04.03-22.03.43:437][487]LogVSAccessor: Warning: Couldn't access module table
[2019.04.03-22.03.43:437][487]LogVSAccessor: Warning: Couldn't access module table
[2019.04.03-22.03.43:437][487]LogVSAccessor: Warning: Couldn't access module table
[2019.04.03-22.03.43:437][487]LogVSAccessor: Warning: Couldn't access module table
[2019.04.03-22.03.43:437][487]LogVSAccessor: Warning: Couldn't access module table
[2019.04.03-22.03.43:480][487]LogVSAccessor: Warning: Couldn't access module table
[2019.04.03-22.03.43:481][487]LogVSAccessor: Warning: Couldn't access module table
[2019.04.03-22.03.43:495][487]LogVSAccessor: Warning: Couldn't access module table
[2019.04.03-22.03.43:506][487]LogVSAccessor: Warning: Couldn't access module table
[2019.04.03-22.04.02:626][640]LogSlate: FSceneViewport::OnFocusLost() reason 0
[2019.04.03-22.04.03:129][641]LogSavePackage: Moving '../../../../../../Users/db11000454/Documents/Unreal Projects/MyBegginner2/UnrealGame/Saved/Level_Chapater273B23B834EED4E727B3DDB818B7301EA.tmp' to '../../../../../../Users/db11000454/Documents/Unreal Projects/MyBegginner2/UnrealGame/Content/maps/Level_Chapater2.umap'
[2019.04.03-22.04.03:189][641]LogSavePackage: Moving '../../../../../../Users/db11000454/Documents/Unreal Projects/MyBegginner2/UnrealGame/Saved/Level_Chapater2_BuiltData02D5EE4443782F3A7334A18B3E39328C.tmp' to '../../../../../../Users/db11000454/Documents/Unreal Projects/MyBegginner2/UnrealGame/Content/maps/Level_Chapater2_BuiltData.uasset'
