Log file open, 04/02/19 14:12:58
LogWindows: Failed to load 'aqProf.dll' (GetLastError=126)
LogWindows: File 'aqProf.dll' does not exist
LogWindows: Failed to load 'VSPerf140.dll' (GetLastError=126)
LogWindows: File 'VSPerf140.dll' does not exist
LogWindows: Failed to load 'VtuneApi.dll' (GetLastError=126)
LogWindows: File 'VtuneApi.dll' does not exist
LogWindows: Failed to load 'VtuneApi32e.dll' (GetLastError=126)
LogWindows: File 'VtuneApi32e.dll' does not exist
LogInit: Display: Running engine for game: MyBegginner2
LogPlatformFile: Not using cached read wrapper
LogTaskGraph: Started task graph with 5 named threads and 14 total threads with 3 sets of task threads.
LogStats: Stats thread started at 0.264291
LogD3D11RHI: Loaded GFSDK_Aftermath_Lib.x64.dll
LogICUInternationalization: Display: ICU TimeZone Detection - Raw Offset: -8:00, Platform Override: ''
LogPluginManager: Mounting plugin Paper2D
LogPluginManager: Mounting plugin AISupport
LogPluginManager: Mounting plugin LightPropagationVolume
LogPluginManager: Mounting plugin CLionSourceCodeAccess
LogPluginManager: Mounting plugin CodeLiteSourceCodeAccess
LogPluginManager: Mounting plugin GitSourceControl
LogPluginManager: Mounting plugin KDevelopSourceCodeAccess
LogPluginManager: Mounting plugin NullSourceCodeAccess
LogPluginManager: Mounting plugin PerforceSourceControl
LogPluginManager: Mounting plugin SubversionSourceControl
LogPluginManager: Mounting plugin UObjectPlugin
LogPluginManager: Mounting plugin VisualStudioCodeSourceCodeAccess
LogPluginManager: Mounting plugin VisualStudioSourceCodeAccess
LogPluginManager: Mounting plugin XCodeSourceCodeAccess
LogPluginManager: Mounting plugin AssetManagerEditor
LogPluginManager: Mounting plugin CryptoKeys
LogPluginManager: Mounting plugin DataValidation
LogPluginManager: Mounting plugin FacialAnimation
LogPluginManager: Mounting plugin GameplayTagsEditor
LogPluginManager: Mounting plugin MacGraphicsSwitching
LogPluginManager: Mounting plugin MeshEditor
LogPluginManager: Mounting plugin MobileLauncherProfileWizard
LogPluginManager: Mounting plugin PluginBrowser
LogPluginManager: Mounting plugin SpeedTreeImporter
LogPluginManager: Mounting plugin DatasmithContent
LogPluginManager: Mounting plugin AlembicImporter
LogPluginManager: Mounting plugin AppleImageUtils
LogPluginManager: Mounting plugin AppleVision
LogPluginManager: Mounting plugin BackChannel
LogPluginManager: Mounting plugin CharacterAI
LogPluginManager: Mounting plugin GeometryCache
LogPluginManager: Mounting plugin HTML5Networking
LogPluginManager: Mounting plugin ProxyLODPlugin
LogPluginManager: Mounting plugin MagicLeap
LogPluginManager: Mounting plugin MagicLeapEmulator
LogPluginManager: Mounting plugin MagicLeapMedia
LogPluginManager: Mounting plugin AndroidMedia
LogPluginManager: Mounting plugin AvfMedia
LogPluginManager: Mounting plugin ImgMedia
LogPluginManager: Mounting plugin LinearTimecode
LogPluginManager: Mounting plugin MediaCompositing
LogPluginManager: Mounting plugin MediaPlayerEditor
LogPluginManager: Mounting plugin WmfMedia
LogPluginManager: Mounting plugin TcpMessaging
LogPluginManager: Mounting plugin UdpMessaging
LogPluginManager: Mounting plugin ActorSequence
LogPluginManager: Mounting plugin LevelSequenceEditor
LogPluginManager: Mounting plugin MatineeToLevelSequence
LogPluginManager: Mounting plugin NetcodeUnitTest
LogPluginManager: Mounting plugin NUTUnrealEngine4
LogPluginManager: Mounting plugin OnlineSubsystemGooglePlay
LogPluginManager: Mounting plugin OnlineSubsystemIOS
LogPluginManager: Mounting plugin OnlineSubsystem
LogPluginManager: Mounting plugin OnlineSubsystemNull
LogPluginManager: Mounting plugin OnlineSubsystemUtils
LogPluginManager: Mounting plugin LauncherChunkInstaller
LogPluginManager: Mounting plugin AndroidDeviceProfileSelector
LogPluginManager: Mounting plugin AndroidMoviePlayer
LogPluginManager: Mounting plugin AndroidPermission
LogPluginManager: Mounting plugin AppleMoviePlayer
LogPluginManager: Mounting plugin ArchVisCharacter
LogPluginManager: Mounting plugin AudioCapture
LogPluginManager: Mounting plugin CableComponent
LogPluginManager: Mounting plugin CustomMeshComponent
LogPluginManager: Mounting plugin EditableMesh
LogPluginManager: Mounting plugin ExampleDeviceProfileSelector
LogPluginManager: Mounting plugin GoogleCloudMessaging
LogPluginManager: Mounting plugin ImmediatePhysics
LogPluginManager: Mounting plugin IOSDeviceProfileSelector
LogPluginManager: Mounting plugin LinuxDeviceProfileSelector
LogPluginManager: Mounting plugin LocationServicesBPLibrary
LogPluginManager: Mounting plugin MobilePatchingUtils
LogPluginManager: Mounting plugin OculusVR
LogPluginManager: Plugin shader directory ../../../Engine/Plugins/Runtime/Oculus/OculusVR/Shaders found
LogPluginManager: Mapping shader source directory ../../../Engine/Plugins/Runtime/Oculus/OculusVR/Shaders to virtual directory /Plugin/OculusVR
LogPluginManager: Mounting plugin PhysXVehicles
LogPluginManager: Mounting plugin ProceduralMeshComponent
LogPluginManager: Mounting plugin RuntimePhysXCooking
LogPluginManager: Mounting plugin SteamVR
LogPluginManager: Mounting plugin WindowsMoviePlayer
LogStreaming: Display: Took  0.343s to configure plugins.
LogInit: Using libcurl 7.55.1-DEV
LogInit:  - built for x86_64-pc-win32
LogInit:  - supports SSL with OpenSSL/1.0.2h
LogInit:  - supports HTTP deflate (compression) using libz 1.2.8
LogInit:  - other features:
LogInit:      CURL_VERSION_SSL
LogInit:      CURL_VERSION_LIBZ
LogInit:      CURL_VERSION_IPV6
LogInit:      CURL_VERSION_ASYNCHDNS
LogInit:      CURL_VERSION_LARGEFILE
LogInit:      CURL_VERSION_IDN
LogInit:  CurlRequestOptions (configurable via config and command line):
LogInit:  - bVerifyPeer = false  - Libcurl will NOT verify peer certificate
LogInit:  - bUseHttpProxy = false  - Libcurl will NOT use HTTP proxy
LogInit:  - bDontReuseConnections = false  - Libcurl will reuse connections
LogInit:  - CertBundlePath = nullptr  - Libcurl will use whatever was configured at build time.
LogInit:  - MaxHostConnections = 16  - Libcurl will limit the number of connections to a host
LogInit:  - LocalHostAddr = Default
LogInit:  - BufferSize = 65536
LogInit: WinSock: version 1.1 (2.2), MaxSocks=32767, MaxUdp=65467
LogInit: Build: ++UE4+Release-4.20-CL-4369336
LogInit: Engine Version: 4.20.3-4369336+++UE4+Release-4.20
LogInit: Compatible Engine Version: 4.20.0-4212847+++UE4+Release-4.20
LogInit: Net CL: 4212847
LogInit: OS: Windows 10 (), CPU: Intel(R) Core(TM) i5-7400 CPU @ 3.00GHz, GPU: Intel(R) HD Graphics 630
LogInit: Compiled (64-bit): Sep 17 2018 12:26:19
LogInit: Compiled with Visual C++: 19.13.26129.00
LogInit: Build Configuration: Development
LogInit: Branch Name: ++UE4+Release-4.20
LogInit: Command Line:  
LogInit: Base Directory: C:/Program Files/Epic Games/UE_4.20/Engine/Binaries/Win64/
LogInit: Installed Engine Build: 1
LogDevObjectVersion: Number of dev versions registered: 20
LogDevObjectVersion:   Dev-Blueprints (B0D832E4-1F89-4F0D-ACCF-7EB736FD4AA2): 10
LogDevObjectVersion:   Dev-Build (E1C64328-A22C-4D53-A36C-8E866417BD8C): 0
LogDevObjectVersion:   Dev-Core (375EC13C-06E4-48FB-B500-84F0262A717E): 2
LogDevObjectVersion:   Dev-Editor (E4B068ED-F494-42E9-A231-DA0B2E46BB41): 24
LogDevObjectVersion:   Dev-Framework (CFFC743F-43B0-4480-9391-14DF171D2073): 34
LogDevObjectVersion:   Dev-Mobile (B02B49B5-BB20-44E9-A304-32B752E40360): 2
LogDevObjectVersion:   Dev-Networking (A4E4105C-59A1-49B5-A7C5-40C4547EDFEE): 0
LogDevObjectVersion:   Dev-Online (39C831C9-5AE6-47DC-9A44-9C173E1C8E7C): 0
LogDevObjectVersion:   Dev-Physics (78F01B33-EBEA-4F98-B9B4-84EACCB95AA2): 0
LogDevObjectVersion:   Dev-Platform (6631380F-2D4D-43E0-8009-CF276956A95A): 0
LogDevObjectVersion:   Dev-Rendering (12F88B9F-8875-4AFC-A67C-D90C383ABD29): 26
LogDevObjectVersion:   Dev-Sequencer (7B5AE74C-D270-4C10-A958-57980B212A5A): 9
LogDevObjectVersion:   Dev-VR (D7296918-1DD6-4BDD-9DE2-64A83CC13884): 2
LogDevObjectVersion:   Dev-LoadTimes (C2A15278-BFE7-4AFE-6C17-90FF531DF755): 1
LogDevObjectVersion:   Private-Geometry (6EACA3D4-40EC-4CC1-B786-8BED09428FC5): 3
LogDevObjectVersion:   Dev-AnimPhys (29E575DD-E0A3-4627-9D10-D276232CDCEA): 17
LogDevObjectVersion:   Dev-ReflectionCapture (6B266CEC-1EC7-4B8F-A30B-E4D90942FC07): 1
LogDevObjectVersion:   Dev-Automation (0DF73D61-A23F-47EA-B727-89E90C41499A): 1
LogDevObjectVersion:   FortniteMain (601D1886-AC64-4F84-AA16-D3DE0DEAC7D6): 12
LogDevObjectVersion:   Dev-Enterprise (9DFFBCD6-494F-0158-E221-12823C92A888): 1
LogStreaming: Display: Took  0.002s to delete old logs.
LogInit: Presizing for max 8388607 objects, including 0 objects not considered by GC, pre-allocating 0 bytes for permanent pool.
LogInit: Object subsystem initialized
[2019.04.02-21.12.59:328][  0]LogInit: Selected Device Profile: [Windows]
[2019.04.02-21.12.59:328][  0]LogInit: Applying CVar settings loaded from the selected device profile: [Windows]
[2019.04.02-21.12.59:341][  0]LogHAL: Display: Platform has ~ 8 GB [8492687360 / 8589934592 / 8], which maps to Default [LargestMinGB=32, LargerMinGB=12, DefaultMinGB=8, SmallerMinGB=6, SmallestMinGB=0)
[2019.04.02-21.12.59:341][  0]LogInit: Setting Device Profile CVar: [[r.Vulkan.UseRealUBs:1]]
[2019.04.02-21.12.59:341][  0]LogInit: Going up to parent DeviceProfile []
[2019.04.02-21.12.59:342][  0]LogInit: Computer: ESHSD-SD00345
[2019.04.02-21.12.59:342][  0]LogInit: User: db11000454
[2019.04.02-21.12.59:342][  0]LogInit: CPU Page size=4096, Cores=4
[2019.04.02-21.12.59:342][  0]LogInit: High frequency timer resolution =2.929685 MHz
[2019.04.02-21.12.59:342][  0]LogMemory: Memory total: Physical=7.9GB (8GB approx)
[2019.04.02-21.12.59:342][  0]LogMemory: Platform Memory Stats for Windows
[2019.04.02-21.12.59:342][  0]LogMemory: Process Physical Memory: 100.20 MB used, 100.20 MB peak
[2019.04.02-21.12.59:342][  0]LogMemory: Process Virtual Memory: 84.14 MB used, 84.14 MB peak
[2019.04.02-21.12.59:342][  0]LogMemory: Physical Memory: 3685.99 MB used,  4413.27 MB free, 8099.26 MB total
[2019.04.02-21.12.59:342][  0]LogMemory: Virtual Memory: 4625.43 MB used,  4413.27 MB free, 134217728.00 MB total
[2019.04.02-21.12.59:636][  0]LogInit: Using OS detected language (en-US).
[2019.04.02-21.12.59:636][  0]LogInit: Using OS detected locale (en-US).
[2019.04.02-21.12.59:637][  0]LogTextLocalizationManager: No specific localization for 'en-US' exists, so the 'en' localization will be used.
[2019.04.02-21.13.00:037][  0]LogStreaming: Display: Took  0.401s to InitEngineTextLocalization.
[2019.04.02-21.13.00:037][  0]LogInit: Setting process to per monitor DPI aware
[2019.04.02-21.13.00:106][  0]LogSlate: New Slate User Created.  User Index 0, Is Virtual User: 0
[2019.04.02-21.13.00:106][  0]LogSlate: Slate User Registered.  User Index 0, Is Virtual User: 0
[2019.04.02-21.13.00:523][  0]LogHMD: Failed to initialize OpenVR with code 110
[2019.04.02-21.13.00:523][  0]LogD3D11RHI: D3D11 adapters:
[2019.04.02-21.13.00:561][  0]LogD3D11RHI:    0. 'Intel(R) HD Graphics 630' (Feature Level 11_0)
[2019.04.02-21.13.00:562][  0]LogD3D11RHI:       128/0/4049 MB DedicatedVideo/DedicatedSystem/SharedSystem, Outputs:1, VendorId:0x8086
[2019.04.02-21.13.00:566][  0]LogD3D11RHI:    1. 'Microsoft Basic Render Driver' (Feature Level 11_0)
[2019.04.02-21.13.00:566][  0]LogD3D11RHI:       0/0/4049 MB DedicatedVideo/DedicatedSystem/SharedSystem, Outputs:0, VendorId:0x1414
[2019.04.02-21.13.00:566][  0]LogD3D11RHI: Chosen D3D11 Adapter: 0
[2019.04.02-21.13.00:572][  0]LogD3D11RHI: Creating new Direct3DDevice
[2019.04.02-21.13.00:572][  0]LogD3D11RHI:     GPU DeviceId: 0x5912 (for the marketing name, search the web for "GPU Device Id")
[2019.04.02-21.13.00:572][  0]LogWindows: EnumDisplayDevices:
[2019.04.02-21.13.00:573][  0]LogWindows:    0. 'Intel(R) HD Graphics 630' (P:1 D:1)
[2019.04.02-21.13.00:573][  0]LogWindows:    1. 'Intel(R) HD Graphics 630' (P:0 D:0)
[2019.04.02-21.13.00:574][  0]LogWindows:    2. 'Intel(R) HD Graphics 630' (P:0 D:0)
[2019.04.02-21.13.00:574][  0]LogWindows: DebugString: FoundDriverCount:3 
[2019.04.02-21.13.00:574][  0]LogD3D11RHI:     Adapter Name: Intel(R) HD Graphics 630
[2019.04.02-21.13.00:574][  0]LogD3D11RHI:   Driver Version: 24.20.100.6286 (internal:24.20.100.6286, unified:24.20.100.6286)
[2019.04.02-21.13.00:574][  0]LogD3D11RHI:      Driver Date: 8-15-2018
[2019.04.02-21.13.00:574][  0]LogRHI: Texture pool is 1506 MB (70% of 2152 MB)
[2019.04.02-21.13.00:606][  0]LogD3D11RHI: Async texture creation enabled
[2019.04.02-21.13.00:612][  0]LogD3D11RHI: GPU Timing Frequency: 12.000048 (Debug: 2 0)
[2019.04.02-21.13.00:613][  0]LogShaderCompilers: Guid format shader working directory is -34 characters bigger than the processId version (../../../../../../Users/db11000454/Documents/Unreal Projects/MyBegginner2/UnrealGame/Intermediate/Shaders/WorkingDirectory/14348/).
[2019.04.02-21.13.00:613][  0]LogShaderCompilers: Cleaned the shader compiler working directory 'C:/Users/db11000454/AppData/Local/Temp/UnrealShaderWorkingDir/8535C2E94EC0C37F2376B686EB35B589/'.
[2019.04.02-21.13.01:009][  0]LogTemp: Display: Loaded TP AllDesktopTargetPlatform
[2019.04.02-21.13.01:037][  0]LogTemp: Display: Loaded TP MacClientTargetPlatform
[2019.04.02-21.13.01:066][  0]LogTemp: Display: Loaded TP MacNoEditorTargetPlatform
[2019.04.02-21.13.01:095][  0]LogTemp: Display: Loaded TP MacServerTargetPlatform
[2019.04.02-21.13.01:125][  0]LogTemp: Display: Loaded TP MacTargetPlatform
[2019.04.02-21.13.01:153][  0]LogTemp: Display: Loaded TP WindowsClientTargetPlatform
[2019.04.02-21.13.01:182][  0]LogTemp: Display: Loaded TP WindowsNoEditorTargetPlatform
[2019.04.02-21.13.01:211][  0]LogTemp: Display: Loaded TP WindowsServerTargetPlatform
[2019.04.02-21.13.01:232][  0]LogTemp: Display: Loaded TP WindowsTargetPlatform
[2019.04.02-21.13.01:331][  0]LogTemp: Display: Loaded TP AndroidTargetPlatform
[2019.04.02-21.13.01:331][  0]LogTemp: Display: Loaded TP AndroidTargetPlatform
[2019.04.02-21.13.01:331][  0]LogTemp: Display: Loaded TP AndroidTargetPlatform
[2019.04.02-21.13.01:331][  0]LogTemp: Display: Loaded TP AndroidTargetPlatform
[2019.04.02-21.13.01:331][  0]LogTemp: Display: Loaded TP AndroidTargetPlatform
[2019.04.02-21.13.01:331][  0]LogTemp: Display: Loaded TP AndroidTargetPlatform
[2019.04.02-21.13.01:331][  0]LogTemp: Display: Loaded TP AndroidTargetPlatform
[2019.04.02-21.13.01:331][  0]LogTemp: Display: Loaded TP AndroidTargetPlatform
[2019.04.02-21.13.01:331][  0]LogTemp: Display: Loaded TP AndroidTargetPlatform
[2019.04.02-21.13.01:331][  0]LogTemp: Display: Loaded TP AndroidTargetPlatform
[2019.04.02-21.13.01:331][  0]LogTemp: Display: Loaded TP AndroidTargetPlatform
[2019.04.02-21.13.01:331][  0]LogTemp: Display: Loaded TP AndroidTargetPlatform
[2019.04.02-21.13.01:331][  0]LogTemp: Display: Loaded TP AndroidTargetPlatform
[2019.04.02-21.13.01:331][  0]LogTemp: Display: Loaded TP AndroidTargetPlatform
[2019.04.02-21.13.01:331][  0]LogTemp: Display: Loaded TP AndroidTargetPlatform
[2019.04.02-21.13.01:331][  0]LogTemp: Display: Loaded TP AndroidTargetPlatform
[2019.04.02-21.13.01:331][  0]LogTemp: Display: Loaded TP AndroidTargetPlatform
[2019.04.02-21.13.01:332][  0]LogTemp: Display: Loaded TP AndroidTargetPlatform
[2019.04.02-21.13.01:349][  0]LogTemp: Display: Loaded TP HTML5TargetPlatform
[2019.04.02-21.13.01:455][  0]LogTemp: Display: Loaded TP IOSTargetPlatform
[2019.04.02-21.13.01:455][  0]LogTemp: Display: Loaded TP IOSTargetPlatform
[2019.04.02-21.13.01:497][  0]LogTemp: Display: Loaded TP TVOSTargetPlatform
[2019.04.02-21.13.01:497][  0]LogTemp: Display: Loaded TP TVOSTargetPlatform
[2019.04.02-21.13.01:527][  0]LogTemp: Display: Loaded TP LinuxClientTargetPlatform
[2019.04.02-21.13.01:557][  0]LogTemp: Display: Loaded TP LinuxNoEditorTargetPlatform
[2019.04.02-21.13.01:587][  0]LogTemp: Display: Loaded TP LinuxServerTargetPlatform
[2019.04.02-21.13.01:618][  0]LogTemp: Display: Loaded TP LinuxTargetPlatform
[2019.04.02-21.13.01:646][  0]LogTemp: Display: Loaded TP LuminTargetPlatform
[2019.04.02-21.13.01:646][  0]LogTargetPlatformManager: Display: Building Assets For Windows
[2019.04.02-21.13.02:111][  0]LogXGEController: Cleaning working directory: C:/Users/db11000454/AppData/Local/Temp/UnrealXGEWorkingDir/
[2019.04.02-21.13.02:112][  0]LogXGEController: Cannot use XGE Controller as Incredibuild is not installed on this machine.
[2019.04.02-21.13.02:112][  0]LogShaderCompilers: Cannot use XGE Shader Compiler as Incredibuild is not installed on this machine.
[2019.04.02-21.13.02:112][  0]LogShaderCompilers: Display: Using Local Shader Compiler.
[2019.04.02-21.13.03:026][  0]LogDerivedDataCache: Display: Max Cache Size: 512 MB
[2019.04.02-21.13.03:089][  0]LogDerivedDataCache: Loaded boot cache 0.06s 71MB C:/Users/db11000454/AppData/Local/UnrealEngine/4.20/DerivedDataCache/Boot.ddc.
[2019.04.02-21.13.03:089][  0]LogDerivedDataCache: Display: Loaded Boot cache: C:/Users/db11000454/AppData/Local/UnrealEngine/4.20/DerivedDataCache/Boot.ddc
[2019.04.02-21.13.03:089][  0]LogDerivedDataCache: FDerivedDataBackendGraph:  Pak pak cache file ../../../../../../Users/db11000454/Documents/Unreal Projects/MyBegginner2/UnrealGame/DerivedDataCache/DDC.ddp not found, will not use a pak cache.
[2019.04.02-21.13.03:089][  0]LogDerivedDataCache: Unable to find inner node Pak for hierarchical cache Hierarchy.
[2019.04.02-21.13.03:089][  0]LogDerivedDataCache: FDerivedDataBackendGraph:  CompressedPak pak cache file ../../../../../../Users/db11000454/Documents/Unreal Projects/MyBegginner2/UnrealGame/DerivedDataCache/Compressed.ddp not found, will not use a pak cache.
[2019.04.02-21.13.03:089][  0]LogDerivedDataCache: Unable to find inner node CompressedPak for hierarchical cache Hierarchy.
[2019.04.02-21.13.03:105][  0]LogDerivedDataCache: Display: Pak cache opened for reading ../../../Engine/DerivedDataCache/Compressed.ddp.
[2019.04.02-21.13.03:119][  0]LogDerivedDataCache: Using Local data cache path C:/Users/db11000454/AppData/Local/UnrealEngine/Common/DerivedDataCache: Writable
[2019.04.02-21.13.03:119][  0]LogDerivedDataCache: Shared data cache path not found in *engine.ini, will not use an Shared cache.
[2019.04.02-21.13.03:119][  0]LogDerivedDataCache: Unable to find inner node Shared for hierarchical cache Hierarchy.
[2019.04.02-21.13.03:137][  0]LogMaterial: Verifying Global Shaders for PCD3D_SM5
[2019.04.02-21.13.03:138][  0]LogSlate: Using FreeType 2.6.0
[2019.04.02-21.13.03:140][  0]LogSlate: SlateFontServices - WITH_FREETYPE: 1, WITH_HARFBUZZ: 1
[2019.04.02-21.13.03:248][  0]LogAssetRegistry: FAssetRegistry took 0.0271 seconds to start up
[2019.04.02-21.13.03:604][  0]LogInit: Selected Device Profile: [Windows]
[2019.04.02-21.13.03:909][  0]LogSimplygon: Simplygon DLL not present - disabling.
[2019.04.02-21.13.03:944][  0]LogMeshReduction: Using SimplygonSwarm for distributed automatic mesh merging
[2019.04.02-21.13.03:944][  0]LogMeshReduction: Using ProxyLODMeshReduction for automatic mesh merging
[2019.04.02-21.13.03:944][  0]LogMeshReduction: Using QuadricMeshReduction for automatic static mesh reduction
[2019.04.02-21.13.03:944][  0]LogMeshReduction: No automatic skeletal mesh reduction module available
[2019.04.02-21.13.03:960][  0]LogNetVersion: MyBegginner2 1.0.0, NetCL: 4212847, EngineNetVer: 5, GameNetVer: 0 (Checksum: 1216330280)
[2019.04.02-21.13.04:672][  0]LogPackageLocalizationCache: Processed 11 localized package path(s) for 2 prioritized culture(s) in 0.175237 seconds
[2019.04.02-21.13.04:678][  0]LogUObjectArray: 38425 objects as part of root set at end of initial load.
[2019.04.02-21.13.04:678][  0]LogUObjectAllocator: 6690872 out of 0 bytes used by permanent object pool.
[2019.04.02-21.13.04:678][  0]LogUObjectArray: CloseDisregardForGC: 0/0 objects in disregard for GC pool
[2019.04.02-21.13.06:626][  0]LogTcpMessaging: Initializing TcpMessaging bridge
[2019.04.02-21.13.06:654][  0]LogUdpMessaging: Initializing bridge on interface 0.0.0.0:0 to multicast group 230.0.0.1:6666.
[2019.04.02-21.13.07:053][  0]SourceControl: Source control is disabled
[2019.04.02-21.13.07:053][  0]SourceControl: Source control is disabled
[2019.04.02-21.13.07:070][  0]SourceControl: Source control is disabled
[2019.04.02-21.13.07:090][  0]SourceControl: Source control is disabled
[2019.04.02-21.13.07:840][  0]LogAndroidPermission: UAndroidPermissionCallbackProxy::GetInstance
[2019.04.02-21.13.07:993][  0]LogOcInput: OculusInput pre-init called
[2019.04.02-21.13.08:131][  0]LogEngine: Initializing Engine...
[2019.04.02-21.13.08:132][  0]LogHMD: Failed to initialize OpenVR with code 110
[2019.04.02-21.13.08:133][  0]LogStats: UGameplayTagsManager::ConstructGameplayTagTree: ImportINI prefixes -  0.000 s
[2019.04.02-21.13.08:133][  0]LogStats: UGameplayTagsManager::ConstructGameplayTagTree: Construct from data asset -  0.000 s
[2019.04.02-21.13.08:133][  0]LogStats: UGameplayTagsManager::ConstructGameplayTagTree: ImportINI -  0.000 s
[2019.04.02-21.13.08:133][  0]LogStats: UGameplayTagsManager::ConstructGameplayTagTree: GameplayTagTreeChangedEvent.Broadcast -  0.000 s
[2019.04.02-21.13.08:371][  0]LogInit: Initializing FReadOnlyCVARCache
[2019.04.02-21.13.08:407][  0]LogAIModule: Creating AISystem for world Untitled
[2019.04.02-21.13.08:566][  0]LogInit: XAudio2 using 'Speakers (Realtek(R) Audio)' : 2 channels at 48 kHz using 32 bits per sample (channel mask 0x3)
[2019.04.02-21.13.08:635][  0]LogInit: FAudioDevice initialized.
[2019.04.02-21.13.08:636][  0]LogNetVersion: Set ProjectVersion to 1.0.0.0. Version Checksum will be recalculated on next use.
[2019.04.02-21.13.08:689][  0]LogDerivedDataCache: Saved boot cache 0.05s 71MB C:/Users/db11000454/AppData/Local/UnrealEngine/4.20/DerivedDataCache/Boot.ddc.
[2019.04.02-21.13.08:697][  0]LogInit: Texture streaming: Enabled
[2019.04.02-21.13.08:781][  0]LogEngineSessionManager: EngineSessionManager initialized
[2019.04.02-21.13.08:810][  0]LogInit: Transaction tracking system initialized
[2019.04.02-21.13.08:913][  0]BlueprintLog: New page: Editor Load
[2019.04.02-21.13.09:328][  0]LocalizationService: Localization service is disabled
[2019.04.02-21.13.10:258][  0]LogCook: Display: Max memory allowance for cook 16384mb min free memory 0mb
[2019.04.02-21.13.10:258][  0]LogCook: Display: Mobile HDR setting 1
[2019.04.02-21.13.10:259][  0]LogGameplayTags: Display: UGameplayTagsManager::DoneAddingNativeTags. DelegateIsBound: 0
[2019.04.02-21.13.10:259][  0]LogStats: UGameplayTagsManager::ConstructGameplayTagTree: ImportINI prefixes -  0.000 s
[2019.04.02-21.13.10:259][  0]LogStats: UGameplayTagsManager::ConstructGameplayTagTree: Construct from data asset -  0.000 s
[2019.04.02-21.13.10:259][  0]LogStats: UGameplayTagsManager::ConstructGameplayTagTree: ImportINI -  0.000 s
[2019.04.02-21.13.10:259][  0]LogStats: UGameplayTagsManager::ConstructGameplayTagTree: GameplayTagTreeChangedEvent.Broadcast -  0.000 s
[2019.04.02-21.13.10:808][  0]LogFileCache: Scanning file cache for directory 'C:/Users/db11000454/Documents/Unreal Projects/MyBegginner2/UnrealGame/Content/' took 0.02s
[2019.04.02-21.13.10:808][  0]SourceControl: Source control is disabled
[2019.04.02-21.13.10:809][  0]Cmd: MAP LOAD FILE="../../../../../../Users/db11000454/Documents/Unreal Projects/MyBegginner2/UnrealGame/Content/FirstPersonBP/Maps/FirstPersonExampleMap.umap" TEMPLATE=0 SHOWPROGRESS=1 FEATURELEVEL=3
[2019.04.02-21.13.10:809][  0]LightingResults: New page: Lighting Build
[2019.04.02-21.13.10:812][  0]MapCheck: New page: Map Check
[2019.04.02-21.13.10:812][  0]LightingResults: New page: Lighting Build
[2019.04.02-21.13.11:402][  0]LogAIModule: Creating AISystem for world FirstPersonExampleMap
[2019.04.02-21.13.11:428][  0]LogEditorServer: Finished looking for orphan Actors (0.000 secs)
[2019.04.02-21.13.11:454][  0]Cmd: MAP CHECKDEP NOCLEARLOG
[2019.04.02-21.13.11:619][  0]MapCheck: Map check complete: 0 Error(s), 0 Warning(s), took 165.334ms to complete.
[2019.04.02-21.13.11:619][  0]LogFileHelpers: Loading map 'FirstPersonExampleMap' took 0.810
[2019.04.02-21.13.11:752][  0]LogSlate: Updating window title bar state: overlay mode, drag disabled, window buttons hidden, title bar hidden
[2019.04.02-21.13.11:761][  0]LogSlate: Updating window title bar state: overlay mode, drag disabled, window buttons hidden, title bar hidden
[2019.04.02-21.13.11:769][  0]LogSlate: Updating window title bar state: overlay mode, drag disabled, window buttons hidden, title bar hidden
[2019.04.02-21.13.11:777][  0]LogSlate: Updating window title bar state: overlay mode, drag disabled, window buttons hidden, title bar hidden
[2019.04.02-21.13.11:807][  0]LogCollectionManager: Loaded 0 collections in 0.001538 seconds
[2019.04.02-21.13.11:870][  0]LogFileCache: Scanning file cache for directory 'C:/Users/db11000454/Documents/Unreal Projects/MyBegginner2/UnrealGame/Saved/Collections/' took 0.01s
[2019.04.02-21.13.11:870][  0]LogFileCache: Scanning file cache for directory 'C:/Users/db11000454/Documents/Unreal Projects/MyBegginner2/UnrealGame/Content/Developers/db11000454/Collections/' took 0.01s
[2019.04.02-21.13.11:871][  0]LogFileCache: Scanning file cache for directory 'C:/Users/db11000454/Documents/Unreal Projects/MyBegginner2/UnrealGame/Content/Collections/' took 0.01s
[2019.04.02-21.13.11:871][  0]LogCollectionManager: Rebuilt the GUID cache for 0 collections in 0.000000 seconds
[2019.04.02-21.13.11:883][  0]LogContentBrowser: Native class hierarchy populated in 0.0106 seconds. Added 2572 classes and 603 folders.
[2019.04.02-21.13.11:897][  0]LogContentBrowser: Native class hierarchy updated for 'WidgetCarousel' in 0.0003 seconds. Added 0 classes and 0 folders.
[2019.04.02-21.13.12:037][  0]LogContentBrowser: Native class hierarchy updated for 'AddContentDialog' in 0.0002 seconds. Added 0 classes and 0 folders.
[2019.04.02-21.13.12:063][  0]LogContentBrowser: Native class hierarchy updated for 'SceneOutliner' in 0.0003 seconds. Added 1 classes and 2 folders.
[2019.04.02-21.13.12:175][  0]LogContentBrowser: Native class hierarchy updated for 'HierarchicalLODOutliner' in 0.0003 seconds. Added 0 classes and 0 folders.
[2019.04.02-21.13.12:175][  0]LogLoad: (Engine Initialization) Total time: 15.76 seconds
[2019.04.02-21.13.12:175][  0]LogLoad: (Engine Initialization) Total Blueprint compile time: 0.00 seconds
[2019.04.02-21.13.12:186][  0]LogWindowsTextInputMethodSystem: Display: IME system now deactivated.
[2019.04.02-21.13.12:226][  0]LogContentStreaming: Texture pool size now 600 MB
[2019.04.02-21.13.12:227][  0]LogSlate: Took 0.000492 seconds to synchronously load lazily loaded font '../../../Engine/Content/Slate/Fonts/Roboto-Regular.ttf' (155K)
[2019.04.02-21.13.12:229][  0]LogSlate: Took 0.000420 seconds to synchronously load lazily loaded font '../../../Engine/Content/Slate/Fonts/Roboto-Bold.ttf' (160K)
[2019.04.02-21.13.12:238][  0]LogSlate: Took 0.002543 seconds to synchronously load lazily loaded font '../../../Engine/Content/Editor/Slate/Fonts/FontAwesome.ttf' (139K)
[2019.04.02-21.13.12:351][  0]LogSlate: Took 0.001667 seconds to synchronously load lazily loaded font '../../../Engine/Content/Slate/Fonts/Roboto-Light.ttf' (167K)
[2019.04.02-21.13.12:369][  1]LogRenderer: Reallocating scene render targets to support 804x360 Format 9 NumSamples 1 (Frame:1).
[2019.04.02-21.13.12:370][  1]LogFileCache: Retrieving MD5 hashes for directory 'C:/Users/db11000454/Documents/Unreal Projects/MyBegginner2/UnrealGame/Content/' took 0.17s
[2019.04.02-21.13.13:124][  1]LogAssetRegistry: Asset discovery search completed in 9.8996 seconds
[2019.04.02-21.13.13:127][  1]LogCollectionManager: Rebuilt the object cache for 0 collections in 0.000000 seconds (found 0 objects)
[2019.04.02-21.13.13:127][  1]LogCollectionManager: Fixed up redirectors for 0 collections in 0.000105 seconds (updated 0 objects)
[2019.04.02-21.13.13:744][  4]LogSlate: Took 0.000549 seconds to synchronously load lazily loaded font '../../../Engine/Content/Slate/Fonts/Roboto-Light.ttf' (167K)
[2019.04.02-21.14.11:558][158]LogSlate: FSceneViewport::OnFocusLost() reason 0
[2019.04.02-21.15.55:602][ 10]LogAIModule: Creating AISystem for world Level_Chapater2
[2019.04.02-21.15.55:625][ 10]LogAssetEditorManager: Opening Asset editor for World /Game/maps/Level_Chapater2.Level_Chapater2
[2019.04.02-21.15.55:652][ 10]Cmd: MAP LOAD FILE="../../../../../../Users/db11000454/Documents/Unreal Projects/MyBegginner2/UnrealGame/Content/maps/Level_Chapater2.umap" TEMPLATE=0 SHOWPROGRESS=1 FEATURELEVEL=3
[2019.04.02-21.15.55:652][ 10]LightingResults: New page: Lighting Build
[2019.04.02-21.15.55:653][ 10]LoadErrors: New page: Loading map: Level_Chapater2.umap
[2019.04.02-21.15.55:654][ 10]MapCheck: New page: Map Check
[2019.04.02-21.15.55:654][ 10]LightingResults: New page: Lighting Build
[2019.04.02-21.15.55:779][ 10]LogEditorServer: Finished looking for orphan Actors (0.000 secs)
[2019.04.02-21.15.55:822][ 10]Cmd: MAP CHECKDEP NOCLEARLOG
[2019.04.02-21.15.55:995][ 10]MapCheck: Map check complete: 0 Error(s), 0 Warning(s), took 172.442ms to complete.
[2019.04.02-21.15.55:995][ 10]LogFileHelpers: Loading map 'Level_Chapater2' took 0.343
[2019.04.02-21.38.13:023][141]LogEditorViewport: Clicking on Actor (LMB): StaticMeshActor (1M_Cube_Chamfer)
[2019.04.02-21.57.52:885][877]LogSlate: FSceneViewport::OnFocusLost() reason 0
[2019.04.02-22.04.04:130][396]LogSlate: Window 'MyBegginner2 - Unreal Editor' being destroyed
[2019.04.02-22.04.04:131][396]LogWindowsTextInputMethodSystem: Display: IME system now deactivated.
[2019.04.02-22.04.04:363][397]Cmd: QUIT_EDITOR
[2019.04.02-22.04.04:417][397]LogExit: Preparing to exit.
[2019.04.02-22.04.05:642][397]LogExit: Editor shut down
[2019.04.02-22.04.05:643][397]LogExit: Transaction tracking system shut down
[2019.04.02-22.04.06:258][397]LogExit: Object subsystem successfully closed.
[2019.04.02-22.04.06:287][397]LogShaderCompilers: Display: Shaders left to compile 0
[2019.04.02-22.04.06:293][397]LogD3D11RHI: Shutdown
[2019.04.02-22.04.06:293][397]LogD3D11RHI: CleanupD3DDevice
[2019.04.02-22.04.06:310][397]LogD3D11RHI: ~FD3D11DynamicRHI
[2019.04.02-22.04.06:343][397]LogModuleManager: Shutting down and abandoning module HierarchicalLODOutliner (610)
[2019.04.02-22.04.06:343][397]LogModuleManager: Shutting down and abandoning module SceneOutliner (608)
[2019.04.02-22.04.06:343][397]LogModuleManager: Shutting down and abandoning module AddContentDialog (606)
[2019.04.02-22.04.06:349][397]LogModuleManager: Shutting down and abandoning module WidgetCarousel (605)
[2019.04.02-22.04.06:349][397]LogModuleManager: Shutting down and abandoning module EditorWidgets (602)
[2019.04.02-22.04.06:349][397]LogModuleManager: Shutting down and abandoning module CollectionManager (600)
[2019.04.02-22.04.06:349][397]LogModuleManager: Shutting down and abandoning module StatsViewer (598)
[2019.04.02-22.04.06:349][397]LogModuleManager: Shutting down and abandoning module FoliageEdit (596)
[2019.04.02-22.04.06:349][397]LogModuleManager: Shutting down and abandoning module LandscapeEditor (594)
[2019.04.02-22.04.06:350][397]LogModuleManager: Shutting down and abandoning module MeshPaintMode (592)
[2019.04.02-22.04.06:350][397]LogModuleManager: Shutting down and abandoning module SceneDepthPickerMode (590)
[2019.04.02-22.04.06:350][397]LogModuleManager: Shutting down and abandoning module ActorPickerMode (588)
[2019.04.02-22.04.06:350][397]LogModuleManager: Shutting down and abandoning module GeometryMode (586)
[2019.04.02-22.04.06:350][397]LogModuleManager: Shutting down and abandoning module TextureAlignMode (584)
[2019.04.02-22.04.06:350][397]LogModuleManager: Shutting down and abandoning module BspMode (582)
[2019.04.02-22.04.06:350][397]LogModuleManager: Shutting down and abandoning module PIEPreviewDeviceProfileSelector (580)
[2019.04.02-22.04.06:350][397]LogModuleManager: Shutting down and abandoning module SequenceRecorderSections (578)
[2019.04.02-22.04.06:350][397]LogModuleManager: Shutting down and abandoning module AutomationWorker (576)
[2019.04.02-22.04.06:350][397]LogModuleManager: Shutting down and abandoning module AudioCaptureEditor (574)
[2019.04.02-22.04.06:350][397]LogModuleManager: Shutting down and abandoning module SequenceRecorder (573)
[2019.04.02-22.04.06:350][397]LogModuleManager: Shutting down and abandoning module MatineeToLevelSequence (570)
[2019.04.02-22.04.06:350][397]LogModuleManager: Shutting down and abandoning module LevelSequenceEditor (568)
[2019.04.02-22.04.06:350][397]LogModuleManager: Shutting down and abandoning module PlacementMode (567)
[2019.04.02-22.04.06:350][397]LogModuleManager: Shutting down and abandoning module MaterialEditor (566)
[2019.04.02-22.04.06:350][397]LogModuleManager: Shutting down and abandoning module WmfMediaFactory (562)
[2019.04.02-22.04.06:350][397]LogModuleManager: Shutting down and abandoning module WmfMediaEditor (560)
[2019.04.02-22.04.06:350][397]LogModuleManager: Shutting down and abandoning module MediaPlayerEditor (558)
[2019.04.02-22.04.06:350][397]LogModuleManager: Shutting down and abandoning module OpenExrWrapper (556)
[2019.04.02-22.04.06:350][397]LogModuleManager: Shutting down and abandoning module ImgMediaFactory (554)
[2019.04.02-22.04.06:351][397]LogModuleManager: Shutting down and abandoning module ImgMediaEditor (552)
[2019.04.02-22.04.06:351][397]LogModuleManager: Shutting down and abandoning module AvfMediaFactory (550)
[2019.04.02-22.04.06:351][397]LogModuleManager: Shutting down and abandoning module AvfMediaEditor (548)
[2019.04.02-22.04.06:351][397]LogModuleManager: Shutting down and abandoning module AndroidMediaFactory (546)
[2019.04.02-22.04.06:351][397]LogModuleManager: Shutting down and abandoning module AndroidMediaEditor (544)
[2019.04.02-22.04.06:351][397]LogModuleManager: Shutting down and abandoning module MagicLeapCameraPreviewFactory (542)
[2019.04.02-22.04.06:351][397]LogModuleManager: Shutting down and abandoning module MagicLeapMediaFactory (540)
[2019.04.02-22.04.06:351][397]LogModuleManager: Shutting down and abandoning module MagicLeapMediaEditor (538)
[2019.04.02-22.04.06:351][397]LogModuleManager: Shutting down and abandoning module CharacterAI (536)
[2019.04.02-22.04.06:351][397]LogModuleManager: Shutting down and abandoning module SmartSnapping (534)
[2019.04.02-22.04.06:351][397]LogModuleManager: Shutting down and abandoning module SessionServices (532)
[2019.04.02-22.04.06:351][397]LogModuleManager: Shutting down and abandoning module ViewportSnapping (530)
[2019.04.02-22.04.06:351][397]LogModuleManager: Shutting down and abandoning module ViewportInteraction (528)
[2019.04.02-22.04.06:351][397]LogModuleManager: Shutting down and abandoning module ClothPainter (526)
[2019.04.02-22.04.06:351][397]LogModuleManager: Shutting down and abandoning module SkeletalMeshEditor (525)
[2019.04.02-22.04.06:351][397]LogModuleManager: Shutting down and abandoning module LogVisualizer (522)
[2019.04.02-22.04.06:351][397]LogModuleManager: Shutting down and abandoning module IntroTutorials (520)
[2019.04.02-22.04.06:351][397]LogModuleManager: Shutting down and abandoning module GameProjectGeneration (519)
[2019.04.02-22.04.06:351][397]LogModuleManager: Shutting down and abandoning module LuminPlatformEditor (516)
[2019.04.02-22.04.06:351][397]LogModuleManager: Shutting down and abandoning module IOSPlatformEditor (514)
[2019.04.02-22.04.06:351][397]LogModuleManager: Shutting down and abandoning module HTML5PlatformEditor (512)
[2019.04.02-22.04.06:351][397]LogModuleManager: Shutting down and abandoning module AndroidPlatformEditor (510)
[2019.04.02-22.04.06:351][397]LogModuleManager: Shutting down and abandoning module AndroidDeviceDetection (509)
