Log file open, 03/25/19 14:18:20
LogWindows: Failed to load 'aqProf.dll' (GetLastError=126)
LogWindows: File 'aqProf.dll' does not exist
LogWindows: Failed to load 'VSPerf140.dll' (GetLastError=126)
LogWindows: File 'VSPerf140.dll' does not exist
LogWindows: Failed to load 'VtuneApi.dll' (GetLastError=126)
LogWindows: File 'VtuneApi.dll' does not exist
LogWindows: Failed to load 'VtuneApi32e.dll' (GetLastError=126)
LogWindows: File 'VtuneApi32e.dll' does not exist
LogInit: Display: Running engine for game: MyBegginner
LogPlatformFile: Not using cached read wrapper
LogTaskGraph: Started task graph with 5 named threads and 14 total threads with 3 sets of task threads.
LogStats: Stats thread started at 0.198961
LogD3D11RHI: Loaded GFSDK_Aftermath_Lib.x64.dll
LogICUInternationalization: Display: ICU TimeZone Detection - Raw Offset: -8:00, Platform Override: ''
LogPluginManager: Mounting plugin Paper2D
LogPluginManager: Mounting plugin AISupport
LogPluginManager: Mounting plugin LightPropagationVolume
LogPluginManager: Mounting plugin CLionSourceCodeAccess
LogPluginManager: Mounting plugin CodeLiteSourceCodeAccess
LogPluginManager: Mounting plugin GitSourceControl
LogPluginManager: Mounting plugin KDevelopSourceCodeAccess
LogPluginManager: Mounting plugin NullSourceCodeAccess
LogPluginManager: Mounting plugin PerforceSourceControl
LogPluginManager: Mounting plugin SubversionSourceControl
LogPluginManager: Mounting plugin UObjectPlugin
LogPluginManager: Mounting plugin VisualStudioCodeSourceCodeAccess
LogPluginManager: Mounting plugin VisualStudioSourceCodeAccess
LogPluginManager: Mounting plugin XCodeSourceCodeAccess
LogPluginManager: Mounting plugin AssetManagerEditor
LogPluginManager: Mounting plugin CryptoKeys
LogPluginManager: Mounting plugin DataValidation
LogPluginManager: Mounting plugin FacialAnimation
LogPluginManager: Mounting plugin GameplayTagsEditor
LogPluginManager: Mounting plugin MacGraphicsSwitching
LogPluginManager: Mounting plugin MeshEditor
LogPluginManager: Mounting plugin MobileLauncherProfileWizard
LogPluginManager: Mounting plugin PluginBrowser
LogPluginManager: Mounting plugin SpeedTreeImporter
LogPluginManager: Mounting plugin DatasmithContent
LogPluginManager: Mounting plugin AlembicImporter
LogPluginManager: Mounting plugin AppleImageUtils
LogPluginManager: Mounting plugin AppleVision
LogPluginManager: Mounting plugin BackChannel
LogPluginManager: Mounting plugin CharacterAI
LogPluginManager: Mounting plugin GeometryCache
LogPluginManager: Mounting plugin HTML5Networking
LogPluginManager: Mounting plugin ProxyLODPlugin
LogPluginManager: Mounting plugin MagicLeap
LogPluginManager: Mounting plugin MagicLeapEmulator
LogPluginManager: Mounting plugin MagicLeapMedia
LogPluginManager: Mounting plugin AndroidMedia
LogPluginManager: Mounting plugin AvfMedia
LogPluginManager: Mounting plugin ImgMedia
LogPluginManager: Mounting plugin LinearTimecode
LogPluginManager: Mounting plugin MediaCompositing
LogPluginManager: Mounting plugin MediaPlayerEditor
LogPluginManager: Mounting plugin WmfMedia
LogPluginManager: Mounting plugin TcpMessaging
LogPluginManager: Mounting plugin UdpMessaging
LogPluginManager: Mounting plugin ActorSequence
LogPluginManager: Mounting plugin LevelSequenceEditor
LogPluginManager: Mounting plugin MatineeToLevelSequence
LogPluginManager: Mounting plugin NetcodeUnitTest
LogPluginManager: Mounting plugin NUTUnrealEngine4
LogPluginManager: Mounting plugin OnlineSubsystemGooglePlay
LogPluginManager: Mounting plugin OnlineSubsystemIOS
LogPluginManager: Mounting plugin OnlineSubsystem
LogPluginManager: Mounting plugin OnlineSubsystemNull
LogPluginManager: Mounting plugin OnlineSubsystemUtils
LogPluginManager: Mounting plugin LauncherChunkInstaller
LogPluginManager: Mounting plugin AndroidDeviceProfileSelector
LogPluginManager: Mounting plugin AndroidMoviePlayer
LogPluginManager: Mounting plugin AndroidPermission
LogPluginManager: Mounting plugin AppleMoviePlayer
LogPluginManager: Mounting plugin ArchVisCharacter
LogPluginManager: Mounting plugin AudioCapture
LogPluginManager: Mounting plugin CableComponent
LogPluginManager: Mounting plugin CustomMeshComponent
LogPluginManager: Mounting plugin EditableMesh
LogPluginManager: Mounting plugin ExampleDeviceProfileSelector
LogPluginManager: Mounting plugin GoogleCloudMessaging
LogPluginManager: Mounting plugin ImmediatePhysics
LogPluginManager: Mounting plugin IOSDeviceProfileSelector
LogPluginManager: Mounting plugin LinuxDeviceProfileSelector
LogPluginManager: Mounting plugin LocationServicesBPLibrary
LogPluginManager: Mounting plugin MobilePatchingUtils
LogPluginManager: Mounting plugin OculusVR
LogPluginManager: Plugin shader directory ../../../Engine/Plugins/Runtime/Oculus/OculusVR/Shaders found
LogPluginManager: Mapping shader source directory ../../../Engine/Plugins/Runtime/Oculus/OculusVR/Shaders to virtual directory /Plugin/OculusVR
LogPluginManager: Mounting plugin PhysXVehicles
LogPluginManager: Mounting plugin ProceduralMeshComponent
LogPluginManager: Mounting plugin RuntimePhysXCooking
LogPluginManager: Mounting plugin SteamVR
LogPluginManager: Mounting plugin WindowsMoviePlayer
LogStreaming: Display: Took  0.265s to configure plugins.
LogInit: Using libcurl 7.55.1-DEV
LogInit:  - built for x86_64-pc-win32
LogInit:  - supports SSL with OpenSSL/1.0.2h
LogInit:  - supports HTTP deflate (compression) using libz 1.2.8
LogInit:  - other features:
LogInit:      CURL_VERSION_SSL
LogInit:      CURL_VERSION_LIBZ
LogInit:      CURL_VERSION_IPV6
LogInit:      CURL_VERSION_ASYNCHDNS
LogInit:      CURL_VERSION_LARGEFILE
LogInit:      CURL_VERSION_IDN
LogInit:  CurlRequestOptions (configurable via config and command line):
LogInit:  - bVerifyPeer = false  - Libcurl will NOT verify peer certificate
LogInit:  - bUseHttpProxy = false  - Libcurl will NOT use HTTP proxy
LogInit:  - bDontReuseConnections = false  - Libcurl will reuse connections
LogInit:  - CertBundlePath = nullptr  - Libcurl will use whatever was configured at build time.
LogInit:  - MaxHostConnections = 16  - Libcurl will limit the number of connections to a host
LogInit:  - LocalHostAddr = Default
LogInit:  - BufferSize = 65536
LogInit: WinSock: version 1.1 (2.2), MaxSocks=32767, MaxUdp=65467
LogInit: Build: ++UE4+Release-4.20-CL-4369336
LogInit: Engine Version: 4.20.3-4369336+++UE4+Release-4.20
LogInit: Compatible Engine Version: 4.20.0-4212847+++UE4+Release-4.20
LogInit: Net CL: 4212847
LogInit: OS: Windows 10 (), CPU: Intel(R) Core(TM) i5-7400 CPU @ 3.00GHz, GPU: Intel(R) HD Graphics 630
LogInit: Compiled (64-bit): Sep 17 2018 12:26:19
LogInit: Compiled with Visual C++: 19.13.26129.00
LogInit: Build Configuration: Development
LogInit: Branch Name: ++UE4+Release-4.20
LogInit: Command Line: -EpicPortal  -epicusername="smallestgecko56" -epicuserid=3442e522aa2f447881023d2aa07f6e6a -epiclocale=en-US
LogInit: Base Directory: C:/Program Files/Epic Games/UE_4.20/Engine/Binaries/Win64/
LogInit: Installed Engine Build: 1
LogDevObjectVersion: Number of dev versions registered: 20
LogDevObjectVersion:   Dev-Blueprints (B0D832E4-1F89-4F0D-ACCF-7EB736FD4AA2): 10
LogDevObjectVersion:   Dev-Build (E1C64328-A22C-4D53-A36C-8E866417BD8C): 0
LogDevObjectVersion:   Dev-Core (375EC13C-06E4-48FB-B500-84F0262A717E): 2
LogDevObjectVersion:   Dev-Editor (E4B068ED-F494-42E9-A231-DA0B2E46BB41): 24
LogDevObjectVersion:   Dev-Framework (CFFC743F-43B0-4480-9391-14DF171D2073): 34
LogDevObjectVersion:   Dev-Mobile (B02B49B5-BB20-44E9-A304-32B752E40360): 2
LogDevObjectVersion:   Dev-Networking (A4E4105C-59A1-49B5-A7C5-40C4547EDFEE): 0
LogDevObjectVersion:   Dev-Online (39C831C9-5AE6-47DC-9A44-9C173E1C8E7C): 0
LogDevObjectVersion:   Dev-Physics (78F01B33-EBEA-4F98-B9B4-84EACCB95AA2): 0
LogDevObjectVersion:   Dev-Platform (6631380F-2D4D-43E0-8009-CF276956A95A): 0
LogDevObjectVersion:   Dev-Rendering (12F88B9F-8875-4AFC-A67C-D90C383ABD29): 26
LogDevObjectVersion:   Dev-Sequencer (7B5AE74C-D270-4C10-A958-57980B212A5A): 9
LogDevObjectVersion:   Dev-VR (D7296918-1DD6-4BDD-9DE2-64A83CC13884): 2
LogDevObjectVersion:   Dev-LoadTimes (C2A15278-BFE7-4AFE-6C17-90FF531DF755): 1
LogDevObjectVersion:   Private-Geometry (6EACA3D4-40EC-4CC1-B786-8BED09428FC5): 3
LogDevObjectVersion:   Dev-AnimPhys (29E575DD-E0A3-4627-9D10-D276232CDCEA): 17
LogDevObjectVersion:   Dev-ReflectionCapture (6B266CEC-1EC7-4B8F-A30B-E4D90942FC07): 1
LogDevObjectVersion:   Dev-Automation (0DF73D61-A23F-47EA-B727-89E90C41499A): 1
LogDevObjectVersion:   FortniteMain (601D1886-AC64-4F84-AA16-D3DE0DEAC7D6): 12
LogDevObjectVersion:   Dev-Enterprise (9DFFBCD6-494F-0158-E221-12823C92A888): 1
LogStreaming: Display: Took  0.001s to delete old logs.
LogInit: Presizing for max 8388607 objects, including 0 objects not considered by GC, pre-allocating 0 bytes for permanent pool.
LogInit: Object subsystem initialized
[2019.03.25-21.18.20:652][  0]LogInit: Selected Device Profile: [Windows]
[2019.03.25-21.18.20:652][  0]LogInit: Applying CVar settings loaded from the selected device profile: [Windows]
[2019.03.25-21.18.20:665][  0]LogHAL: Display: Platform has ~ 8 GB [8492687360 / 8589934592 / 8], which maps to Default [LargestMinGB=32, LargerMinGB=12, DefaultMinGB=8, SmallerMinGB=6, SmallestMinGB=0)
[2019.03.25-21.18.20:665][  0]LogInit: Setting Device Profile CVar: [[r.Vulkan.UseRealUBs:1]]
[2019.03.25-21.18.20:665][  0]LogInit: Going up to parent DeviceProfile []
[2019.03.25-21.18.20:665][  0]LogInit: Computer: ESHSD-SD00345
[2019.03.25-21.18.20:665][  0]LogInit: User: db11000454
[2019.03.25-21.18.20:666][  0]LogInit: CPU Page size=4096, Cores=4
[2019.03.25-21.18.20:666][  0]LogInit: High frequency timer resolution =2.929685 MHz
[2019.03.25-21.18.20:666][  0]LogMemory: Memory total: Physical=7.9GB (8GB approx)
[2019.03.25-21.18.20:666][  0]LogMemory: Platform Memory Stats for Windows
[2019.03.25-21.18.20:666][  0]LogMemory: Process Physical Memory: 100.38 MB used, 100.38 MB peak
[2019.03.25-21.18.20:666][  0]LogMemory: Process Virtual Memory: 84.20 MB used, 84.20 MB peak
[2019.03.25-21.18.20:666][  0]LogMemory: Physical Memory: 3637.57 MB used,  4461.69 MB free, 8099.26 MB total
[2019.03.25-21.18.20:666][  0]LogMemory: Virtual Memory: 4625.43 MB used,  4461.69 MB free, 134217728.00 MB total
[2019.03.25-21.18.20:690][  0]LogInit: Using OS detected language (en-US).
[2019.03.25-21.18.20:690][  0]LogInit: Using OS detected locale (en-US).
[2019.03.25-21.18.20:691][  0]LogTextLocalizationManager: No specific localization for 'en-US' exists, so the 'en' localization will be used.
[2019.03.25-21.18.21:066][  0]LogStreaming: Display: Took  0.375s to InitEngineTextLocalization.
[2019.03.25-21.18.21:066][  0]LogInit: Setting process to per monitor DPI aware
[2019.03.25-21.18.21:091][  0]LogSlate: New Slate User Created.  User Index 0, Is Virtual User: 0
[2019.03.25-21.18.21:091][  0]LogSlate: Slate User Registered.  User Index 0, Is Virtual User: 0
[2019.03.25-21.18.21:479][  0]LogHMD: Failed to initialize OpenVR with code 110
[2019.03.25-21.18.21:479][  0]LogD3D11RHI: D3D11 adapters:
[2019.03.25-21.18.21:512][  0]LogD3D11RHI:    0. 'Intel(R) HD Graphics 630' (Feature Level 11_0)
[2019.03.25-21.18.21:512][  0]LogD3D11RHI:       128/0/4049 MB DedicatedVideo/DedicatedSystem/SharedSystem, Outputs:1, VendorId:0x8086
[2019.03.25-21.18.21:515][  0]LogD3D11RHI:    1. 'Microsoft Basic Render Driver' (Feature Level 11_0)
[2019.03.25-21.18.21:515][  0]LogD3D11RHI:       0/0/4049 MB DedicatedVideo/DedicatedSystem/SharedSystem, Outputs:0, VendorId:0x1414
[2019.03.25-21.18.21:516][  0]LogD3D11RHI: Chosen D3D11 Adapter: 0
[2019.03.25-21.18.21:520][  0]LogD3D11RHI: Creating new Direct3DDevice
[2019.03.25-21.18.21:520][  0]LogD3D11RHI:     GPU DeviceId: 0x5912 (for the marketing name, search the web for "GPU Device Id")
[2019.03.25-21.18.21:521][  0]LogWindows: EnumDisplayDevices:
[2019.03.25-21.18.21:521][  0]LogWindows:    0. 'Intel(R) HD Graphics 630' (P:1 D:1)
[2019.03.25-21.18.21:521][  0]LogWindows:    1. 'Intel(R) HD Graphics 630' (P:0 D:0)
[2019.03.25-21.18.21:522][  0]LogWindows:    2. 'Intel(R) HD Graphics 630' (P:0 D:0)
[2019.03.25-21.18.21:522][  0]LogWindows: DebugString: FoundDriverCount:3 
[2019.03.25-21.18.21:522][  0]LogD3D11RHI:     Adapter Name: Intel(R) HD Graphics 630
[2019.03.25-21.18.21:522][  0]LogD3D11RHI:   Driver Version: 24.20.100.6286 (internal:24.20.100.6286, unified:24.20.100.6286)
[2019.03.25-21.18.21:522][  0]LogD3D11RHI:      Driver Date: 8-15-2018
[2019.03.25-21.18.21:522][  0]LogRHI: Texture pool is 1506 MB (70% of 2152 MB)
[2019.03.25-21.18.21:550][  0]LogD3D11RHI: Async texture creation enabled
[2019.03.25-21.18.21:557][  0]LogD3D11RHI: GPU Timing Frequency: 12.000048 (Debug: 2 0)
[2019.03.25-21.18.21:558][  0]LogShaderCompilers: Guid format shader working directory is -21 characters bigger than the processId version (../../../../../../Users/db11000454/Documents/Unreal Projects/MyBegginner/Intermediate/Shaders/WorkingDirectory/9648/).
[2019.03.25-21.18.21:558][  0]LogShaderCompilers: Cleaned the shader compiler working directory 'C:/Users/db11000454/AppData/Local/Temp/UnrealShaderWorkingDir/427730CE4BD2009EECF51D9E33805A3A/'.
[2019.03.25-21.18.21:933][  0]LogTemp: Display: Loaded TP AllDesktopTargetPlatform
[2019.03.25-21.18.21:948][  0]LogTemp: Display: Loaded TP MacClientTargetPlatform
[2019.03.25-21.18.21:963][  0]LogTemp: Display: Loaded TP MacNoEditorTargetPlatform
[2019.03.25-21.18.21:977][  0]LogTemp: Display: Loaded TP MacServerTargetPlatform
[2019.03.25-21.18.21:993][  0]LogTemp: Display: Loaded TP MacTargetPlatform
[2019.03.25-21.18.22:008][  0]LogTemp: Display: Loaded TP WindowsClientTargetPlatform
[2019.03.25-21.18.22:024][  0]LogTemp: Display: Loaded TP WindowsNoEditorTargetPlatform
[2019.03.25-21.18.22:039][  0]LogTemp: Display: Loaded TP WindowsServerTargetPlatform
[2019.03.25-21.18.22:047][  0]LogTemp: Display: Loaded TP WindowsTargetPlatform
[2019.03.25-21.18.22:131][  0]LogTemp: Display: Loaded TP AndroidTargetPlatform
[2019.03.25-21.18.22:131][  0]LogTemp: Display: Loaded TP AndroidTargetPlatform
[2019.03.25-21.18.22:131][  0]LogTemp: Display: Loaded TP AndroidTargetPlatform
[2019.03.25-21.18.22:131][  0]LogTemp: Display: Loaded TP AndroidTargetPlatform
[2019.03.25-21.18.22:131][  0]LogTemp: Display: Loaded TP AndroidTargetPlatform
[2019.03.25-21.18.22:131][  0]LogTemp: Display: Loaded TP AndroidTargetPlatform
[2019.03.25-21.18.22:131][  0]LogTemp: Display: Loaded TP AndroidTargetPlatform
[2019.03.25-21.18.22:131][  0]LogTemp: Display: Loaded TP AndroidTargetPlatform
[2019.03.25-21.18.22:131][  0]LogTemp: Display: Loaded TP AndroidTargetPlatform
[2019.03.25-21.18.22:131][  0]LogTemp: Display: Loaded TP AndroidTargetPlatform
[2019.03.25-21.18.22:131][  0]LogTemp: Display: Loaded TP AndroidTargetPlatform
[2019.03.25-21.18.22:131][  0]LogTemp: Display: Loaded TP AndroidTargetPlatform
[2019.03.25-21.18.22:131][  0]LogTemp: Display: Loaded TP AndroidTargetPlatform
[2019.03.25-21.18.22:131][  0]LogTemp: Display: Loaded TP AndroidTargetPlatform
[2019.03.25-21.18.22:131][  0]LogTemp: Display: Loaded TP AndroidTargetPlatform
[2019.03.25-21.18.22:132][  0]LogTemp: Display: Loaded TP AndroidTargetPlatform
[2019.03.25-21.18.22:132][  0]LogTemp: Display: Loaded TP AndroidTargetPlatform
[2019.03.25-21.18.22:132][  0]LogTemp: Display: Loaded TP AndroidTargetPlatform
[2019.03.25-21.18.22:134][  0]LogTemp: Display: Loaded TP HTML5TargetPlatform
[2019.03.25-21.18.22:198][  0]LogTemp: Display: Loaded TP IOSTargetPlatform
[2019.03.25-21.18.22:198][  0]LogTemp: Display: Loaded TP IOSTargetPlatform
[2019.03.25-21.18.22:224][  0]LogTemp: Display: Loaded TP TVOSTargetPlatform
[2019.03.25-21.18.22:224][  0]LogTemp: Display: Loaded TP TVOSTargetPlatform
[2019.03.25-21.18.22:237][  0]LogTemp: Display: Loaded TP LinuxClientTargetPlatform
[2019.03.25-21.18.22:252][  0]LogTemp: Display: Loaded TP LinuxNoEditorTargetPlatform
[2019.03.25-21.18.22:265][  0]LogTemp: Display: Loaded TP LinuxServerTargetPlatform
[2019.03.25-21.18.22:281][  0]LogTemp: Display: Loaded TP LinuxTargetPlatform
[2019.03.25-21.18.22:291][  0]LogTemp: Display: Loaded TP LuminTargetPlatform
[2019.03.25-21.18.22:291][  0]LogTargetPlatformManager: Display: Building Assets For Windows
[2019.03.25-21.18.22:369][  0]LogXGEController: Cannot use XGE Controller as Incredibuild is not installed on this machine.
[2019.03.25-21.18.22:369][  0]LogShaderCompilers: Cannot use XGE Shader Compiler as Incredibuild is not installed on this machine.
[2019.03.25-21.18.22:369][  0]LogShaderCompilers: Display: Using Local Shader Compiler.
[2019.03.25-21.18.23:257][  0]LogDerivedDataCache: Display: Max Cache Size: 512 MB
[2019.03.25-21.18.23:316][  0]LogDerivedDataCache: Loaded boot cache 0.06s 71MB C:/Users/db11000454/AppData/Local/UnrealEngine/4.20/DerivedDataCache/Boot.ddc.
[2019.03.25-21.18.23:316][  0]LogDerivedDataCache: Display: Loaded Boot cache: C:/Users/db11000454/AppData/Local/UnrealEngine/4.20/DerivedDataCache/Boot.ddc
[2019.03.25-21.18.23:317][  0]LogDerivedDataCache: FDerivedDataBackendGraph:  Pak pak cache file ../../../../../../Users/db11000454/Documents/Unreal Projects/MyBegginner/DerivedDataCache/DDC.ddp not found, will not use a pak cache.
[2019.03.25-21.18.23:317][  0]LogDerivedDataCache: Unable to find inner node Pak for hierarchical cache Hierarchy.
[2019.03.25-21.18.23:317][  0]LogDerivedDataCache: FDerivedDataBackendGraph:  CompressedPak pak cache file ../../../../../../Users/db11000454/Documents/Unreal Projects/MyBegginner/DerivedDataCache/Compressed.ddp not found, will not use a pak cache.
[2019.03.25-21.18.23:317][  0]LogDerivedDataCache: Unable to find inner node CompressedPak for hierarchical cache Hierarchy.
[2019.03.25-21.18.23:333][  0]LogDerivedDataCache: Display: Pak cache opened for reading ../../../Engine/DerivedDataCache/Compressed.ddp.
[2019.03.25-21.18.23:346][  0]LogDerivedDataCache: Using Local data cache path C:/Users/db11000454/AppData/Local/UnrealEngine/Common/DerivedDataCache: Writable
[2019.03.25-21.18.23:346][  0]LogDerivedDataCache: Shared data cache path not found in *engine.ini, will not use an Shared cache.
[2019.03.25-21.18.23:346][  0]LogDerivedDataCache: Unable to find inner node Shared for hierarchical cache Hierarchy.
[2019.03.25-21.18.23:364][  0]LogMaterial: Verifying Global Shaders for PCD3D_SM5
[2019.03.25-21.18.23:366][  0]LogSlate: Using FreeType 2.6.0
[2019.03.25-21.18.23:367][  0]LogSlate: SlateFontServices - WITH_FREETYPE: 1, WITH_HARFBUZZ: 1
[2019.03.25-21.18.23:472][  0]LogAssetRegistry: FAssetRegistry took 0.0269 seconds to start up
[2019.03.25-21.18.23:815][  0]LogInit: Selected Device Profile: [Windows]
[2019.03.25-21.18.23:957][  0]LogSimplygon: Simplygon DLL not present - disabling.
[2019.03.25-21.18.23:962][  0]LogMeshReduction: Using SimplygonSwarm for distributed automatic mesh merging
[2019.03.25-21.18.23:962][  0]LogMeshReduction: Using ProxyLODMeshReduction for automatic mesh merging
[2019.03.25-21.18.23:962][  0]LogMeshReduction: Using QuadricMeshReduction for automatic static mesh reduction
[2019.03.25-21.18.23:962][  0]LogMeshReduction: No automatic skeletal mesh reduction module available
[2019.03.25-21.18.23:978][  0]LogNetVersion: MyBegginner 1.0.0, NetCL: 4212847, EngineNetVer: 5, GameNetVer: 0 (Checksum: 1762572393)
[2019.03.25-21.18.24:609][  0]LogPackageLocalizationCache: Processed 11 localized package path(s) for 2 prioritized culture(s) in 0.167834 seconds
[2019.03.25-21.18.24:615][  0]LogUObjectArray: 38425 objects as part of root set at end of initial load.
[2019.03.25-21.18.24:615][  0]LogUObjectAllocator: 6690872 out of 0 bytes used by permanent object pool.
[2019.03.25-21.18.24:615][  0]LogUObjectArray: CloseDisregardForGC: 0/0 objects in disregard for GC pool
[2019.03.25-21.18.25:859][  0]LogTcpMessaging: Initializing TcpMessaging bridge
[2019.03.25-21.18.25:873][  0]LogUdpMessaging: Initializing bridge on interface 0.0.0.0:0 to multicast group 230.0.0.1:6666.
[2019.03.25-21.18.26:039][  0]SourceControl: Source control is disabled
[2019.03.25-21.18.26:040][  0]SourceControl: Source control is disabled
[2019.03.25-21.18.26:042][  0]SourceControl: Source control is disabled
[2019.03.25-21.18.26:043][  0]SourceControl: Source control is disabled
[2019.03.25-21.18.26:246][  0]LogAndroidPermission: UAndroidPermissionCallbackProxy::GetInstance
[2019.03.25-21.18.26:308][  0]LogOcInput: OculusInput pre-init called
[2019.03.25-21.18.26:374][  0]LogEngine: Initializing Engine...
[2019.03.25-21.18.26:375][  0]LogHMD: Failed to initialize OpenVR with code 110
[2019.03.25-21.18.26:377][  0]LogStats: UGameplayTagsManager::ConstructGameplayTagTree: ImportINI prefixes -  0.000 s
[2019.03.25-21.18.26:377][  0]LogStats: UGameplayTagsManager::ConstructGameplayTagTree: Construct from data asset -  0.000 s
[2019.03.25-21.18.26:377][  0]LogStats: UGameplayTagsManager::ConstructGameplayTagTree: ImportINI -  0.000 s
[2019.03.25-21.18.26:377][  0]LogStats: UGameplayTagsManager::ConstructGameplayTagTree: GameplayTagTreeChangedEvent.Broadcast -  0.000 s
[2019.03.25-21.18.26:744][  0]LogInit: Initializing FReadOnlyCVARCache
[2019.03.25-21.18.26:759][  0]LogAIModule: Creating AISystem for world Untitled
[2019.03.25-21.18.26:766][  0]LogInit: XAudio2 using 'Speakers (Realtek(R) Audio)' : 2 channels at 48 kHz using 32 bits per sample (channel mask 0x3)
[2019.03.25-21.18.26:829][  0]LogInit: FAudioDevice initialized.
[2019.03.25-21.18.26:830][  0]LogNetVersion: Set ProjectVersion to 1.0.0.0. Version Checksum will be recalculated on next use.
[2019.03.25-21.18.26:884][  0]LogDerivedDataCache: Saved boot cache 0.05s 71MB C:/Users/db11000454/AppData/Local/UnrealEngine/4.20/DerivedDataCache/Boot.ddc.
[2019.03.25-21.18.26:884][  0]LogInit: Texture streaming: Enabled
[2019.03.25-21.18.26:906][  0]LogEngineSessionManager: EngineSessionManager initialized
[2019.03.25-21.18.26:919][  0]LogInit: Transaction tracking system initialized
[2019.03.25-21.18.26:944][  0]BlueprintLog: New page: Editor Load
[2019.03.25-21.18.27:037][  0]LocalizationService: Localization service is disabled
[2019.03.25-21.18.27:416][  0]LogCook: Display: Max memory allowance for cook 16384mb min free memory 0mb
[2019.03.25-21.18.27:416][  0]LogCook: Display: Mobile HDR setting 1
[2019.03.25-21.18.27:416][  0]LogGameplayTags: Display: UGameplayTagsManager::DoneAddingNativeTags. DelegateIsBound: 0
[2019.03.25-21.18.27:416][  0]LogStats: UGameplayTagsManager::ConstructGameplayTagTree: ImportINI prefixes -  0.000 s
[2019.03.25-21.18.27:416][  0]LogStats: UGameplayTagsManager::ConstructGameplayTagTree: Construct from data asset -  0.000 s
[2019.03.25-21.18.27:416][  0]LogStats: UGameplayTagsManager::ConstructGameplayTagTree: ImportINI -  0.000 s
[2019.03.25-21.18.27:416][  0]LogStats: UGameplayTagsManager::ConstructGameplayTagTree: GameplayTagTreeChangedEvent.Broadcast -  0.000 s
[2019.03.25-21.18.27:560][  0]LogFileCache: Scanning file cache for directory 'C:/Users/db11000454/Documents/Unreal Projects/MyBegginner/Content/' took 0.02s
[2019.03.25-21.18.27:560][  0]SourceControl: Source control is disabled
[2019.03.25-21.18.27:560][  0]Cmd: MAP LOAD FILE="../../../../../../Users/db11000454/Documents/Unreal Projects/MyBegginner/Content/FirstPersonBP/Maps/FirstPersonExampleMap.umap" TEMPLATE=0 SHOWPROGRESS=1 FEATURELEVEL=3
[2019.03.25-21.18.27:561][  0]LightingResults: New page: Lighting Build
[2019.03.25-21.18.27:564][  0]MapCheck: New page: Map Check
[2019.03.25-21.18.27:564][  0]LightingResults: New page: Lighting Build
[2019.03.25-21.18.28:124][  0]LogAIModule: Creating AISystem for world FirstPersonExampleMap
[2019.03.25-21.18.28:135][  0]LogEditorServer: Finished looking for orphan Actors (0.000 secs)
[2019.03.25-21.18.28:160][  0]Cmd: MAP CHECKDEP NOCLEARLOG
[2019.03.25-21.18.28:323][  0]MapCheck: Map check complete: 0 Error(s), 0 Warning(s), took 162.141ms to complete.
[2019.03.25-21.18.28:323][  0]LogFileHelpers: Loading map 'FirstPersonExampleMap' took 0.762
[2019.03.25-21.18.28:421][  0]LogSlate: Updating window title bar state: overlay mode, drag disabled, window buttons hidden, title bar hidden
[2019.03.25-21.18.28:428][  0]LogSlate: Updating window title bar state: overlay mode, drag disabled, window buttons hidden, title bar hidden
[2019.03.25-21.18.28:436][  0]LogSlate: Updating window title bar state: overlay mode, drag disabled, window buttons hidden, title bar hidden
[2019.03.25-21.18.28:444][  0]LogSlate: Updating window title bar state: overlay mode, drag disabled, window buttons hidden, title bar hidden
[2019.03.25-21.18.28:452][  0]LogCollectionManager: Loaded 0 collections in 0.001569 seconds
[2019.03.25-21.18.28:497][  0]LogFileCache: Scanning file cache for directory 'C:/Users/db11000454/Documents/Unreal Projects/MyBegginner/Saved/Collections/' took 0.01s
[2019.03.25-21.18.28:497][  0]LogFileCache: Scanning file cache for directory 'C:/Users/db11000454/Documents/Unreal Projects/MyBegginner/Content/Developers/db11000454/Collections/' took 0.01s
[2019.03.25-21.18.28:497][  0]LogFileCache: Scanning file cache for directory 'C:/Users/db11000454/Documents/Unreal Projects/MyBegginner/Content/Collections/' took 0.01s
[2019.03.25-21.18.28:497][  0]LogCollectionManager: Rebuilt the GUID cache for 0 collections in 0.000000 seconds
[2019.03.25-21.18.28:507][  0]LogContentBrowser: Native class hierarchy populated in 0.0094 seconds. Added 2572 classes and 603 folders.
[2019.03.25-21.18.28:514][  0]LogContentBrowser: Native class hierarchy updated for 'WidgetCarousel' in 0.0003 seconds. Added 0 classes and 0 folders.
[2019.03.25-21.18.28:651][  0]LogContentBrowser: Native class hierarchy updated for 'AddContentDialog' in 0.0003 seconds. Added 0 classes and 0 folders.
[2019.03.25-21.18.28:677][  0]LogContentBrowser: Native class hierarchy updated for 'SceneOutliner' in 0.0003 seconds. Added 1 classes and 2 folders.
[2019.03.25-21.18.28:693][  0]LogSlate: Took 0.000467 seconds to synchronously load lazily loaded font '../../../Engine/Content/Slate/Fonts/Roboto-Regular.ttf' (155K)
[2019.03.25-21.18.28:695][  0]LogSlate: Took 0.000454 seconds to synchronously load lazily loaded font '../../../Engine/Content/Slate/Fonts/Roboto-Bold.ttf' (160K)
[2019.03.25-21.18.28:701][  0]LogSlate: Took 0.001541 seconds to synchronously load lazily loaded font '../../../Engine/Content/Editor/Slate/Fonts/FontAwesome.ttf' (139K)
[2019.03.25-21.18.28:810][  0]LogRenderer: Reallocating scene render targets to support 1208x576 Format 10 NumSamples 1 (Frame:1).
[2019.03.25-21.18.29:378][  0]LogContentBrowser: Native class hierarchy updated for 'HierarchicalLODOutliner' in 0.0003 seconds. Added 0 classes and 0 folders.
[2019.03.25-21.18.29:378][  0]LogLoad: (Engine Initialization) Total time: 10.55 seconds
[2019.03.25-21.18.29:378][  0]LogLoad: (Engine Initialization) Total Blueprint compile time: 0.00 seconds
[2019.03.25-21.18.29:388][  0]LogWindowsTextInputMethodSystem: Display: IME system now deactivated.
[2019.03.25-21.18.29:409][  0]LogContentStreaming: Texture pool size now 1000 MB
[2019.03.25-21.18.29:426][  0]LogSlate: Took 0.001142 seconds to synchronously load lazily loaded font '../../../Engine/Content/Slate/Fonts/Roboto-Light.ttf' (167K)
[2019.03.25-21.18.29:450][  1]LogAssetRegistry: Asset discovery search completed in 6.0016 seconds
[2019.03.25-21.18.29:452][  1]LogCollectionManager: Rebuilt the object cache for 0 collections in 0.000000 seconds (found 0 objects)
[2019.03.25-21.18.29:452][  1]LogCollectionManager: Fixed up redirectors for 0 collections in 0.000077 seconds (updated 0 objects)
[2019.03.25-21.18.50:111][448]LogSlate: FSceneViewport::OnFocusLost() reason 0
[2019.03.25-21.18.53:507][525]LogSlate: Took 0.001184 seconds to synchronously load lazily loaded font '../../../Engine/Content/Slate/Fonts/Roboto-Light.ttf' (167K)
[2019.03.25-21.18.53:725][525]LogAIModule: Creating AISystem for world Level_Chapater2
[2019.03.25-21.18.53:744][525]LogAssetEditorManager: Opening Asset editor for World /Game/maps/Level_Chapater2.Level_Chapater2
[2019.03.25-21.18.53:768][525]Cmd: MAP LOAD FILE="../../../../../../Users/db11000454/Documents/Unreal Projects/MyBegginner/Content/maps/Level_Chapater2.umap" TEMPLATE=0 SHOWPROGRESS=1 FEATURELEVEL=3
[2019.03.25-21.18.53:768][525]LightingResults: New page: Lighting Build
[2019.03.25-21.18.53:769][525]LoadErrors: New page: Loading map: Level_Chapater2.umap
[2019.03.25-21.18.53:770][525]MapCheck: New page: Map Check
[2019.03.25-21.18.53:770][525]LightingResults: New page: Lighting Build
[2019.03.25-21.18.53:963][525]LogEditorServer: Finished looking for orphan Actors (0.000 secs)
[2019.03.25-21.18.54:005][525]Cmd: MAP CHECKDEP NOCLEARLOG
[2019.03.25-21.18.54:170][525]MapCheck: Map check complete: 0 Error(s), 0 Warning(s), took 165.538ms to complete.
[2019.03.25-21.18.54:172][525]LogFileHelpers: Loading map 'Level_Chapater2' took 0.404
[2019.03.25-21.21.40:931][625]LogSlate: FSceneViewport::OnFocusLost() reason 0
[2019.03.25-21.32.26:663][661]LogAssetEditorManager: Opening Asset editor for Material /Game/Materials/M_landscape.M_landscape
[2019.03.25-21.32.26:668][661]LogMaterial: Display: Missing cached shader map for material M_landscape, compiling. 
[2019.03.25-21.32.27:055][661]LogMaterial: Display: Missing cached shader map for material M_landscape, compiling. 
[2019.03.25-21.32.27:071][661]LogMaterial: Display: Missing cached shader map for material M_landscape, compiling. 
[2019.03.25-21.32.27:097][661]LogShaderCompilers: Display: Shaders left to compile 21
[2019.03.25-21.32.27:097][661]LogShaderCompilers: Display: Shaders left to compile 20
[2019.03.25-21.32.27:097][661]LogShaderCompilers: Display: Shaders left to compile 19
[2019.03.25-21.32.27:110][661]LogMaterial: Display: Missing cached shader map for material FMatExpressionPreview MaterialExpressionTextureSample_0, compiling. 
[2019.03.25-21.32.27:115][661]LogMaterial: Display: Missing cached shader map for material FMatExpressionPreview MaterialExpressionTextureSample_1, compiling. 
[2019.03.25-21.32.27:120][661]LogMaterial: Display: Missing cached shader map for material FMatExpressionPreview MaterialExpressionTextureSample_2, compiling. 
[2019.03.25-21.32.27:125][661]LogMaterial: Display: Missing cached shader map for material FMatExpressionPreview MaterialExpressionTextureSample_3, compiling. 
[2019.03.25-21.32.27:130][661]LogMaterial: Display: Missing cached shader map for material FMatExpressionPreview MaterialExpressionLandscapeLayerCoords_0, compiling. 
[2019.03.25-21.32.27:136][661]LogMaterial: Display: Missing cached shader map for material FMatExpressionPreview MaterialExpressionTextureSample_8, compiling. 
[2019.03.25-21.32.27:140][661]LogMaterial: Display: Missing cached shader map for material FMatExpressionPreview MaterialExpressionTextureSample_9, compiling. 
[2019.03.25-21.32.27:145][661]LogMaterial: Display: Missing cached shader map for material FMatExpressionPreview MaterialExpressionTextureSample_10, compiling. 
[2019.03.25-21.32.27:151][661]LogMaterial: Display: Missing cached shader map for material FMatExpressionPreview MaterialExpressionTextureSample_11, compiling. 
[2019.03.25-21.32.27:155][661]LogMaterial: Display: Missing cached shader map for material FMatExpressionPreview MaterialExpressionTextureSample_12, compiling. 
[2019.03.25-21.32.27:160][661]LogMaterial: Display: Missing cached shader map for material FMatExpressionPreview MaterialExpressionTextureSample_13, compiling. 
[2019.03.25-21.32.27:166][661]LogMaterial: Display: Missing cached shader map for material FMatExpressionPreview MaterialExpressionTextureSample_14, compiling. 
[2019.03.25-21.32.27:171][661]LogMaterial: Display: Missing cached shader map for material FMatExpressionPreview MaterialExpressionTextureSample_15, compiling. 
[2019.03.25-21.32.27:196][661]LogSlate: Took 0.001753 seconds to synchronously load lazily loaded font '../../../Engine/Content/Slate/Fonts/Roboto-BoldCondensed.ttf' (158K)
[2019.03.25-21.32.27:405][662]LogSlate: Took 0.036663 seconds to synchronously load lazily loaded font '../../../Engine/Content/Slate/Fonts/Roboto-Italic.ttf' (157K)
[2019.03.25-21.32.30:530][823]LogShaderCompilers: Display: Shaders left to compile 44
[2019.03.25-21.32.30:530][823]LogShaderCompilers: Display: Shaders left to compile 43
[2019.03.25-21.32.30:684][828]LogShaderCompilers: Display: Shaders left to compile 42
[2019.03.25-21.32.31:715][865]LogShaderCompilers: Display: Shaders left to compile 41
[2019.03.25-21.32.32:031][880]LogShaderCompilers: Display: Shaders left to compile 40
[2019.03.25-21.32.32:051][881]LogShaderCompilers: Display: Shaders left to compile 39
[2019.03.25-21.32.32:904][916]LogShaderCompilers: Display: Shaders left to compile 38
[2019.03.25-21.32.32:904][916]LogShaderCompilers: Display: Shaders left to compile 37
[2019.03.25-21.32.33:020][920]LogShaderCompilers: Display: Shaders left to compile 36
[2019.03.25-21.32.33:743][949]LogMaterial: Display: Missing cached shader map for material FMatExpressionPreview MaterialExpressionLandscapeLayerCoords_0, compiling. 
[2019.03.25-21.32.34:514][978]LogShaderCompilers: Display: Shaders left to compile 35
[2019.03.25-21.32.35:700][ 27]LogShaderCompilers: Display: Shaders left to compile 34
[2019.03.25-21.32.35:936][ 36]LogShaderCompilers: Display: Shaders left to compile 33
[2019.03.25-21.32.37:333][ 87]LogShaderCompilers: Display: Shaders left to compile 32
[2019.03.25-21.32.37:750][102]LogShaderCompilers: Display: Shaders left to compile 31
[2019.03.25-21.32.39:160][153]LogShaderCompilers: Display: Shaders left to compile 30
[2019.03.25-21.32.39:260][155]LogMaterial: Display: Missing cached shader map for material M_landscape, compiling. 
[2019.03.25-21.32.39:284][155]LogMaterial: Display: Missing cached shader map for material FMatExpressionPreview MaterialExpressionLandscapeLayerCoords_0, compiling. 
[2019.03.25-21.32.39:314][155]LogMaterial: Display: Missing cached shader map for material M_landscape, compiling. 
[2019.03.25-21.32.40:139][182]LogShaderCompilers: Display: Shaders left to compile 47
[2019.03.25-21.32.40:152][183]LogShaderCompilers: Display: Shaders left to compile 46
[2019.03.25-21.32.40:372][192]LogShaderCompilers: Display: Shaders left to compile 45
[2019.03.25-21.32.40:832][210]LogMaterialEditor: Saving and Compiling material M_landscape
[2019.03.25-21.32.41:608][210]LogShaderCompilers: Display: Shaders left to compile 44
[2019.03.25-21.32.41:608][210]LogShaderCompilers: Display: Shaders left to compile 43
[2019.03.25-21.32.41:608][210]LogShaderCompilers: Display: Shaders left to compile 42
[2019.03.25-21.32.41:608][210]LogShaderCompilers: Display: Shaders left to compile 41
[2019.03.25-21.32.41:608][210]LogShaderCompilers: Display: Shaders left to compile 40
[2019.03.25-21.32.41:608][210]LogShaderCompilers: Display: Shaders left to compile 39
[2019.03.25-21.32.41:624][210]LogMaterial: Display: Missing cached shader map for material M_landscape, compiling. 
[2019.03.25-21.32.41:688][210]LogShaderCompilers: Display: Shaders left to compile 38
[2019.03.25-21.32.41:688][210]LogMaterial: Display: Missing cached shader map for material M_landscape, compiling. 
[2019.03.25-21.32.41:710][210]LogMaterial: Display: Missing cached shader map for material M_landscape, compiling. 
[2019.03.25-21.32.41:729][210]LogMaterial: Display: Missing cached shader map for material M_landscape, compiling. 
[2019.03.25-21.32.41:759][210]LogMaterial: Display: Missing cached shader map for material M_landscape, compiling. 
[2019.03.25-21.32.41:784][210]LogMaterial: Display: Missing cached shader map for material M_landscape, compiling. 
[2019.03.25-21.32.41:810][210]LogMaterial: Display: Missing cached shader map for material M_landscape, compiling. 
[2019.03.25-21.32.41:836][210]LogShaderCompilers: Display: Shaders left to compile 227
[2019.03.25-21.32.41:836][210]LogMaterial: Display: Missing cached shader map for material M_landscape, compiling. 
[2019.03.25-21.32.41:898][210]LogMaterial: Display: Missing cached shader map for material FDebugViewModeMaterialProxy M_landscape, compiling. 
[2019.03.25-21.32.45:256][210]LogShaderCompilers: Display: Shaders left to compile 269
[2019.03.25-21.32.45:256][210]LogShaderCompilers: Display: Shaders left to compile 268
[2019.03.25-21.32.45:256][210]LogShaderCompilers: Display: Shaders left to compile 267
[2019.03.25-21.32.45:256][210]LogShaderCompilers: Display: Shaders left to compile 266
[2019.03.25-21.32.45:256][210]LogShaderCompilers: Display: Shaders left to compile 265
[2019.03.25-21.32.45:256][210]LogShaderCompilers: Display: Shaders left to compile 264
[2019.03.25-21.32.45:256][210]LogShaderCompilers: Display: Shaders left to compile 263
[2019.03.25-21.32.45:256][210]LogShaderCompilers: Display: Shaders left to compile 262
[2019.03.25-21.32.45:256][210]LogShaderCompilers: Display: Shaders left to compile 261
[2019.03.25-21.32.45:256][210]LogShaderCompilers: Display: Shaders left to compile 260
[2019.03.25-21.32.45:256][210]LogShaderCompilers: Display: Shaders left to compile 259
[2019.03.25-21.32.45:256][210]LogShaderCompilers: Display: Shaders left to compile 258
[2019.03.25-21.32.45:256][210]LogShaderCompilers: Display: Shaders left to compile 257
[2019.03.25-21.32.45:256][210]LogShaderCompilers: Display: Shaders left to compile 256
[2019.03.25-21.32.45:256][210]LogShaderCompilers: Display: Shaders left to compile 255
[2019.03.25-21.32.45:256][210]LogShaderCompilers: Display: Shaders left to compile 254
[2019.03.25-21.32.45:256][210]LogShaderCompilers: Display: Shaders left to compile 253
[2019.03.25-21.32.45:256][210]LogShaderCompilers: Display: Shaders left to compile 252
[2019.03.25-21.32.45:256][210]LogShaderCompilers: Display: Shaders left to compile 251
[2019.03.25-21.32.45:256][210]LogShaderCompilers: Display: Shaders left to compile 250
[2019.03.25-21.32.45:256][210]LogShaderCompilers: Display: Shaders left to compile 249
[2019.03.25-21.32.45:256][210]LogShaderCompilers: Display: Shaders left to compile 248
[2019.03.25-21.32.45:256][210]LogShaderCompilers: Display: Shaders left to compile 247
[2019.03.25-21.32.45:256][210]LogShaderCompilers: Display: Shaders left to compile 246
[2019.03.25-21.32.45:256][210]LogShaderCompilers: Display: Shaders left to compile 245
[2019.03.25-21.32.45:256][210]LogShaderCompilers: Display: Shaders left to compile 244
[2019.03.25-21.32.45:256][210]LogShaderCompilers: Display: Shaders left to compile 243
[2019.03.25-21.32.45:256][210]LogShaderCompilers: Display: Shaders left to compile 242
[2019.03.25-21.32.45:256][210]LogShaderCompilers: Display: Shaders left to compile 241
[2019.03.25-21.32.45:256][210]LogShaderCompilers: Display: Shaders left to compile 240
[2019.03.25-21.32.45:256][210]LogShaderCompilers: Display: Shaders left to compile 239
[2019.03.25-21.32.45:256][210]LogShaderCompilers: Display: Shaders left to compile 238
[2019.03.25-21.32.45:256][210]LogShaderCompilers: Display: Shaders left to compile 237
[2019.03.25-21.32.45:256][210]LogShaderCompilers: Display: Shaders left to compile 236
[2019.03.25-21.32.45:256][210]LogShaderCompilers: Display: Shaders left to compile 235
[2019.03.25-21.32.45:256][210]LogShaderCompilers: Display: Shaders left to compile 234
[2019.03.25-21.32.45:256][210]LogShaderCompilers: Display: Shaders left to compile 233
[2019.03.25-21.32.45:256][210]LogShaderCompilers: Display: Shaders left to compile 232
[2019.03.25-21.32.45:256][210]LogShaderCompilers: Display: Shaders left to compile 222
[2019.03.25-21.32.45:256][210]LogShaderCompilers: Display: Shaders left to compile 212
[2019.03.25-21.32.45:267][210]TextureStreamingBuild: Display: Compiling optional shaders took 3.375 seconds.
[2019.03.25-21.32.47:843][210]LogShaderCompilers: Display: Shaders left to compile 202
[2019.03.25-21.32.47:843][210]LogShaderCompilers: Display: Shaders left to compile 192
[2019.03.25-21.32.47:843][210]LogShaderCompilers: Display: Shaders left to compile 182
[2019.03.25-21.32.48:133][210]Cmd: OBJ SAVEPACKAGE PACKAGE="/Game/Materials/M_landscape" FILE="../../../../../../Users/db11000454/Documents/Unreal Projects/MyBegginner/Content/Materials/M_landscape.uasset" SILENT=true
[2019.03.25-21.32.48:185][210]LogSavePackage: Moving '../../../../../../Users/db11000454/Documents/Unreal Projects/MyBegginner/Saved/M_landscape14B100164C67B8A5457D3681443C0CF6.tmp' to '../../../../../../Users/db11000454/Documents/Unreal Projects/MyBegginner/Content/Materials/M_landscape.uasset'
[2019.03.25-21.32.48:214][210]MaterialEditorStats: Base pass shader: 98 instructions
[2019.03.25-21.32.48:214][210]MaterialEditorStats: Base pass shader with Volumetric Lightmap: 171 instructions
[2019.03.25-21.32.48:214][210]MaterialEditorStats: Base pass vertex shader: 32 instructions
[2019.03.25-21.32.48:214][210]MaterialEditorStats: Texture samplers: 3/16
[2019.03.25-21.32.53:824][396]LogShaderCompilers: Display: Shaders left to compile 172
[2019.03.25-21.32.57:299][492]LogShaderCompilers: Display: Shaders left to compile 162
[2019.03.25-21.32.59:936][537]LogTemp: Repeating last play command: Selected Viewport
[2019.03.25-21.33.13:020][537]LogShaderCompilers: Display: Shaders left to compile 152
[2019.03.25-21.33.13:020][537]LogShaderCompilers: Display: Shaders left to compile 142
[2019.03.25-21.33.13:020][537]LogShaderCompilers: Display: Shaders left to compile 132
[2019.03.25-21.33.13:020][537]LogShaderCompilers: Display: Shaders left to compile 122
[2019.03.25-21.33.13:020][537]LogShaderCompilers: Display: Shaders left to compile 112
[2019.03.25-21.33.13:020][537]LogShaderCompilers: Display: Shaders left to compile 102
[2019.03.25-21.33.13:020][537]LogShaderCompilers: Display: Shaders left to compile 92
[2019.03.25-21.33.13:020][537]LogShaderCompilers: Display: Shaders left to compile 82
[2019.03.25-21.33.13:020][537]LogShaderCompilers: Display: Shaders left to compile 72
[2019.03.25-21.33.13:020][537]LogShaderCompilers: Display: Shaders left to compile 62
[2019.03.25-21.33.13:020][537]LogShaderCompilers: Display: Shaders left to compile 52
[2019.03.25-21.33.13:020][537]LogShaderCompilers: Display: Shaders left to compile 42
[2019.03.25-21.33.13:020][537]LogShaderCompilers: Display: Shaders left to compile 32
[2019.03.25-21.33.13:020][537]LogShaderCompilers: Display: Shaders left to compile 22
[2019.03.25-21.33.13:020][537]LogShaderCompilers: Display: Shaders left to compile 12
[2019.03.25-21.33.13:020][537]LogShaderCompilers: Display: Shaders left to compile 2
[2019.03.25-21.33.13:020][537]LogPlayLevel: PlayLevel: No blueprints needed recompiling
[2019.03.25-21.33.13:033][537]PIE: New page: PIE session: Level_Chapater2 (Mar 25, 2019, 7:33:13 AM)
[2019.03.25-21.33.13:033][537]LogPlayLevel: Creating play world package: /Game/maps/UEDPIE_0_Level_Chapater2
[2019.03.25-21.33.13:079][537]LogPlayLevel: PIE: StaticDuplicateObject took: (0.045610s)
[2019.03.25-21.33.13:080][537]LogAIModule: Creating AISystem for world Level_Chapater2
[2019.03.25-21.33.13:080][537]LogPlayLevel: PIE: World Init took: (0.000839s)
[2019.03.25-21.33.13:080][537]LogPlayLevel: PIE: Created PIE world by copying editor world from /Game/maps/Level_Chapater2.Level_Chapater2 to /Game/maps/UEDPIE_0_Level_Chapater2.Level_Chapater2 (0.046607s)
[2019.03.25-21.33.13:104][537]LogInit: XAudio2 using 'Speakers (Realtek(R) Audio)' : 2 channels at 48 kHz using 32 bits per sample (channel mask 0x3)
[2019.03.25-21.33.13:130][537]LogInit: FAudioDevice initialized.
[2019.03.25-21.33.13:174][537]LogLoad: Game class is 'FirstPersonGameMode_C'
[2019.03.25-21.33.13:178][537]LogWorld: Bringing World /Game/maps/UEDPIE_0_Level_Chapater2.Level_Chapater2 up for play (max tick rate 0) at 2019.03.25-14.33.13
[2019.03.25-21.33.13:178][537]LogWorld: Bringing up level for play took: 0.002782
[2019.03.25-21.33.13:199][537]LogContentBrowser: Native class hierarchy updated for 'MovieSceneCapture' in 0.0004 seconds. Added 10 classes and 0 folders.
[2019.03.25-21.33.13:203][537]PIE: Play in editor start time for /Game/maps/UEDPIE_0_Level_Chapater2 -0.787
[2019.03.25-21.34.03:933][643]LogSlate: Updating window title bar state: overlay mode, drag disabled, window buttons hidden, title bar hidden
[2019.03.25-21.34.04:008][643]LogPlayLevel: Display: Shutting down PIE online subsystems
[2019.03.25-21.34.04:033][643]LogSlate: Updating window title bar state: overlay mode, drag disabled, window buttons hidden, title bar hidden
[2019.03.25-21.34.04:067][644]LogPlayLevel: Display: Destroying online subsystem :Context_3
[2019.03.25-21.34.04:884][659]LogSlate: FSceneViewport::OnFocusLost() reason 0
[2019.03.25-21.34.17:283][122]LogMaterial: Display: Missing cached shader map for material M_landscape, compiling. 
[2019.03.25-21.34.17:309][122]LogShaderCompilers: Display: Shaders left to compile 21
[2019.03.25-21.34.17:309][122]LogShaderCompilers: Display: Shaders left to compile 20
[2019.03.25-21.34.17:309][122]LogShaderCompilers: Display: Shaders left to compile 19
[2019.03.25-21.34.17:312][122]LogMaterial: Display: Missing cached shader map for material FMatExpressionPreview MaterialExpressionLandscapeLayerCoords_0, compiling. 
[2019.03.25-21.34.17:341][122]LogMaterial: Display: Missing cached shader map for material M_landscape, compiling. 
[2019.03.25-21.34.17:356][122]LogMaterialEditor: Saving and Compiling material M_landscape
[2019.03.25-21.34.18:088][122]LogShaderCompilers: Display: Shaders left to compile 23
[2019.03.25-21.34.18:088][122]LogShaderCompilers: Display: Shaders left to compile 22
[2019.03.25-21.34.18:088][122]LogShaderCompilers: Display: Shaders left to compile 21
[2019.03.25-21.34.18:104][122]LogMaterial: Display: Missing cached shader map for material M_landscape, compiling. 
[2019.03.25-21.34.18:166][122]LogMaterial: Display: Missing cached shader map for material M_landscape, compiling. 
[2019.03.25-21.34.18:185][122]LogMaterial: Display: Missing cached shader map for material M_landscape, compiling. 
[2019.03.25-21.34.18:205][122]LogMaterial: Display: Missing cached shader map for material M_landscape, compiling. 
[2019.03.25-21.34.18:235][122]LogMaterial: Display: Missing cached shader map for material M_landscape, compiling. 
[2019.03.25-21.34.18:259][122]LogMaterial: Display: Missing cached shader map for material M_landscape, compiling. 
[2019.03.25-21.34.18:284][122]LogMaterial: Display: Missing cached shader map for material M_landscape, compiling. 
[2019.03.25-21.34.18:310][122]LogShaderCompilers: Display: Shaders left to compile 169
[2019.03.25-21.34.18:310][122]LogShaderCompilers: Display: Shaders left to compile 168
[2019.03.25-21.34.18:310][122]LogShaderCompilers: Display: Shaders left to compile 209
[2019.03.25-21.34.18:310][122]LogMaterial: Display: Missing cached shader map for material M_landscape, compiling. 
[2019.03.25-21.34.18:368][122]LogMaterial: Display: Missing cached shader map for material FDebugViewModeMaterialProxy M_landscape, compiling. 
[2019.03.25-21.34.20:184][122]LogShaderCompilers: Display: Shaders left to compile 251
[2019.03.25-21.34.20:184][122]LogShaderCompilers: Display: Shaders left to compile 250
[2019.03.25-21.34.20:184][122]LogShaderCompilers: Display: Shaders left to compile 249
[2019.03.25-21.34.20:184][122]LogShaderCompilers: Display: Shaders left to compile 248
[2019.03.25-21.34.20:184][122]LogShaderCompilers: Display: Shaders left to compile 247
[2019.03.25-21.34.20:184][122]LogShaderCompilers: Display: Shaders left to compile 246
[2019.03.25-21.34.20:184][122]LogShaderCompilers: Display: Shaders left to compile 245
[2019.03.25-21.34.20:184][122]LogShaderCompilers: Display: Shaders left to compile 244
[2019.03.25-21.34.20:184][122]LogShaderCompilers: Display: Shaders left to compile 243
[2019.03.25-21.34.20:184][122]LogShaderCompilers: Display: Shaders left to compile 242
[2019.03.25-21.34.20:184][122]LogShaderCompilers: Display: Shaders left to compile 241
[2019.03.25-21.34.20:184][122]LogShaderCompilers: Display: Shaders left to compile 240
[2019.03.25-21.34.20:184][122]LogShaderCompilers: Display: Shaders left to compile 239
[2019.03.25-21.34.20:184][122]LogShaderCompilers: Display: Shaders left to compile 238
[2019.03.25-21.34.20:184][122]LogShaderCompilers: Display: Shaders left to compile 237
[2019.03.25-21.34.20:184][122]LogShaderCompilers: Display: Shaders left to compile 236
[2019.03.25-21.34.20:185][122]LogShaderCompilers: Display: Shaders left to compile 235
[2019.03.25-21.34.20:185][122]LogShaderCompilers: Display: Shaders left to compile 234
[2019.03.25-21.34.20:185][122]LogShaderCompilers: Display: Shaders left to compile 233
[2019.03.25-21.34.20:185][122]LogShaderCompilers: Display: Shaders left to compile 232
[2019.03.25-21.34.20:185][122]LogShaderCompilers: Display: Shaders left to compile 222
[2019.03.25-21.34.20:185][122]LogShaderCompilers: Display: Shaders left to compile 212
[2019.03.25-21.34.20:196][122]TextureStreamingBuild: Display: Compiling optional shaders took 1.832 seconds.
[2019.03.25-21.34.22:838][122]LogShaderCompilers: Display: Shaders left to compile 202
[2019.03.25-21.34.22:838][122]LogShaderCompilers: Display: Shaders left to compile 192
[2019.03.25-21.34.22:838][122]LogShaderCompilers: Display: Shaders left to compile 182
[2019.03.25-21.34.22:907][122]Cmd: OBJ SAVEPACKAGE PACKAGE="/Game/Materials/M_landscape" FILE="../../../../../../Users/db11000454/Documents/Unreal Projects/MyBegginner/Content/Materials/M_landscape.uasset" SILENT=true
[2019.03.25-21.34.22:937][122]LogSavePackage: Moving '../../../../../../Users/db11000454/Documents/Unreal Projects/MyBegginner/Saved/M_landscape1D44744A4ADFF9679AA3B4B5D65FE52F.tmp' to '../../../../../../Users/db11000454/Documents/Unreal Projects/MyBegginner/Content/Materials/M_landscape.uasset'
[2019.03.25-21.34.27:620][232]LogShaderCompilers: Display: Shaders left to compile 172
[2019.03.25-21.34.30:489][282]LogShaderCompilers: Display: Shaders left to compile 162
[2019.03.25-21.34.33:732][339]LogShaderCompilers: Display: Shaders left to compile 152
[2019.03.25-21.34.34:414][351]LogShaderCompilers: Display: Shaders left to compile 142
[2019.03.25-21.34.39:411][436]LogShaderCompilers: Display: Shaders left to compile 132
[2019.03.25-21.34.41:486][472]LogShaderCompilers: Display: Shaders left to compile 122
[2019.03.25-21.34.42:322][486]LogShaderCompilers: Display: Shaders left to compile 112
[2019.03.25-21.34.47:570][576]LogShaderCompilers: Display: Shaders left to compile 102
[2019.03.25-21.34.49:977][617]LogShaderCompilers: Display: Shaders left to compile 92
[2019.03.25-21.34.50:993][635]LogShaderCompilers: Display: Shaders left to compile 82
[2019.03.25-21.34.55:162][706]LogShaderCompilers: Display: Shaders left to compile 72
[2019.03.25-21.34.57:958][753]LogShaderCompilers: Display: Shaders left to compile 62
[2019.03.25-21.34.59:296][775]LogShaderCompilers: Display: Shaders left to compile 52
[2019.03.25-21.35.04:689][854]LogShaderCompilers: Display: Shaders left to compile 42
[2019.03.25-21.35.04:718][854]LogShaderCompilers: Display: Shaders left to compile 32
[2019.03.25-21.35.08:400][907]LogSlate: FSceneViewport::OnFocusLost() reason 0
[2019.03.25-21.35.08:536][909]LogTemp: Repeating last play command: Selected Viewport
[2019.03.25-21.35.08:558][909]LogPlayLevel: PlayLevel: No blueprints needed recompiling
[2019.03.25-21.35.08:559][909]PIE: New page: PIE session: Level_Chapater2 (Mar 25, 2019, 7:35:08 AM)
[2019.03.25-21.35.08:559][909]LogPlayLevel: Creating play world package: /Game/maps/UEDPIE_0_Level_Chapater2
[2019.03.25-21.35.08:577][909]LogPlayLevel: PIE: StaticDuplicateObject took: (0.017589s)
[2019.03.25-21.35.08:579][909]LogAIModule: Creating AISystem for world Level_Chapater2
[2019.03.25-21.35.08:580][909]LogPlayLevel: PIE: World Init took: (0.003777s)
[2019.03.25-21.35.08:581][909]LogPlayLevel: PIE: Created PIE world by copying editor world from /Game/maps/Level_Chapater2.Level_Chapater2 to /Game/maps/UEDPIE_0_Level_Chapater2.Level_Chapater2 (0.021759s)
[2019.03.25-21.35.08:625][909]LogInit: XAudio2 using 'Speakers (Realtek(R) Audio)' : 2 channels at 48 kHz using 32 bits per sample (channel mask 0x3)
[2019.03.25-21.35.08:681][909]LogInit: FAudioDevice initialized.
[2019.03.25-21.35.08:686][909]LogShaderCompilers: Display: Shaders left to compile 22
[2019.03.25-21.35.08:715][909]LogLoad: Game class is 'FirstPersonGameMode_C'
[2019.03.25-21.35.08:718][909]LogWorld: Bringing World /Game/maps/UEDPIE_0_Level_Chapater2.Level_Chapater2 up for play (max tick rate 0) at 2019.03.25-14.35.08
[2019.03.25-21.35.08:718][909]LogWorld: Bringing up level for play took: 0.002580
[2019.03.25-21.35.08:733][909]PIE: Play in editor start time for /Game/maps/UEDPIE_0_Level_Chapater2 0.743
[2019.03.25-21.35.10:286][939]LogShaderCompilers: Display: Shaders left to compile 12
[2019.03.25-21.35.13:130][  1]LogShaderCompilers: Display: Shaders left to compile 2
[2019.03.25-21.35.36:214][503]LogSlate: Updating window title bar state: overlay mode, drag disabled, window buttons hidden, title bar hidden
[2019.03.25-21.35.36:290][503]LogPlayLevel: Display: Shutting down PIE online subsystems
[2019.03.25-21.35.36:317][503]LogSlate: Updating window title bar state: overlay mode, drag disabled, window buttons hidden, title bar hidden
[2019.03.25-21.35.36:349][504]LogPlayLevel: Display: Destroying online subsystem :Context_4
[2019.03.25-21.35.38:970][552]LogSlate: FSceneViewport::OnFocusLost() reason 0
[2019.03.25-21.36.13:943][746]LogMaterial: Display: Missing cached shader map for material M_landscape, compiling. 
[2019.03.25-21.36.13:977][747]LogShaderCompilers: Display: Shaders left to compile 21
[2019.03.25-21.36.13:977][747]LogShaderCompilers: Display: Shaders left to compile 20
[2019.03.25-21.36.13:977][747]LogShaderCompilers: Display: Shaders left to compile 19
[2019.03.25-21.36.14:080][750]LogMaterial: Display: Missing cached shader map for material M_landscape, compiling. 
[2019.03.25-21.36.14:105][750]LogMaterial: Display: Missing cached shader map for material FMatExpressionPreview MaterialExpressionLandscapeLayerCoords_0, compiling. 
[2019.03.25-21.36.14:132][750]LogMaterial: Display: Missing cached shader map for material M_landscape, compiling. 
[2019.03.25-21.36.18:444][907]LogShaderCompilers: Display: Shaders left to compile 23
[2019.03.25-21.36.18:988][927]LogShaderCompilers: Display: Shaders left to compile 22
[2019.03.25-21.36.19:005][927]LogShaderCompilers: Display: Shaders left to compile 21
[2019.03.25-21.36.19:737][939]LogShaderCompilers: Display: Shaders left to compile 20
[2019.03.25-21.36.19:801][940]LogShaderCompilers: Display: Shaders left to compile 19
[2019.03.25-21.36.19:906][941]LogShaderCompilers: Display: Shaders left to compile 18
[2019.03.25-21.36.20:385][948]LogShaderCompilers: Display: Shaders left to compile 17
[2019.03.25-21.36.20:501][950]LogShaderCompilers: Display: Shaders left to compile 16
[2019.03.25-21.36.20:513][950]LogShaderCompilers: Display: Shaders left to compile 15
[2019.03.25-21.36.20:954][964]LogMaterialEditor: Saving and Compiling material M_landscape
[2019.03.25-21.36.21:731][964]LogShaderCompilers: Display: Shaders left to compile 14
[2019.03.25-21.36.21:731][964]LogShaderCompilers: Display: Shaders left to compile 13
[2019.03.25-21.36.21:731][964]LogShaderCompilers: Display: Shaders left to compile 12
[2019.03.25-21.36.21:731][964]LogShaderCompilers: Display: Shaders left to compile 11
[2019.03.25-21.36.21:731][964]LogShaderCompilers: Display: Shaders left to compile 10
[2019.03.25-21.36.21:731][964]LogShaderCompilers: Display: Shaders left to compile 9
[2019.03.25-21.36.21:731][964]LogShaderCompilers: Display: Shaders left to compile 8
[2019.03.25-21.36.21:747][964]LogMaterial: Display: Missing cached shader map for material M_landscape, compiling. 
[2019.03.25-21.36.21:808][964]LogMaterial: Display: Missing cached shader map for material M_landscape, compiling. 
[2019.03.25-21.36.21:826][964]LogMaterial: Display: Missing cached shader map for material M_landscape, compiling. 
[2019.03.25-21.36.21:844][964]LogMaterial: Display: Missing cached shader map for material M_landscape, compiling. 
[2019.03.25-21.36.21:873][964]LogMaterial: Display: Missing cached shader map for material M_landscape, compiling. 
[2019.03.25-21.36.21:900][964]LogShaderCompilers: Display: Shaders left to compile 85
[2019.03.25-21.36.21:900][964]LogMaterial: Display: Missing cached shader map for material M_landscape, compiling. 
[2019.03.25-21.36.21:927][964]LogMaterial: Display: Missing cached shader map for material M_landscape, compiling. 
[2019.03.25-21.36.21:952][964]LogMaterial: Display: Missing cached shader map for material M_landscape, compiling. 
[2019.03.25-21.36.22:013][964]LogMaterial: Display: Missing cached shader map for material FDebugViewModeMaterialProxy M_landscape, compiling. 
[2019.03.25-21.36.23:783][964]LogShaderCompilers: Display: Shaders left to compile 253
[2019.03.25-21.36.23:783][964]LogShaderCompilers: Display: Shaders left to compile 252
[2019.03.25-21.36.23:783][964]LogShaderCompilers: Display: Shaders left to compile 251
[2019.03.25-21.36.23:783][964]LogShaderCompilers: Display: Shaders left to compile 250
[2019.03.25-21.36.23:783][964]LogShaderCompilers: Display: Shaders left to compile 249
[2019.03.25-21.36.23:783][964]LogShaderCompilers: Display: Shaders left to compile 248
[2019.03.25-21.36.23:783][964]LogShaderCompilers: Display: Shaders left to compile 247
[2019.03.25-21.36.23:783][964]LogShaderCompilers: Display: Shaders left to compile 246
[2019.03.25-21.36.23:783][964]LogShaderCompilers: Display: Shaders left to compile 245
[2019.03.25-21.36.23:783][964]LogShaderCompilers: Display: Shaders left to compile 244
[2019.03.25-21.36.23:783][964]LogShaderCompilers: Display: Shaders left to compile 243
[2019.03.25-21.36.23:783][964]LogShaderCompilers: Display: Shaders left to compile 242
[2019.03.25-21.36.23:783][964]LogShaderCompilers: Display: Shaders left to compile 241
[2019.03.25-21.36.23:783][964]LogShaderCompilers: Display: Shaders left to compile 240
[2019.03.25-21.36.23:783][964]LogShaderCompilers: Display: Shaders left to compile 239
[2019.03.25-21.36.23:783][964]LogShaderCompilers: Display: Shaders left to compile 238
[2019.03.25-21.36.23:783][964]LogShaderCompilers: Display: Shaders left to compile 237
[2019.03.25-21.36.23:783][964]LogShaderCompilers: Display: Shaders left to compile 236
[2019.03.25-21.36.23:783][964]LogShaderCompilers: Display: Shaders left to compile 235
[2019.03.25-21.36.23:783][964]LogShaderCompilers: Display: Shaders left to compile 234
[2019.03.25-21.36.23:784][964]LogShaderCompilers: Display: Shaders left to compile 233
[2019.03.25-21.36.23:784][964]LogShaderCompilers: Display: Shaders left to compile 232
[2019.03.25-21.36.23:784][964]LogShaderCompilers: Display: Shaders left to compile 222
[2019.03.25-21.36.23:784][964]LogShaderCompilers: Display: Shaders left to compile 212
[2019.03.25-21.36.23:791][964]TextureStreamingBuild: Display: Compiling optional shaders took 1.783 seconds.
[2019.03.25-21.36.26:367][964]LogShaderCompilers: Display: Shaders left to compile 202
[2019.03.25-21.36.26:367][964]LogShaderCompilers: Display: Shaders left to compile 192
[2019.03.25-21.36.26:367][964]LogShaderCompilers: Display: Shaders left to compile 182
[2019.03.25-21.36.26:456][964]Cmd: OBJ SAVEPACKAGE PACKAGE="/Game/Materials/M_landscape" FILE="../../../../../../Users/db11000454/Documents/Unreal Projects/MyBegginner/Content/Materials/M_landscape.uasset" SILENT=true
[2019.03.25-21.36.26:488][964]LogSavePackage: Moving '../../../../../../Users/db11000454/Documents/Unreal Projects/MyBegginner/Saved/M_landscape25FD66F5487E6136E98535A35AF55F31.tmp' to '../../../../../../Users/db11000454/Documents/Unreal Projects/MyBegginner/Content/Materials/M_landscape.uasset'
[2019.03.25-21.36.26:521][964]MaterialEditorStats: Base pass shader: 98 instructions
[2019.03.25-21.36.26:521][964]MaterialEditorStats: Base pass shader with Volumetric Lightmap: 171 instructions
[2019.03.25-21.36.26:521][964]MaterialEditorStats: Base pass vertex shader: 32 instructions
[2019.03.25-21.36.26:521][964]MaterialEditorStats: Texture samplers: 3/16
[2019.03.25-21.36.30:454][ 40]LogShaderCompilers: Display: Shaders left to compile 172
[2019.03.25-21.36.32:912][ 82]LogShaderCompilers: Display: Shaders left to compile 162
[2019.03.25-21.36.36:829][148]LogShaderCompilers: Display: Shaders left to compile 152
[2019.03.25-21.36.37:402][158]LogShaderCompilers: Display: Shaders left to compile 142
[2019.03.25-21.36.41:911][233]LogShaderCompilers: Display: Shaders left to compile 132
[2019.03.25-21.36.44:556][278]LogShaderCompilers: Display: Shaders left to compile 122
[2019.03.25-21.36.45:381][292]LogShaderCompilers: Display: Shaders left to compile 112
[2019.03.25-21.36.49:819][367]LogShaderCompilers: Display: Shaders left to compile 102
[2019.03.25-21.36.52:809][416]LogShaderCompilers: Display: Shaders left to compile 92
[2019.03.25-21.36.54:046][436]LogShaderCompilers: Display: Shaders left to compile 82
[2019.03.25-21.36.57:575][494]LogShaderCompilers: Display: Shaders left to compile 72
[2019.03.25-21.37.01:121][552]LogShaderCompilers: Display: Shaders left to compile 62
[2019.03.25-21.37.02:200][570]LogShaderCompilers: Display: Shaders left to compile 52
[2019.03.25-21.37.06:875][642]LogShaderCompilers: Display: Shaders left to compile 42
[2019.03.25-21.37.07:710][655]LogShaderCompilers: Display: Shaders left to compile 32
[2019.03.25-21.37.11:630][715]LogShaderCompilers: Display: Shaders left to compile 22
[2019.03.25-21.37.12:783][733]LogShaderCompilers: Display: Shaders left to compile 12
[2019.03.25-21.37.16:840][795]LogShaderCompilers: Display: Shaders left to compile 2
[2019.03.25-21.37.23:606][904]LogMaterial: Display: Missing cached shader map for material M_landscape, compiling. 
[2019.03.25-21.37.23:615][904]LogShaderCompilers: Display: Shaders left to compile 8
[2019.03.25-21.37.23:615][904]LogMaterial: Display: Missing cached shader map for material M_landscape, compiling. 
[2019.03.25-21.37.23:621][904]LogShaderCompilers: Display: Shaders left to compile 8
[2019.03.25-21.37.23:634][904]LogMaterial: Display: Missing cached shader map for material M_landscape, compiling. 
[2019.03.25-21.37.23:643][904]LogShaderCompilers: Display: Shaders left to compile 8
[2019.03.25-21.37.23:654][904]LogMaterial: Display: Missing cached shader map for material M_landscape, compiling. 
[2019.03.25-21.37.23:677][904]LogMaterial: Display: Missing cached shader map for material M_landscape, compiling. 
[2019.03.25-21.37.23:699][904]LogTexture: Display: Building textures: Texture2D_2 (G8, 128X128)
[2019.03.25-21.37.29:571][994]LogShaderCompilers: Display: Shaders left to compile 16
[2019.03.25-21.37.30:424][  5]LogShaderCompilers: Display: Shaders left to compile 6
[2019.03.25-21.37.42:481][149]LogSlate: FSceneViewport::OnFocusLost() reason 0
[2019.03.25-21.38.29:714][893]LogSlate: FSceneViewport::OnFocusLost() reason 0
[2019.03.25-21.38.59:415][361]LogSlate: FSceneViewport::OnFocusLost() reason 0
[2019.03.25-21.39.14:294][556]LogSlate: FSceneViewport::OnFocusLost() reason 0
[2019.03.25-21.39.26:633][717]LogSlate: FSceneViewport::OnFocusLost() reason 0
[2019.03.25-21.39.53:800][125]LogSlate: FSceneViewport::OnFocusLost() reason 0
[2019.03.25-21.40.01:093][248]LogSlate: FSceneViewport::OnFocusLost() reason 0
[2019.03.25-21.40.24:749][625]LogSlate: FSceneViewport::OnFocusLost() reason 0
[2019.03.25-21.41.55:184][898]LogTexture: Display: Building textures: Texture2D_47 (BGRA8, 32X32)
[2019.03.25-21.41.55:187][898]LogTexture: Display: Building textures: Texture2D_26 (BGRA8, 32X32)
[2019.03.25-21.41.55:187][898]LogTexture: Display: Building textures: Texture2D_54 (BGRA8, 32X32)
[2019.03.25-21.41.55:189][898]LogTexture: Display: Building textures: Texture2D_16 (BGRA8, 32X32)
[2019.03.25-21.41.55:189][898]LogTexture: Display: Building textures: Texture2D_1 (BGRA8, 32X32)
[2019.03.25-21.41.55:190][898]LogTexture: Display: Building textures: Texture2D_48 (BGRA8, 32X32)
[2019.03.25-21.41.55:191][898]LogTexture: Display: Building textures: Texture2D_25 (BGRA8, 32X32)
[2019.03.25-21.41.55:191][898]LogTexture: Display: Building textures: Texture2D_31 (BGRA8, 32X32)
[2019.03.25-21.41.55:192][898]LogTexture: Display: Building textures: Texture2D_32 (BGRA8, 32X32)
[2019.03.25-21.41.55:193][898]LogTexture: Display: Building textures: Texture2D_2 (BGRA8, 32X32)
[2019.03.25-21.41.55:193][898]LogTexture: Display: Building textures: Texture2D_37 (BGRA8, 32X32)
[2019.03.25-21.41.55:195][898]LogTexture: Display: Building textures: Texture2D_39 (BGRA8, 32X32)
[2019.03.25-21.41.55:196][898]LogTexture: Display: Building textures: Texture2D_17 (BGRA8, 32X32)
[2019.03.25-21.41.55:196][898]LogTexture: Display: Building textures: Texture2D_33 (BGRA8, 32X32)
[2019.03.25-21.41.55:197][898]LogTexture: Display: Building textures: Texture2D_34 (BGRA8, 32X32)
[2019.03.25-21.41.55:198][898]LogTexture: Display: Building textures: Texture2D_24 (BGRA8, 32X32)
[2019.03.25-21.41.55:199][898]LogTexture: Display: Building textures: Texture2D_38 (BGRA8, 32X32)
[2019.03.25-21.41.55:200][898]LogTexture: Display: Building textures: Texture2D_40 (BGRA8, 32X32)
[2019.03.25-21.41.55:201][898]LogTexture: Display: Building textures: Texture2D_18 (BGRA8, 32X32)
[2019.03.25-21.41.55:203][898]LogTexture: Display: Building textures: Texture2D_35 (BGRA8, 32X32)
[2019.03.25-21.41.55:204][898]LogTexture: Display: Building textures: Texture2D_36 (BGRA8, 32X32)
[2019.03.25-21.41.55:205][898]LogTexture: Display: Building textures: Texture2D_23 (BGRA8, 32X32)
[2019.03.25-21.41.55:206][898]LogTexture: Display: Building textures: Texture2D_7 (BGRA8, 32X32)
[2019.03.25-21.41.55:206][898]LogTexture: Display: Building textures: Texture2D_41 (BGRA8, 32X32)
[2019.03.25-21.41.55:207][898]LogTexture: Display: Building textures: Texture2D_19 (BGRA8, 32X32)
[2019.03.25-21.41.55:208][898]LogTexture: Display: Building textures: Texture2D_9 (BGRA8, 32X32)
[2019.03.25-21.41.55:209][898]LogTexture: Display: Building textures: Texture2D_46 (BGRA8, 32X32)
[2019.03.25-21.41.55:210][898]LogTexture: Display: Building textures: Texture2D_45 (BGRA8, 32X32)
[2019.03.25-21.41.55:210][898]LogTexture: Display: Building textures: Texture2D_42 (BGRA8, 32X32)
[2019.03.25-21.41.55:211][898]LogTexture: Display: Building textures: Texture2D_43 (BGRA8, 32X32)
[2019.03.25-21.41.55:212][898]LogTexture: Display: Building textures: Texture2D_51 (BGRA8, 32X32)
[2019.03.25-21.41.55:212][898]LogTexture: Display: Building textures: Texture2D_55 (BGRA8, 32X32)
[2019.03.25-21.41.55:213][898]LogTexture: Display: Building textures: Texture2D_11 (BGRA8, 32X32)
[2019.03.25-21.41.55:214][898]LogTexture: Display: Building textures: Texture2D_21 (BGRA8, 32X32)
[2019.03.25-21.41.55:215][898]LogTexture: Display: Building textures: Texture2D_44 (BGRA8, 32X32)
[2019.03.25-21.41.55:215][898]LogTexture: Display: Building textures: Texture2D_20 (BGRA8, 32X32)
[2019.03.25-21.41.55:216][898]LogTexture: Display: Building textures: Texture2D_49 (BGRA8, 32X32)
[2019.03.25-21.41.55:501][898]LogSavePackage: Moving '../../../../../../Users/db11000454/Documents/Unreal Projects/MyBegginner/Saved/Level_Chapater2_Auto190BE471245886F88E0140DA1D4EE5930.tmp' to '../../../../../../Users/db11000454/Documents/Unreal Projects/MyBegginner/Saved/Autosaves/Game/maps/Level_Chapater2_Auto1.umap'
[2019.03.25-21.41.55:508][898]LogFileHelpers: Editor autosave (incl. sublevels) for '/Game/maps/Level_Chapater2' took 0.388
[2019.03.25-21.41.55:509][898]LogFileHelpers: Editor autosave (incl. sublevels) for all levels took 0.388
[2019.03.25-21.44.37:341][382]LogSlate: FSceneViewport::OnFocusLost() reason 0
[2019.03.25-21.45.11:150][736]LogSlate: FSceneViewport::OnFocusLost() reason 0
[2019.03.25-21.45.21:508][916]LogSlate: FSceneViewport::OnFocusLost() reason 0
[2019.03.25-21.45.35:311][140]LogSlate: FSceneViewport::OnFocusLost() reason 0
[2019.03.25-21.45.35:611][142]LogAssetEditorManager: Opening Asset editor for StaticMesh /Game/Geometry/Meshes/1M_Cube_Chamfer.1M_Cube_Chamfer
[2019.03.25-21.45.51:079][307]LogSlate: FSceneViewport::OnFocusLost() reason 0
[2019.03.25-21.46.06:015][528]LogSlate: FSceneViewport::OnFocusLost() reason 0
[2019.03.25-21.46.10:744][582]LogSlate: FSceneViewport::OnFocusLost() reason 0
[2019.03.25-21.46.30:066][777]LogSlate: FSceneViewport::OnFocusLost() reason 0
[2019.03.25-21.46.58:284][190]LogSlate: FSceneViewport::OnFocusLost() reason 0
[2019.03.25-21.46.58:416][192]LogSlate: Window '1M_Cube_Chamfer' being destroyed
[2019.03.25-21.46.58:490][192]LogSlate: Window '1M_Cube_Chamfer' being destroyed
[2019.03.25-21.59.27:621][603]LogSavePackage: Moving '../../../../../../Users/db11000454/Documents/Unreal Projects/MyBegginner/Saved/Level_Chapater28C1C402342E66544567FACBF7F3925D9.tmp' to '../../../../../../Users/db11000454/Documents/Unreal Projects/MyBegginner/Content/maps/Level_Chapater2.umap'
[2019.03.25-21.59.27:684][603]LogSavePackage: Moving '../../../../../../Users/db11000454/Documents/Unreal Projects/MyBegginner/Saved/Level_Chapater2_BuiltData0E1F57B34906DD4CC200EA94548753C4.tmp' to '../../../../../../Users/db11000454/Documents/Unreal Projects/MyBegginner/Content/maps/Level_Chapater2_BuiltData.uasset'
[2019.03.25-21.59.29:648][653]LogSlate: Window 'MyBegginner - Unreal Editor' being destroyed
[2019.03.25-21.59.30:381][654]Cmd: QUIT_EDITOR
[2019.03.25-21.59.31:191][654]LogWindowsTextInputMethodSystem: Display: IME system now deactivated.
[2019.03.25-21.59.31:204][654]LogExit: Preparing to exit.
[2019.03.25-21.59.31:432][654]LogExit: Editor shut down
[2019.03.25-21.59.31:433][654]LogExit: Transaction tracking system shut down
