Log file open, 03/26/19 14:48:03
LogWindows: Failed to load 'aqProf.dll' (GetLastError=126)
LogWindows: File 'aqProf.dll' does not exist
LogWindows: Failed to load 'VSPerf140.dll' (GetLastError=126)
LogWindows: File 'VSPerf140.dll' does not exist
LogWindows: Failed to load 'VtuneApi.dll' (GetLastError=126)
LogWindows: File 'VtuneApi.dll' does not exist
LogWindows: Failed to load 'VtuneApi32e.dll' (GetLastError=126)
LogWindows: File 'VtuneApi32e.dll' does not exist
LogInit: Display: Running engine for game: MyBegginner
LogPlatformFile: Not using cached read wrapper
LogTaskGraph: Started task graph with 5 named threads and 14 total threads with 3 sets of task threads.
LogStats: Stats thread started at 0.197307
LogD3D11RHI: Loaded GFSDK_Aftermath_Lib.x64.dll
LogICUInternationalization: Display: ICU TimeZone Detection - Raw Offset: -8:00, Platform Override: ''
LogPluginManager: Mounting plugin Paper2D
LogPluginManager: Mounting plugin AISupport
LogPluginManager: Mounting plugin LightPropagationVolume
LogPluginManager: Mounting plugin CLionSourceCodeAccess
LogPluginManager: Mounting plugin CodeLiteSourceCodeAccess
LogPluginManager: Mounting plugin GitSourceControl
LogPluginManager: Mounting plugin KDevelopSourceCodeAccess
LogPluginManager: Mounting plugin NullSourceCodeAccess
LogPluginManager: Mounting plugin PerforceSourceControl
LogPluginManager: Mounting plugin SubversionSourceControl
LogPluginManager: Mounting plugin UObjectPlugin
LogPluginManager: Mounting plugin VisualStudioCodeSourceCodeAccess
LogPluginManager: Mounting plugin VisualStudioSourceCodeAccess
LogPluginManager: Mounting plugin XCodeSourceCodeAccess
LogPluginManager: Mounting plugin AssetManagerEditor
LogPluginManager: Mounting plugin CryptoKeys
LogPluginManager: Mounting plugin DataValidation
LogPluginManager: Mounting plugin FacialAnimation
LogPluginManager: Mounting plugin GameplayTagsEditor
LogPluginManager: Mounting plugin MacGraphicsSwitching
LogPluginManager: Mounting plugin MeshEditor
LogPluginManager: Mounting plugin MobileLauncherProfileWizard
LogPluginManager: Mounting plugin PluginBrowser
LogPluginManager: Mounting plugin SpeedTreeImporter
LogPluginManager: Mounting plugin DatasmithContent
LogPluginManager: Mounting plugin AlembicImporter
LogPluginManager: Mounting plugin AppleImageUtils
LogPluginManager: Mounting plugin AppleVision
LogPluginManager: Mounting plugin BackChannel
LogPluginManager: Mounting plugin CharacterAI
LogPluginManager: Mounting plugin GeometryCache
LogPluginManager: Mounting plugin HTML5Networking
LogPluginManager: Mounting plugin ProxyLODPlugin
LogPluginManager: Mounting plugin MagicLeap
LogPluginManager: Mounting plugin MagicLeapEmulator
LogPluginManager: Mounting plugin MagicLeapMedia
LogPluginManager: Mounting plugin AndroidMedia
LogPluginManager: Mounting plugin AvfMedia
LogPluginManager: Mounting plugin ImgMedia
LogPluginManager: Mounting plugin LinearTimecode
LogPluginManager: Mounting plugin MediaCompositing
LogPluginManager: Mounting plugin MediaPlayerEditor
LogPluginManager: Mounting plugin WmfMedia
LogPluginManager: Mounting plugin TcpMessaging
LogPluginManager: Mounting plugin UdpMessaging
LogPluginManager: Mounting plugin ActorSequence
LogPluginManager: Mounting plugin LevelSequenceEditor
LogPluginManager: Mounting plugin MatineeToLevelSequence
LogPluginManager: Mounting plugin NetcodeUnitTest
LogPluginManager: Mounting plugin NUTUnrealEngine4
LogPluginManager: Mounting plugin OnlineSubsystemGooglePlay
LogPluginManager: Mounting plugin OnlineSubsystemIOS
LogPluginManager: Mounting plugin OnlineSubsystem
LogPluginManager: Mounting plugin OnlineSubsystemNull
LogPluginManager: Mounting plugin OnlineSubsystemUtils
LogPluginManager: Mounting plugin LauncherChunkInstaller
LogPluginManager: Mounting plugin AndroidDeviceProfileSelector
LogPluginManager: Mounting plugin AndroidMoviePlayer
LogPluginManager: Mounting plugin AndroidPermission
LogPluginManager: Mounting plugin AppleMoviePlayer
LogPluginManager: Mounting plugin ArchVisCharacter
LogPluginManager: Mounting plugin AudioCapture
LogPluginManager: Mounting plugin CableComponent
LogPluginManager: Mounting plugin CustomMeshComponent
LogPluginManager: Mounting plugin EditableMesh
LogPluginManager: Mounting plugin ExampleDeviceProfileSelector
LogPluginManager: Mounting plugin GoogleCloudMessaging
LogPluginManager: Mounting plugin ImmediatePhysics
LogPluginManager: Mounting plugin IOSDeviceProfileSelector
LogPluginManager: Mounting plugin LinuxDeviceProfileSelector
LogPluginManager: Mounting plugin LocationServicesBPLibrary
LogPluginManager: Mounting plugin MobilePatchingUtils
LogPluginManager: Mounting plugin OculusVR
LogPluginManager: Plugin shader directory ../../../Engine/Plugins/Runtime/Oculus/OculusVR/Shaders found
LogPluginManager: Mapping shader source directory ../../../Engine/Plugins/Runtime/Oculus/OculusVR/Shaders to virtual directory /Plugin/OculusVR
LogPluginManager: Mounting plugin PhysXVehicles
LogPluginManager: Mounting plugin ProceduralMeshComponent
LogPluginManager: Mounting plugin RuntimePhysXCooking
LogPluginManager: Mounting plugin SteamVR
LogPluginManager: Mounting plugin WindowsMoviePlayer
LogStreaming: Display: Took  0.284s to configure plugins.
LogInit: Using libcurl 7.55.1-DEV
LogInit:  - built for x86_64-pc-win32
LogInit:  - supports SSL with OpenSSL/1.0.2h
LogInit:  - supports HTTP deflate (compression) using libz 1.2.8
LogInit:  - other features:
LogInit:      CURL_VERSION_SSL
LogInit:      CURL_VERSION_LIBZ
LogInit:      CURL_VERSION_IPV6
LogInit:      CURL_VERSION_ASYNCHDNS
LogInit:      CURL_VERSION_LARGEFILE
LogInit:      CURL_VERSION_IDN
LogInit:  CurlRequestOptions (configurable via config and command line):
LogInit:  - bVerifyPeer = false  - Libcurl will NOT verify peer certificate
LogInit:  - bUseHttpProxy = false  - Libcurl will NOT use HTTP proxy
LogInit:  - bDontReuseConnections = false  - Libcurl will reuse connections
LogInit:  - CertBundlePath = nullptr  - Libcurl will use whatever was configured at build time.
LogInit:  - MaxHostConnections = 16  - Libcurl will limit the number of connections to a host
LogInit:  - LocalHostAddr = Default
LogInit:  - BufferSize = 65536
LogInit: WinSock: version 1.1 (2.2), MaxSocks=32767, MaxUdp=65467
LogInit: Build: ++UE4+Release-4.20-CL-4369336
LogInit: Engine Version: 4.20.3-4369336+++UE4+Release-4.20
LogInit: Compatible Engine Version: 4.20.0-4212847+++UE4+Release-4.20
LogInit: Net CL: 4212847
LogInit: OS: Windows 10 (), CPU: Intel(R) Core(TM) i5-7400 CPU @ 3.00GHz, GPU: Intel(R) HD Graphics 630
LogInit: Compiled (64-bit): Sep 17 2018 12:26:19
LogInit: Compiled with Visual C++: 19.13.26129.00
LogInit: Build Configuration: Development
LogInit: Branch Name: ++UE4+Release-4.20
LogInit: Command Line: -EpicPortal  -epicusername="smallestgecko56" -epicuserid=3442e522aa2f447881023d2aa07f6e6a -epiclocale=en-US
LogInit: Base Directory: C:/Program Files/Epic Games/UE_4.20/Engine/Binaries/Win64/
LogInit: Installed Engine Build: 1
LogDevObjectVersion: Number of dev versions registered: 20
LogDevObjectVersion:   Dev-Blueprints (B0D832E4-1F89-4F0D-ACCF-7EB736FD4AA2): 10
LogDevObjectVersion:   Dev-Build (E1C64328-A22C-4D53-A36C-8E866417BD8C): 0
LogDevObjectVersion:   Dev-Core (375EC13C-06E4-48FB-B500-84F0262A717E): 2
LogDevObjectVersion:   Dev-Editor (E4B068ED-F494-42E9-A231-DA0B2E46BB41): 24
LogDevObjectVersion:   Dev-Framework (CFFC743F-43B0-4480-9391-14DF171D2073): 34
LogDevObjectVersion:   Dev-Mobile (B02B49B5-BB20-44E9-A304-32B752E40360): 2
LogDevObjectVersion:   Dev-Networking (A4E4105C-59A1-49B5-A7C5-40C4547EDFEE): 0
LogDevObjectVersion:   Dev-Online (39C831C9-5AE6-47DC-9A44-9C173E1C8E7C): 0
LogDevObjectVersion:   Dev-Physics (78F01B33-EBEA-4F98-B9B4-84EACCB95AA2): 0
LogDevObjectVersion:   Dev-Platform (6631380F-2D4D-43E0-8009-CF276956A95A): 0
LogDevObjectVersion:   Dev-Rendering (12F88B9F-8875-4AFC-A67C-D90C383ABD29): 26
LogDevObjectVersion:   Dev-Sequencer (7B5AE74C-D270-4C10-A958-57980B212A5A): 9
LogDevObjectVersion:   Dev-VR (D7296918-1DD6-4BDD-9DE2-64A83CC13884): 2
LogDevObjectVersion:   Dev-LoadTimes (C2A15278-BFE7-4AFE-6C17-90FF531DF755): 1
LogDevObjectVersion:   Private-Geometry (6EACA3D4-40EC-4CC1-B786-8BED09428FC5): 3
LogDevObjectVersion:   Dev-AnimPhys (29E575DD-E0A3-4627-9D10-D276232CDCEA): 17
LogDevObjectVersion:   Dev-ReflectionCapture (6B266CEC-1EC7-4B8F-A30B-E4D90942FC07): 1
LogDevObjectVersion:   Dev-Automation (0DF73D61-A23F-47EA-B727-89E90C41499A): 1
LogDevObjectVersion:   FortniteMain (601D1886-AC64-4F84-AA16-D3DE0DEAC7D6): 12
LogDevObjectVersion:   Dev-Enterprise (9DFFBCD6-494F-0158-E221-12823C92A888): 1
LogStreaming: Display: Took  0.000s to delete old logs.
LogInit: Presizing for max 8388607 objects, including 0 objects not considered by GC, pre-allocating 0 bytes for permanent pool.
LogInit: Object subsystem initialized
[2019.03.26-21.48.03:862][  0]LogInit: Selected Device Profile: [Windows]
[2019.03.26-21.48.03:862][  0]LogInit: Applying CVar settings loaded from the selected device profile: [Windows]
[2019.03.26-21.48.03:875][  0]LogHAL: Display: Platform has ~ 8 GB [8492687360 / 8589934592 / 8], which maps to Default [LargestMinGB=32, LargerMinGB=12, DefaultMinGB=8, SmallerMinGB=6, SmallestMinGB=0)
[2019.03.26-21.48.03:875][  0]LogInit: Setting Device Profile CVar: [[r.Vulkan.UseRealUBs:1]]
[2019.03.26-21.48.03:875][  0]LogInit: Going up to parent DeviceProfile []
[2019.03.26-21.48.03:876][  0]LogInit: Computer: ESHSD-SD00345
[2019.03.26-21.48.03:876][  0]LogInit: User: db11000454
[2019.03.26-21.48.03:876][  0]LogInit: CPU Page size=4096, Cores=4
[2019.03.26-21.48.03:876][  0]LogInit: High frequency timer resolution =2.929685 MHz
[2019.03.26-21.48.03:876][  0]LogMemory: Memory total: Physical=7.9GB (8GB approx)
[2019.03.26-21.48.03:876][  0]LogMemory: Platform Memory Stats for Windows
[2019.03.26-21.48.03:876][  0]LogMemory: Process Physical Memory: 100.34 MB used, 100.34 MB peak
[2019.03.26-21.48.03:876][  0]LogMemory: Process Virtual Memory: 84.32 MB used, 84.32 MB peak
[2019.03.26-21.48.03:876][  0]LogMemory: Physical Memory: 4490.23 MB used,  3609.03 MB free, 8099.26 MB total
[2019.03.26-21.48.03:876][  0]LogMemory: Virtual Memory: 4625.43 MB used,  3609.03 MB free, 134217728.00 MB total
[2019.03.26-21.48.03:903][  0]LogInit: Using OS detected language (en-US).
[2019.03.26-21.48.03:903][  0]LogInit: Using OS detected locale (en-US).
[2019.03.26-21.48.03:904][  0]LogTextLocalizationManager: No specific localization for 'en-US' exists, so the 'en' localization will be used.
[2019.03.26-21.48.04:268][  0]LogStreaming: Display: Took  0.366s to InitEngineTextLocalization.
[2019.03.26-21.48.04:268][  0]LogInit: Setting process to per monitor DPI aware
[2019.03.26-21.48.04:304][  0]LogSlate: New Slate User Created.  User Index 0, Is Virtual User: 0
[2019.03.26-21.48.04:304][  0]LogSlate: Slate User Registered.  User Index 0, Is Virtual User: 0
[2019.03.26-21.48.04:680][  0]LogHMD: Failed to initialize OpenVR with code 110
[2019.03.26-21.48.04:680][  0]LogD3D11RHI: D3D11 adapters:
[2019.03.26-21.48.04:716][  0]LogD3D11RHI:    0. 'Intel(R) HD Graphics 630' (Feature Level 11_0)
[2019.03.26-21.48.04:716][  0]LogD3D11RHI:       128/0/4049 MB DedicatedVideo/DedicatedSystem/SharedSystem, Outputs:1, VendorId:0x8086
[2019.03.26-21.48.04:720][  0]LogD3D11RHI:    1. 'Microsoft Basic Render Driver' (Feature Level 11_0)
[2019.03.26-21.48.04:720][  0]LogD3D11RHI:       0/0/4049 MB DedicatedVideo/DedicatedSystem/SharedSystem, Outputs:0, VendorId:0x1414
[2019.03.26-21.48.04:720][  0]LogD3D11RHI: Chosen D3D11 Adapter: 0
[2019.03.26-21.48.04:725][  0]LogD3D11RHI: Creating new Direct3DDevice
[2019.03.26-21.48.04:725][  0]LogD3D11RHI:     GPU DeviceId: 0x5912 (for the marketing name, search the web for "GPU Device Id")
[2019.03.26-21.48.04:725][  0]LogWindows: EnumDisplayDevices:
[2019.03.26-21.48.04:726][  0]LogWindows:    0. 'Intel(R) HD Graphics 630' (P:1 D:1)
[2019.03.26-21.48.04:726][  0]LogWindows:    1. 'Intel(R) HD Graphics 630' (P:0 D:0)
[2019.03.26-21.48.04:726][  0]LogWindows:    2. 'Intel(R) HD Graphics 630' (P:0 D:0)
[2019.03.26-21.48.04:726][  0]LogWindows: DebugString: FoundDriverCount:3 
[2019.03.26-21.48.04:726][  0]LogD3D11RHI:     Adapter Name: Intel(R) HD Graphics 630
[2019.03.26-21.48.04:726][  0]LogD3D11RHI:   Driver Version: 24.20.100.6286 (internal:24.20.100.6286, unified:24.20.100.6286)
[2019.03.26-21.48.04:726][  0]LogD3D11RHI:      Driver Date: 8-15-2018
[2019.03.26-21.48.04:727][  0]LogRHI: Texture pool is 1506 MB (70% of 2152 MB)
[2019.03.26-21.48.04:759][  0]LogD3D11RHI: Async texture creation enabled
[2019.03.26-21.48.04:774][  0]LogD3D11RHI: GPU Timing Frequency: 12.000048 (Debug: 2 0)
[2019.03.26-21.48.04:776][  0]LogShaderCompilers: Guid format shader working directory is -22 characters bigger than the processId version (../../../../../../Users/db11000454/Documents/Unreal Projects/MyBegginner/Intermediate/Shaders/WorkingDirectory/10648/).
[2019.03.26-21.48.04:776][  0]LogShaderCompilers: Cleaned the shader compiler working directory 'C:/Users/db11000454/AppData/Local/Temp/UnrealShaderWorkingDir/0489BE6244F952443C616BB834210013/'.
[2019.03.26-21.48.05:183][  0]LogTemp: Display: Loaded TP AllDesktopTargetPlatform
[2019.03.26-21.48.05:199][  0]LogTemp: Display: Loaded TP MacClientTargetPlatform
[2019.03.26-21.48.05:214][  0]LogTemp: Display: Loaded TP MacNoEditorTargetPlatform
[2019.03.26-21.48.05:229][  0]LogTemp: Display: Loaded TP MacServerTargetPlatform
[2019.03.26-21.48.05:245][  0]LogTemp: Display: Loaded TP MacTargetPlatform
[2019.03.26-21.48.05:259][  0]LogTemp: Display: Loaded TP WindowsClientTargetPlatform
[2019.03.26-21.48.05:275][  0]LogTemp: Display: Loaded TP WindowsNoEditorTargetPlatform
[2019.03.26-21.48.05:290][  0]LogTemp: Display: Loaded TP WindowsServerTargetPlatform
[2019.03.26-21.48.05:298][  0]LogTemp: Display: Loaded TP WindowsTargetPlatform
[2019.03.26-21.48.05:383][  0]LogTemp: Display: Loaded TP AndroidTargetPlatform
[2019.03.26-21.48.05:383][  0]LogTemp: Display: Loaded TP AndroidTargetPlatform
[2019.03.26-21.48.05:383][  0]LogTemp: Display: Loaded TP AndroidTargetPlatform
[2019.03.26-21.48.05:383][  0]LogTemp: Display: Loaded TP AndroidTargetPlatform
[2019.03.26-21.48.05:383][  0]LogTemp: Display: Loaded TP AndroidTargetPlatform
[2019.03.26-21.48.05:383][  0]LogTemp: Display: Loaded TP AndroidTargetPlatform
[2019.03.26-21.48.05:383][  0]LogTemp: Display: Loaded TP AndroidTargetPlatform
[2019.03.26-21.48.05:383][  0]LogTemp: Display: Loaded TP AndroidTargetPlatform
[2019.03.26-21.48.05:383][  0]LogTemp: Display: Loaded TP AndroidTargetPlatform
[2019.03.26-21.48.05:383][  0]LogTemp: Display: Loaded TP AndroidTargetPlatform
[2019.03.26-21.48.05:383][  0]LogTemp: Display: Loaded TP AndroidTargetPlatform
[2019.03.26-21.48.05:383][  0]LogTemp: Display: Loaded TP AndroidTargetPlatform
[2019.03.26-21.48.05:383][  0]LogTemp: Display: Loaded TP AndroidTargetPlatform
[2019.03.26-21.48.05:383][  0]LogTemp: Display: Loaded TP AndroidTargetPlatform
[2019.03.26-21.48.05:383][  0]LogTemp: Display: Loaded TP AndroidTargetPlatform
[2019.03.26-21.48.05:383][  0]LogTemp: Display: Loaded TP AndroidTargetPlatform
[2019.03.26-21.48.05:383][  0]LogTemp: Display: Loaded TP AndroidTargetPlatform
[2019.03.26-21.48.05:383][  0]LogTemp: Display: Loaded TP AndroidTargetPlatform
[2019.03.26-21.48.05:385][  0]LogTemp: Display: Loaded TP HTML5TargetPlatform
[2019.03.26-21.48.05:449][  0]LogTemp: Display: Loaded TP IOSTargetPlatform
[2019.03.26-21.48.05:449][  0]LogTemp: Display: Loaded TP IOSTargetPlatform
[2019.03.26-21.48.05:476][  0]LogTemp: Display: Loaded TP TVOSTargetPlatform
[2019.03.26-21.48.05:477][  0]LogTemp: Display: Loaded TP TVOSTargetPlatform
[2019.03.26-21.48.05:491][  0]LogTemp: Display: Loaded TP LinuxClientTargetPlatform
[2019.03.26-21.48.05:504][  0]LogTemp: Display: Loaded TP LinuxNoEditorTargetPlatform
[2019.03.26-21.48.05:518][  0]LogTemp: Display: Loaded TP LinuxServerTargetPlatform
[2019.03.26-21.48.05:533][  0]LogTemp: Display: Loaded TP LinuxTargetPlatform
[2019.03.26-21.48.05:543][  0]LogTemp: Display: Loaded TP LuminTargetPlatform
[2019.03.26-21.48.05:543][  0]LogTargetPlatformManager: Display: Building Assets For Windows
[2019.03.26-21.48.05:629][  0]LogXGEController: Cannot use XGE Controller as Incredibuild is not installed on this machine.
[2019.03.26-21.48.05:629][  0]LogShaderCompilers: Cannot use XGE Shader Compiler as Incredibuild is not installed on this machine.
[2019.03.26-21.48.05:629][  0]LogShaderCompilers: Display: Using Local Shader Compiler.
[2019.03.26-21.48.06:568][  0]LogDerivedDataCache: Display: Max Cache Size: 512 MB
[2019.03.26-21.48.06:629][  0]LogDerivedDataCache: Loaded boot cache 0.06s 71MB C:/Users/db11000454/AppData/Local/UnrealEngine/4.20/DerivedDataCache/Boot.ddc.
[2019.03.26-21.48.06:629][  0]LogDerivedDataCache: Display: Loaded Boot cache: C:/Users/db11000454/AppData/Local/UnrealEngine/4.20/DerivedDataCache/Boot.ddc
[2019.03.26-21.48.06:629][  0]LogDerivedDataCache: FDerivedDataBackendGraph:  Pak pak cache file ../../../../../../Users/db11000454/Documents/Unreal Projects/MyBegginner/DerivedDataCache/DDC.ddp not found, will not use a pak cache.
[2019.03.26-21.48.06:629][  0]LogDerivedDataCache: Unable to find inner node Pak for hierarchical cache Hierarchy.
[2019.03.26-21.48.06:629][  0]LogDerivedDataCache: FDerivedDataBackendGraph:  CompressedPak pak cache file ../../../../../../Users/db11000454/Documents/Unreal Projects/MyBegginner/DerivedDataCache/Compressed.ddp not found, will not use a pak cache.
[2019.03.26-21.48.06:629][  0]LogDerivedDataCache: Unable to find inner node CompressedPak for hierarchical cache Hierarchy.
[2019.03.26-21.48.06:645][  0]LogDerivedDataCache: Display: Pak cache opened for reading ../../../Engine/DerivedDataCache/Compressed.ddp.
[2019.03.26-21.48.06:658][  0]LogDerivedDataCache: Using Local data cache path C:/Users/db11000454/AppData/Local/UnrealEngine/Common/DerivedDataCache: Writable
[2019.03.26-21.48.06:658][  0]LogDerivedDataCache: Shared data cache path not found in *engine.ini, will not use an Shared cache.
[2019.03.26-21.48.06:658][  0]LogDerivedDataCache: Unable to find inner node Shared for hierarchical cache Hierarchy.
[2019.03.26-21.48.06:676][  0]LogMaterial: Verifying Global Shaders for PCD3D_SM5
[2019.03.26-21.48.06:677][  0]LogSlate: Using FreeType 2.6.0
[2019.03.26-21.48.06:678][  0]LogSlate: SlateFontServices - WITH_FREETYPE: 1, WITH_HARFBUZZ: 1
[2019.03.26-21.48.06:783][  0]LogAssetRegistry: FAssetRegistry took 0.0254 seconds to start up
[2019.03.26-21.48.07:126][  0]LogInit: Selected Device Profile: [Windows]
[2019.03.26-21.48.07:274][  0]LogSimplygon: Simplygon DLL not present - disabling.
[2019.03.26-21.48.07:278][  0]LogMeshReduction: Using SimplygonSwarm for distributed automatic mesh merging
[2019.03.26-21.48.07:278][  0]LogMeshReduction: Using ProxyLODMeshReduction for automatic mesh merging
[2019.03.26-21.48.07:278][  0]LogMeshReduction: Using QuadricMeshReduction for automatic static mesh reduction
[2019.03.26-21.48.07:278][  0]LogMeshReduction: No automatic skeletal mesh reduction module available
[2019.03.26-21.48.07:294][  0]LogNetVersion: MyBegginner 1.0.0, NetCL: 4212847, EngineNetVer: 5, GameNetVer: 0 (Checksum: 1762572393)
[2019.03.26-21.48.08:019][  0]LogPackageLocalizationCache: Processed 11 localized package path(s) for 2 prioritized culture(s) in 0.154496 seconds
[2019.03.26-21.48.08:025][  0]LogUObjectArray: 38425 objects as part of root set at end of initial load.
[2019.03.26-21.48.08:025][  0]LogUObjectAllocator: 6690864 out of 0 bytes used by permanent object pool.
[2019.03.26-21.48.08:025][  0]LogUObjectArray: CloseDisregardForGC: 0/0 objects in disregard for GC pool
[2019.03.26-21.48.09:281][  0]LogTcpMessaging: Initializing TcpMessaging bridge
[2019.03.26-21.48.09:298][  0]LogUdpMessaging: Initializing bridge on interface 0.0.0.0:0 to multicast group 230.0.0.1:6666.
[2019.03.26-21.48.09:465][  0]SourceControl: Source control is disabled
[2019.03.26-21.48.09:465][  0]SourceControl: Source control is disabled
[2019.03.26-21.48.09:467][  0]SourceControl: Source control is disabled
[2019.03.26-21.48.09:468][  0]SourceControl: Source control is disabled
[2019.03.26-21.48.09:685][  0]LogAndroidPermission: UAndroidPermissionCallbackProxy::GetInstance
[2019.03.26-21.48.09:743][  0]LogOcInput: OculusInput pre-init called
[2019.03.26-21.48.09:807][  0]LogEngine: Initializing Engine...
[2019.03.26-21.48.09:809][  0]LogHMD: Failed to initialize OpenVR with code 110
[2019.03.26-21.48.09:810][  0]LogStats: UGameplayTagsManager::ConstructGameplayTagTree: ImportINI prefixes -  0.000 s
[2019.03.26-21.48.09:810][  0]LogStats: UGameplayTagsManager::ConstructGameplayTagTree: Construct from data asset -  0.000 s
[2019.03.26-21.48.09:810][  0]LogStats: UGameplayTagsManager::ConstructGameplayTagTree: ImportINI -  0.000 s
[2019.03.26-21.48.09:810][  0]LogStats: UGameplayTagsManager::ConstructGameplayTagTree: GameplayTagTreeChangedEvent.Broadcast -  0.000 s
[2019.03.26-21.48.10:203][  0]LogInit: Initializing FReadOnlyCVARCache
[2019.03.26-21.48.10:219][  0]LogAIModule: Creating AISystem for world Untitled
[2019.03.26-21.48.10:227][  0]LogInit: XAudio2 using 'Speakers (Realtek(R) Audio)' : 2 channels at 48 kHz using 32 bits per sample (channel mask 0x3)
[2019.03.26-21.48.10:257][  0]LogInit: FAudioDevice initialized.
[2019.03.26-21.48.10:257][  0]LogNetVersion: Set ProjectVersion to 1.0.0.0. Version Checksum will be recalculated on next use.
[2019.03.26-21.48.10:319][  0]LogDerivedDataCache: Saved boot cache 0.06s 71MB C:/Users/db11000454/AppData/Local/UnrealEngine/4.20/DerivedDataCache/Boot.ddc.
[2019.03.26-21.48.10:322][  0]LogInit: Texture streaming: Enabled
[2019.03.26-21.48.10:345][  0]LogEngineSessionManager: EngineSessionManager initialized
[2019.03.26-21.48.10:360][  0]LogInit: Transaction tracking system initialized
[2019.03.26-21.48.10:386][  0]BlueprintLog: New page: Editor Load
[2019.03.26-21.48.10:477][  0]LocalizationService: Localization service is disabled
[2019.03.26-21.48.10:881][  0]LogCook: Display: Max memory allowance for cook 16384mb min free memory 0mb
[2019.03.26-21.48.10:881][  0]LogCook: Display: Mobile HDR setting 1
[2019.03.26-21.48.10:882][  0]LogGameplayTags: Display: UGameplayTagsManager::DoneAddingNativeTags. DelegateIsBound: 0
[2019.03.26-21.48.10:882][  0]LogStats: UGameplayTagsManager::ConstructGameplayTagTree: ImportINI prefixes -  0.000 s
[2019.03.26-21.48.10:882][  0]LogStats: UGameplayTagsManager::ConstructGameplayTagTree: Construct from data asset -  0.000 s
[2019.03.26-21.48.10:882][  0]LogStats: UGameplayTagsManager::ConstructGameplayTagTree: ImportINI -  0.000 s
[2019.03.26-21.48.10:882][  0]LogStats: UGameplayTagsManager::ConstructGameplayTagTree: GameplayTagTreeChangedEvent.Broadcast -  0.000 s
[2019.03.26-21.48.11:032][  0]LogFileCache: Scanning file cache for directory 'C:/Users/db11000454/Documents/Unreal Projects/MyBegginner/Content/' took 0.02s
[2019.03.26-21.48.11:032][  0]SourceControl: Source control is disabled
[2019.03.26-21.48.11:032][  0]Cmd: MAP LOAD FILE="../../../../../../Users/db11000454/Documents/Unreal Projects/MyBegginner/Content/FirstPersonBP/Maps/FirstPersonExampleMap.umap" TEMPLATE=0 SHOWPROGRESS=1 FEATURELEVEL=3
[2019.03.26-21.48.11:034][  0]LightingResults: New page: Lighting Build
[2019.03.26-21.48.11:037][  0]MapCheck: New page: Map Check
[2019.03.26-21.48.11:037][  0]LightingResults: New page: Lighting Build
[2019.03.26-21.48.11:649][  0]LogAIModule: Creating AISystem for world FirstPersonExampleMap
[2019.03.26-21.48.11:677][  0]LogEditorServer: Finished looking for orphan Actors (0.000 secs)
[2019.03.26-21.48.11:703][  0]Cmd: MAP CHECKDEP NOCLEARLOG
[2019.03.26-21.48.11:865][  0]MapCheck: Map check complete: 0 Error(s), 0 Warning(s), took 162.069ms to complete.
[2019.03.26-21.48.11:865][  0]LogFileHelpers: Loading map 'FirstPersonExampleMap' took 0.833
[2019.03.26-21.48.12:015][  0]LogSlate: Updating window title bar state: overlay mode, drag disabled, window buttons hidden, title bar hidden
[2019.03.26-21.48.12:025][  0]LogSlate: Updating window title bar state: overlay mode, drag disabled, window buttons hidden, title bar hidden
[2019.03.26-21.48.12:032][  0]LogSlate: Updating window title bar state: overlay mode, drag disabled, window buttons hidden, title bar hidden
[2019.03.26-21.48.12:039][  0]LogSlate: Updating window title bar state: overlay mode, drag disabled, window buttons hidden, title bar hidden
[2019.03.26-21.48.12:054][  0]LogCollectionManager: Loaded 0 collections in 0.001792 seconds
[2019.03.26-21.48.12:118][  0]LogFileCache: Scanning file cache for directory 'C:/Users/db11000454/Documents/Unreal Projects/MyBegginner/Saved/Collections/' took 0.01s
[2019.03.26-21.48.12:118][  0]LogFileCache: Scanning file cache for directory 'C:/Users/db11000454/Documents/Unreal Projects/MyBegginner/Content/Developers/db11000454/Collections/' took 0.01s
[2019.03.26-21.48.12:118][  0]LogFileCache: Scanning file cache for directory 'C:/Users/db11000454/Documents/Unreal Projects/MyBegginner/Content/Collections/' took 0.01s
[2019.03.26-21.48.12:118][  0]LogCollectionManager: Rebuilt the GUID cache for 0 collections in 0.000000 seconds
[2019.03.26-21.48.12:129][  0]LogContentBrowser: Native class hierarchy populated in 0.0100 seconds. Added 2572 classes and 603 folders.
[2019.03.26-21.48.12:147][  0]LogContentBrowser: Native class hierarchy updated for 'WidgetCarousel' in 0.0003 seconds. Added 0 classes and 0 folders.
[2019.03.26-21.48.12:275][  0]LogContentBrowser: Native class hierarchy updated for 'AddContentDialog' in 0.0002 seconds. Added 0 classes and 0 folders.
[2019.03.26-21.48.12:287][  0]LogContentBrowser: Native class hierarchy updated for 'SceneOutliner' in 0.0003 seconds. Added 1 classes and 2 folders.
[2019.03.26-21.48.12:375][  0]LogContentBrowser: Native class hierarchy updated for 'HierarchicalLODOutliner' in 0.0002 seconds. Added 0 classes and 0 folders.
[2019.03.26-21.48.12:375][  0]LogLoad: (Engine Initialization) Total time: 10.41 seconds
[2019.03.26-21.48.12:375][  0]LogLoad: (Engine Initialization) Total Blueprint compile time: 0.00 seconds
[2019.03.26-21.48.12:385][  0]LogWindowsTextInputMethodSystem: Display: IME system now deactivated.
[2019.03.26-21.48.12:414][  0]LogContentStreaming: Texture pool size now 1000 MB
[2019.03.26-21.48.12:416][  0]LogSlate: Took 0.000479 seconds to synchronously load lazily loaded font '../../../Engine/Content/Slate/Fonts/Roboto-Regular.ttf' (155K)
[2019.03.26-21.48.12:417][  0]LogSlate: Took 0.000325 seconds to synchronously load lazily loaded font '../../../Engine/Content/Slate/Fonts/Roboto-Bold.ttf' (160K)
[2019.03.26-21.48.12:426][  0]LogSlate: Took 0.001750 seconds to synchronously load lazily loaded font '../../../Engine/Content/Editor/Slate/Fonts/FontAwesome.ttf' (139K)
[2019.03.26-21.48.12:548][  0]LogSlate: Took 0.001706 seconds to synchronously load lazily loaded font '../../../Engine/Content/Slate/Fonts/Roboto-Light.ttf' (167K)
[2019.03.26-21.48.12:569][  1]LogRenderer: Reallocating scene render targets to support 804x360 Format 10 NumSamples 1 (Frame:1).
[2019.03.26-21.48.13:453][  1]LogAssetRegistry: Asset discovery search completed in 6.6907 seconds
[2019.03.26-21.48.13:455][  1]LogCollectionManager: Rebuilt the object cache for 0 collections in 0.000001 seconds (found 0 objects)
[2019.03.26-21.48.13:455][  1]LogCollectionManager: Fixed up redirectors for 0 collections in 0.000060 seconds (updated 0 objects)
[2019.03.26-21.48.14:141][  3]LogSlate: Took 0.001288 seconds to synchronously load lazily loaded font '../../../Engine/Content/Slate/Fonts/Roboto-Light.ttf' (167K)
[2019.03.26-21.48.26:243][280]LogSlate: FSceneViewport::OnFocusLost() reason 0
[2019.03.26-21.48.39:873][834]LogAIModule: Creating AISystem for world Level_Chapater2
[2019.03.26-21.48.39:894][834]LogAssetEditorManager: Opening Asset editor for World /Game/maps/Level_Chapater2.Level_Chapater2
[2019.03.26-21.48.39:918][834]Cmd: MAP LOAD FILE="../../../../../../Users/db11000454/Documents/Unreal Projects/MyBegginner/Content/maps/Level_Chapater2.umap" TEMPLATE=0 SHOWPROGRESS=1 FEATURELEVEL=3
[2019.03.26-21.48.39:918][834]LightingResults: New page: Lighting Build
[2019.03.26-21.48.39:919][834]LoadErrors: New page: Loading map: Level_Chapater2.umap
[2019.03.26-21.48.39:920][834]MapCheck: New page: Map Check
[2019.03.26-21.48.39:920][834]LightingResults: New page: Lighting Build
[2019.03.26-21.48.40:032][834]LogEditorServer: Finished looking for orphan Actors (0.000 secs)
[2019.03.26-21.48.40:070][834]Cmd: MAP CHECKDEP NOCLEARLOG
[2019.03.26-21.48.40:241][834]MapCheck: Map check complete: 0 Error(s), 0 Warning(s), took 170.685ms to complete.
[2019.03.26-21.48.40:242][834]LogFileHelpers: Loading map 'Level_Chapater2' took 0.324
[2019.03.26-21.48.54:246][188]LogAssetEditorManager: Opening Asset editor for StaticMesh /Game/Geometry/Meshes/1M_Cube_Chamfer.1M_Cube_Chamfer
[2019.03.26-21.48.55:006][188]LogRenderer: Reallocating scene render targets to support 924x544 Format 10 NumSamples 1 (Frame:1).
[2019.03.26-21.48.55:006][188]LogSlate: Took 0.002222 seconds to synchronously load lazily loaded font '../../../Engine/Content/Slate/Fonts/Roboto-Italic.ttf' (157K)
[2019.03.26-21.49.04:754][332]LogSlate: FSceneViewport::OnFocusLost() reason 0
[2019.03.26-21.52.50:138][992]LogEditorFactories: Performing atomic reimport of [C:/Users/db11000454/Documents/Unreal Projects/MyBegginner/Content/Geometry/Meshes/Cabin.obj]
[2019.03.26-21.52.50:185][992]LogFbx: Loading FBX Scene from C:/Users/db11000454/Documents/Unreal Projects/MyBegginner/Content/Geometry/Meshes/Cabin.obj
[2019.03.26-21.52.50:204][992]LogFbx: FBX Scene Loaded Succesfully
[2019.03.26-21.52.50:230][992]LogFbx: Warning: Triangulating static mesh AwningWindow001
[2019.03.26-21.52.50:243][992]LogFbx: Warning: Triangulating static mesh Box001
[2019.03.26-21.52.50:244][992]LogFbx: Warning: Triangulating static mesh Box002
[2019.03.26-21.52.50:245][992]LogFbx: Warning: Triangulating static mesh Box003
[2019.03.26-21.52.50:245][992]LogFbx: Warning: Triangulating static mesh Box004
[2019.03.26-21.52.50:246][992]LogFbx: Warning: Triangulating static mesh Box005
[2019.03.26-21.52.50:247][992]LogFbx: Warning: Triangulating static mesh Box006
[2019.03.26-21.52.50:247][992]LogFbx: Warning: Triangulating static mesh Box007
[2019.03.26-21.52.50:248][992]LogFbx: Warning: Triangulating static mesh Box008
[2019.03.26-21.52.50:249][992]LogFbx: Warning: Triangulating static mesh Box009
[2019.03.26-21.52.50:249][992]LogFbx: Warning: Triangulating static mesh Box010
[2019.03.26-21.52.50:250][992]LogFbx: Warning: Triangulating static mesh Box011
[2019.03.26-21.52.50:251][992]LogFbx: Warning: Triangulating static mesh Box012
[2019.03.26-21.52.50:251][992]LogFbx: Warning: Triangulating static mesh Box013
[2019.03.26-21.52.50:252][992]LogFbx: Warning: Triangulating static mesh Box014
[2019.03.26-21.52.50:253][992]LogFbx: Warning: Triangulating static mesh Box015
[2019.03.26-21.52.50:254][992]LogFbx: Warning: Triangulating static mesh Box016
[2019.03.26-21.52.50:254][992]LogFbx: Warning: Triangulating static mesh Box017
[2019.03.26-21.52.50:256][992]LogFbx: Warning: Triangulating static mesh Box018
[2019.03.26-21.52.50:257][992]LogFbx: Warning: Triangulating static mesh Box019
[2019.03.26-21.52.50:257][992]LogFbx: Warning: Triangulating static mesh Box020
[2019.03.26-21.52.50:258][992]LogFbx: Warning: Triangulating static mesh Box021
[2019.03.26-21.52.50:259][992]LogFbx: Warning: Triangulating static mesh Box022
[2019.03.26-21.52.50:260][992]LogFbx: Warning: Triangulating static mesh Box023
[2019.03.26-21.52.50:260][992]LogFbx: Warning: Triangulating static mesh Box024
[2019.03.26-21.52.50:261][992]LogFbx: Warning: Triangulating static mesh Box025
[2019.03.26-21.52.50:262][992]LogFbx: Warning: Triangulating static mesh Box026
[2019.03.26-21.52.50:262][992]LogFbx: Warning: Triangulating static mesh Box027
[2019.03.26-21.52.50:263][992]LogFbx: Warning: Triangulating static mesh Box028
[2019.03.26-21.52.50:264][992]LogFbx: Warning: Triangulating static mesh Box029
[2019.03.26-21.52.50:265][992]LogFbx: Warning: Triangulating static mesh Box030
[2019.03.26-21.52.50:266][992]LogFbx: Warning: Triangulating static mesh Box031
[2019.03.26-21.52.50:266][992]LogFbx: Warning: Triangulating static mesh Box032
[2019.03.26-21.52.50:267][992]LogFbx: Warning: Triangulating static mesh Box033
[2019.03.26-21.52.50:268][992]LogFbx: Warning: Triangulating static mesh Box034
[2019.03.26-21.52.50:268][992]LogFbx: Warning: Triangulating static mesh Box035
[2019.03.26-21.52.50:269][992]LogFbx: Warning: Triangulating static mesh Box036
[2019.03.26-21.52.50:270][992]LogFbx: Warning: Triangulating static mesh Box037
[2019.03.26-21.52.50:271][992]LogFbx: Warning: Triangulating static mesh Box038
[2019.03.26-21.52.50:271][992]LogFbx: Warning: Triangulating static mesh Box039
[2019.03.26-21.52.50:272][992]LogFbx: Warning: Triangulating static mesh Box040
[2019.03.26-21.52.50:273][992]LogFbx: Warning: Triangulating static mesh Box041
[2019.03.26-21.52.50:274][992]LogFbx: Warning: Triangulating static mesh Box042
[2019.03.26-21.52.50:274][992]LogFbx: Warning: Triangulating static mesh Box043
[2019.03.26-21.52.50:275][992]LogFbx: Warning: Triangulating static mesh Box044
[2019.03.26-21.52.50:276][992]LogFbx: Warning: Triangulating static mesh Box045
[2019.03.26-21.52.50:276][992]LogFbx: Warning: Triangulating static mesh Box046
[2019.03.26-21.52.50:277][992]LogFbx: Warning: Triangulating static mesh Box047
[2019.03.26-21.52.50:278][992]LogFbx: Warning: Triangulating static mesh Box048
[2019.03.26-21.52.50:278][992]LogFbx: Warning: Triangulating static mesh Box049
[2019.03.26-21.52.50:280][992]LogFbx: Warning: Triangulating static mesh PivotDoor001
[2019.03.26-21.52.50:288][992]LogFbx: Warning: Triangulating static mesh Plane001
[2019.03.26-21.52.50:289][992]LogFbx: Warning: Triangulating static mesh Plane002
[2019.03.26-21.52.50:303][992]LogStaticMesh: Building static mesh 1M_Cube_Chamfer...
[2019.03.26-21.52.50:338][992]LogStaticMesh: Built static mesh [0.03s] /Game/Geometry/Meshes/1M_Cube_Chamfer.1M_Cube_Chamfer
[2019.03.26-21.52.55:982][992]LogSlate: Window 'Reimport Material Conflicts Resolution' being destroyed
[2019.03.26-21.52.55:995][992]LogEditorFactories: -- imported successfully
[2019.03.26-21.52.56:003][992]FBXImport: Warning: No smoothing group information was found in this FBX scene.  Please make sure to enable the 'Export Smoothing Groups' option in the FBX Exporter plug-in before exporting the file.  Even for tools that don't support smoothing groups, the FBX Exporter will generate appropriate smoothing data at export-time so that correct vertex normals can be inferred while importing. 
[2019.03.26-21.53.23:294][410]LogSlate: FSceneViewport::OnFocusLost() reason 0
[2019.03.26-21.54.24:505][410]LogSlate: FSceneViewport::OnFocusLost() reason 2
[2019.03.26-21.54.29:045][686]LogSlate: FSceneViewport::OnFocusLost() reason 2
[2019.03.26-21.54.32:952][811]LogSlate: FSceneViewport::OnFocusLost() reason 2
[2019.03.26-21.54.53:043][421]LogSlate: FSceneViewport::OnFocusLost() reason 2
[2019.03.26-21.54.57:613][634]LogRenderer: Reallocating scene render targets to support 1432x924 Format 10 NumSamples 1 (Frame:2170).
[2019.03.26-21.56.09:534][498]LogSlate: FSceneViewport::OnFocusLost() reason 0
[2019.03.26-21.56.25:642][752]LogSlate: FSceneViewport::OnFocusLost() reason 0
[2019.03.26-21.56.27:685][757]LogSlate: Window 'Material Baking Options' being destroyed
[2019.03.26-21.56.45:483][135]LogSlate: FSceneViewport::OnFocusLost() reason 0
[2019.03.26-21.56.50:703][237]LogSlate: FSceneViewport::OnFocusLost() reason 0
[2019.03.26-21.56.56:570][362]LogSlate: FSceneViewport::OnFocusLost() reason 0
[2019.03.26-21.57.01:658][467]LogSlate: FSceneViewport::OnFocusLost() reason 0
[2019.03.26-21.57.34:785][164]LogSlate: FSceneViewport::OnFocusLost() reason 2
[2019.03.26-21.57.38:008][379]Cmd: STAT FPS
[2019.03.26-21.58.39:932][755]LogFileHelpers: Editor autosave (incl. sublevels) for '/Game/maps/Level_Chapater2' took 0.023
[2019.03.26-21.58.39:938][755]OBJ SavePackage: Generating thumbnails for [1] asset(s) in package [/Game/Geometry/Meshes/1M_Cube_Chamfer] ([1] browsable assets)...
[2019.03.26-21.58.39:975][755]OBJ SavePackage:     Rendered thumbnail for [StaticMesh /Game/Geometry/Meshes/1M_Cube_Chamfer.1M_Cube_Chamfer]
[2019.03.26-21.58.39:975][755]OBJ SavePackage: Finished generating thumbnails for package [/Game/Geometry/Meshes/1M_Cube_Chamfer]
[2019.03.26-21.58.40:031][755]LogSavePackage: Moving '../../../../../../Users/db11000454/Documents/Unreal Projects/MyBegginner/Saved/1M_Cube_Chamfer_Auto11194A4EF40095F802200E980CD7E2D36.tmp' to '../../../../../../Users/db11000454/Documents/Unreal Projects/MyBegginner/Saved/Autosaves/Game/Geometry/Meshes/1M_Cube_Chamfer_Auto1.uasset'
[2019.03.26-21.58.40:035][755]LogFileHelpers: Auto-saving content packages took 0.101
[2019.03.26-22.00.49:851][247]LogSlate: FSceneViewport::OnFocusLost() reason 0
[2019.03.26-22.00.50:000][248]LogSavePackage: Moving '../../../../../../Users/db11000454/Documents/Unreal Projects/MyBegginner/Saved/1M_Cube_Chamfer9B701DBF4FD186265F3F729B0B4174CC.tmp' to '../../../../../../Users/db11000454/Documents/Unreal Projects/MyBegginner/Content/Geometry/Meshes/1M_Cube_Chamfer.uasset'
[2019.03.26-22.00.57:337][330]LogSlate: Window '1M_Cube_Chamfer' being destroyed
[2019.03.26-22.00.57:350][330]LogSlate: Window '1M_Cube_Chamfer' being destroyed
[2019.03.26-22.00.59:400][368]LogSavePackage: Moving '../../../../../../Users/db11000454/Documents/Unreal Projects/MyBegginner/Saved/Level_Chapater29CD93020472577AE363E9CA8B73F47D9.tmp' to '../../../../../../Users/db11000454/Documents/Unreal Projects/MyBegginner/Content/maps/Level_Chapater2.umap'
[2019.03.26-22.00.59:454][368]LogSavePackage: Moving '../../../../../../Users/db11000454/Documents/Unreal Projects/MyBegginner/Saved/Level_Chapater2_BuiltData24B8D80548D450ED9F9CDB8E9B65120F.tmp' to '../../../../../../Users/db11000454/Documents/Unreal Projects/MyBegginner/Content/maps/Level_Chapater2_BuiltData.uasset'
[2019.03.26-22.01.01:182][412]LogSlate: Window 'MyBegginner - Unreal Editor' being destroyed
[2019.03.26-22.01.01:183][412]LogWindowsTextInputMethodSystem: Display: IME system now deactivated.
[2019.03.26-22.01.01:374][413]Cmd: QUIT_EDITOR
[2019.03.26-22.01.01:409][413]LogExit: Preparing to exit.
[2019.03.26-22.01.01:829][413]LogExit: Editor shut down
[2019.03.26-22.01.01:829][413]LogExit: Transaction tracking system shut down
[2019.03.26-22.01.02:565][413]LogExit: Object subsystem successfully closed.
[2019.03.26-22.01.02:586][413]LogShaderCompilers: Display: Shaders left to compile 0
[2019.03.26-22.01.02:595][413]LogD3D11RHI: Shutdown
[2019.03.26-22.01.02:595][413]LogD3D11RHI: CleanupD3DDevice
[2019.03.26-22.01.02:625][413]LogD3D11RHI: ~FD3D11DynamicRHI
[2019.03.26-22.01.02:658][413]LogModuleManager: Shutting down and abandoning module MeshBuilder (614)
[2019.03.26-22.01.02:658][413]LogModuleManager: Shutting down and abandoning module StaticMeshEditor (612)
[2019.03.26-22.01.02:658][413]LogModuleManager: Shutting down and abandoning module HierarchicalLODOutliner (610)
[2019.03.26-22.01.02:658][413]LogModuleManager: Shutting down and abandoning module SceneOutliner (608)
[2019.03.26-22.01.02:659][413]LogModuleManager: Shutting down and abandoning module AddContentDialog (606)
[2019.03.26-22.01.02:660][413]LogModuleManager: Shutting down and abandoning module WidgetCarousel (605)
[2019.03.26-22.01.02:660][413]LogModuleManager: Shutting down and abandoning module EditorWidgets (602)
[2019.03.26-22.01.02:660][413]LogModuleManager: Shutting down and abandoning module CollectionManager (600)
[2019.03.26-22.01.02:660][413]LogModuleManager: Shutting down and abandoning module StatsViewer (598)
[2019.03.26-22.01.02:660][413]LogModuleManager: Shutting down and abandoning module FoliageEdit (596)
[2019.03.26-22.01.02:660][413]LogModuleManager: Shutting down and abandoning module LandscapeEditor (594)
[2019.03.26-22.01.02:660][413]LogModuleManager: Shutting down and abandoning module MeshPaintMode (592)
[2019.03.26-22.01.02:660][413]LogModuleManager: Shutting down and abandoning module SceneDepthPickerMode (590)
[2019.03.26-22.01.02:660][413]LogModuleManager: Shutting down and abandoning module ActorPickerMode (588)
[2019.03.26-22.01.02:660][413]LogModuleManager: Shutting down and abandoning module GeometryMode (586)
[2019.03.26-22.01.02:660][413]LogModuleManager: Shutting down and abandoning module TextureAlignMode (584)
[2019.03.26-22.01.02:660][413]LogModuleManager: Shutting down and abandoning module BspMode (582)
[2019.03.26-22.01.02:660][413]LogModuleManager: Shutting down and abandoning module PIEPreviewDeviceProfileSelector (580)
[2019.03.26-22.01.02:660][413]LogModuleManager: Shutting down and abandoning module SequenceRecorderSections (578)
[2019.03.26-22.01.02:660][413]LogModuleManager: Shutting down and abandoning module AutomationWorker (576)
[2019.03.26-22.01.02:660][413]LogModuleManager: Shutting down and abandoning module AudioCaptureEditor (574)
[2019.03.26-22.01.02:660][413]LogModuleManager: Shutting down and abandoning module SequenceRecorder (573)
[2019.03.26-22.01.02:660][413]LogModuleManager: Shutting down and abandoning module MatineeToLevelSequence (570)
[2019.03.26-22.01.02:660][413]LogModuleManager: Shutting down and abandoning module LevelSequenceEditor (568)
[2019.03.26-22.01.02:660][413]LogModuleManager: Shutting down and abandoning module PlacementMode (567)
[2019.03.26-22.01.02:660][413]LogModuleManager: Shutting down and abandoning module MaterialEditor (566)
[2019.03.26-22.01.02:660][413]LogModuleManager: Shutting down and abandoning module WmfMediaFactory (562)
[2019.03.26-22.01.02:660][413]LogModuleManager: Shutting down and abandoning module WmfMediaEditor (560)
[2019.03.26-22.01.02:660][413]LogModuleManager: Shutting down and abandoning module MediaPlayerEditor (558)
[2019.03.26-22.01.02:660][413]LogModuleManager: Shutting down and abandoning module OpenExrWrapper (556)
[2019.03.26-22.01.02:660][413]LogModuleManager: Shutting down and abandoning module ImgMediaFactory (554)
[2019.03.26-22.01.02:661][413]LogModuleManager: Shutting down and abandoning module ImgMediaEditor (552)
[2019.03.26-22.01.02:661][413]LogModuleManager: Shutting down and abandoning module AvfMediaFactory (550)
[2019.03.26-22.01.02:661][413]LogModuleManager: Shutting down and abandoning module AvfMediaEditor (548)
[2019.03.26-22.01.02:661][413]LogModuleManager: Shutting down and abandoning module AndroidMediaFactory (546)
[2019.03.26-22.01.02:661][413]LogModuleManager: Shutting down and abandoning module AndroidMediaEditor (544)
[2019.03.26-22.01.02:661][413]LogModuleManager: Shutting down and abandoning module MagicLeapCameraPreviewFactory (542)
[2019.03.26-22.01.02:661][413]LogModuleManager: Shutting down and abandoning module MagicLeapMediaFactory (540)
[2019.03.26-22.01.02:661][413]LogModuleManager: Shutting down and abandoning module MagicLeapMediaEditor (538)
[2019.03.26-22.01.02:661][413]LogModuleManager: Shutting down and abandoning module CharacterAI (536)
[2019.03.26-22.01.02:661][413]LogModuleManager: Shutting down and abandoning module SmartSnapping (534)
[2019.03.26-22.01.02:661][413]LogModuleManager: Shutting down and abandoning module SessionServices (532)
[2019.03.26-22.01.02:661][413]LogModuleManager: Shutting down and abandoning module ViewportSnapping (530)
[2019.03.26-22.01.02:661][413]LogModuleManager: Shutting down and abandoning module ViewportInteraction (528)
[2019.03.26-22.01.02:661][413]LogModuleManager: Shutting down and abandoning module ClothPainter (526)
[2019.03.26-22.01.02:661][413]LogModuleManager: Shutting down and abandoning module SkeletalMeshEditor (525)
[2019.03.26-22.01.02:661][413]LogModuleManager: Shutting down and abandoning module LogVisualizer (522)
[2019.03.26-22.01.02:661][413]LogModuleManager: Shutting down and abandoning module IntroTutorials (520)
[2019.03.26-22.01.02:661][413]LogModuleManager: Shutting down and abandoning module GameProjectGeneration (519)
[2019.03.26-22.01.02:661][413]LogModuleManager: Shutting down and abandoning module LuminPlatformEditor (516)
[2019.03.26-22.01.02:661][413]LogModuleManager: Shutting down and abandoning module IOSPlatformEditor (514)
[2019.03.26-22.01.02:661][413]LogModuleManager: Shutting down and abandoning module HTML5PlatformEditor (512)
[2019.03.26-22.01.02:661][413]LogModuleManager: Shutting down and abandoning module AndroidPlatformEditor (510)
[2019.03.26-22.01.02:661][413]LogModuleManager: Shutting down and abandoning module AndroidDeviceDetection (509)
[2019.03.26-22.01.02:972][413]LogModuleManager: Shutting down and abandoning module WindowsPlatformEditor (506)
[2019.03.26-22.01.02:972][413]LogModuleManager: Shutting down and abandoning module LuminRuntimeSettings (504)
[2019.03.26-22.01.02:972][413]LogModuleManager: Shutting down and abandoning module IOSRuntimeSettings (502)
[2019.03.26-22.01.02:972][413]LogModuleManager: Shutting down and abandoning module AndroidRuntimeSettings (500)
[2019.03.26-22.01.02:972][413]LogModuleManager: Shutting down and abandoning module InputBindingEditor (498)
[2019.03.26-22.01.02:972][413]LogModuleManager: Shutting down and abandoning module MergeActors (496)
[2019.03.26-22.01.02:972][413]LogModuleManager: Shutting down and abandoning module LocalizationDashboard (494)
[2019.03.26-22.01.02:972][413]LogModuleManager: Shutting down and abandoning module LocalizationService (493)
[2019.03.26-22.01.02:972][413]LogModuleManager: Shutting down and abandoning module HardwareTargeting (490)
[2019.03.26-22.01.02:972][413]LogModuleManager: Shutting down and abandoning module DeviceProfileEditor (488)
[2019.03.26-22.01.02:972][413]LogModuleManager: Shutting down and abandoning module UndoHistory (486)
[2019.03.26-22.01.02:972][413]LogModuleManager: Shutting down and abandoning module XmlParser (484)
[2019.03.26-22.01.02:972][413]LogModuleManager: Shutting down and abandoning module Blutility (482)
[2019.03.26-22.01.02:972][413]LogModuleManager: Shutting down and abandoning module ProjectSettingsViewer (480)
[2019.03.26-22.01.02:972][413]LogModuleManager: Shutting down and abandoning module ProjectTargetPlatformEditor (479)
[2019.03.26-22.01.02:972][413]LogModuleManager: Shutting down and abandoning module EditorSettingsViewer (476)
[2019.03.26-22.01.02:972][413]LogModuleManager: Shutting down and abandoning module SettingsEditor (474)
[2019.03.26-22.01.02:972][413]LogModuleManager: Shutting down and abandoning module ProjectLauncher (472)
[2019.03.26-22.01.02:972][413]LogModuleManager: Shutting down and abandoning module SessionFrontend (470)
[2019.03.26-22.01.02:972][413]LogModuleManager: Shutting down and abandoning module ProfilerClient (468)
[2019.03.26-22.01.02:972][413]LogModuleManager: Shutting down and abandoning module DeviceManager (466)
[2019.03.26-22.01.02:972][413]LogModuleManager: Shutting down and abandoning module TargetDeviceServices (465)
[2019.03.26-22.01.03:027][413]LogModuleManager: Shutting down and abandoning module AutomationController (462)
[2019.03.26-22.01.03:027][413]LogModuleManager: Shutting down and abandoning module AutomationWindow (460)
[2019.03.26-22.01.03:027][413]LogModuleManager: Shutting down and abandoning module Layers (458)
[2019.03.26-22.01.03:027][413]LogModuleManager: Shutting down and abandoning module ComponentVisualizers (456)
[2019.03.26-22.01.03:027][413]LogModuleManager: Shutting down and abandoning module DetailCustomizations (454)
[2019.03.26-22.01.03:027][413]LogModuleManager: Shutting down and abandoning module PackagesDialog (452)
[2019.03.26-22.01.03:027][413]LogModuleManager: Shutting down and abandoning module Persona (450)
[2019.03.26-22.01.03:027][413]LogModuleManager: Shutting down and abandoning module AdvancedPreviewScene (449)
[2019.03.26-22.01.03:027][413]LogModuleManager: Shutting down and abandoning module AnimGraph (447)
[2019.03.26-22.01.03:027][413]LogModuleManager: Shutting down and abandoning module Kismet (444)
[2019.03.26-22.01.03:028][413]LogModuleManager: Shutting down and abandoning module GraphEditor (442)
[2019.03.26-22.01.03:028][413]LogModuleManager: Shutting down and abandoning module ClassViewer (440)
[2019.03.26-22.01.03:028][413]LogModuleManager: Shutting down and abandoning module Toolbox (438)
[2019.03.26-22.01.03:028][413]LogModuleManager: Shutting down and abandoning module ModuleUI (436)
[2019.03.26-22.01.03:028][413]LogModuleManager: Shutting down and abandoning module MovieSceneTools (434)
[2019.03.26-22.01.03:028][413]LogModuleManager: Shutting down and abandoning module OutputLog (432)
[2019.03.26-22.01.03:028][413]LogModuleManager: Shutting down and abandoning module GammaUI (430)
[2019.03.26-22.01.03:028][413]LogModuleManager: Shutting down and abandoning module Documentation (428)
[2019.03.26-22.01.03:028][413]LogModuleManager: Shutting down and abandoning module MovieSceneTracks (426)
[2019.03.26-22.01.03:028][413]LogModuleManager: Shutting down and abandoning module MovieScene (424)
[2019.03.26-22.01.03:028][413]LogModuleManager: Shutting down and abandoning module StreamingPauseRendering (422)
[2019.03.26-22.01.03:028][413]LogModuleManager: Shutting down and abandoning module LauncherPlatform (420)
[2019.03.26-22.01.03:028][413]LogModuleManager: Shutting down and abandoning module AnalyticsET (418)
[2019.03.26-22.01.03:028][413]LogModuleManager: Shutting down and abandoning module PortalServices (416)
[2019.03.26-22.01.03:028][413]LogModuleManager: Shutting down and abandoning module PortalRpc (414)
[2019.03.26-22.01.03:028][413]LogModuleManager: Shutting down and abandoning module MessagingRpc (412)
[2019.03.26-22.01.03:028][413]LogModuleManager: Shutting down and abandoning module AIModule (410)
[2019.03.26-22.01.03:028][413]LogModuleManager: Shutting down and abandoning module GameplayDebugger (409)
[2019.03.26-22.01.03:028][413]LogModuleManager: Shutting down and abandoning module AITestSuite (407)
[2019.03.26-22.01.03:028][413]LogModuleManager: Shutting down and abandoning module NavigationSystem (405)
[2019.03.26-22.01.03:028][413]LogModuleManager: Shutting down and abandoning module DesktopPlatform (402)
[2019.03.26-22.01.03:028][413]LogModuleManager: Shutting down and abandoning module ProfilerService (400)
[2019.03.26-22.01.03:167][413]LogModuleManager: Shutting down and abandoning module TaskGraph (398)
[2019.03.26-22.01.03:167][413]LogModuleManager: Shutting down and abandoning module SteamVRController (396)
[2019.03.26-22.01.03:167][413]LogModuleManager: Shutting down and abandoning module ProceduralMeshComponentEditor (394)
[2019.03.26-22.01.03:167][413]LogModuleManager: Shutting down and abandoning module ProceduralMeshComponent (392)
[2019.03.26-22.01.03:167][413]LogModuleManager: Shutting down and abandoning module OculusInput (390)
[2019.03.26-22.01.03:167][413]LogModuleManager: Shutting down and abandoning module MobilePatchingUtils (388)
[2019.03.26-22.01.03:167][413]LogModuleManager: Shutting down and abandoning module EditableMesh (386)
[2019.03.26-22.01.03:167][413]LogModuleManager: Shutting down and abandoning module CustomMeshComponent (384)
[2019.03.26-22.01.03:167][413]LogModuleManager: Shutting down and abandoning module CableComponent (382)
[2019.03.26-22.01.03:167][413]LogModuleManager: Shutting down and abandoning module AudioCapture (380)
[2019.03.26-22.01.03:167][413]LogModuleManager: Shutting down and abandoning module ArchVisCharacter (378)
[2019.03.26-22.01.03:167][413]LogModuleManager: Shutting down and abandoning module AndroidPermission (376)
[2019.03.26-22.01.03:167][413]LogModuleManager: Shutting down and abandoning module NUTUnrealEngine4 (374)
[2019.03.26-22.01.03:167][413]LogModuleManager: Shutting down and abandoning module NetcodeUnitTest (372)
[2019.03.26-22.01.03:168][413]LogModuleManager: Shutting down and abandoning module MediaCompositingEditor (370)
[2019.03.26-22.01.03:168][413]LogModuleManager: Shutting down and abandoning module MediaCompositing (368)
[2019.03.26-22.01.03:168][413]LogModuleManager: Shutting down and abandoning module LinearTimecode (366)
[2019.03.26-22.01.03:168][413]LogModuleManager: Shutting down and abandoning module ImgMedia (364)
[2019.03.26-22.01.03:178][413]LogModuleManager: Shutting down and abandoning module HTML5Networking (362)
[2019.03.26-22.01.03:178][413]LogModuleManager: Shutting down and abandoning module GeometryCacheTracks (360)
[2019.03.26-22.01.03:178][413]LogModuleManager: Shutting down and abandoning module GeometryCacheSequencer (358)
[2019.03.26-22.01.03:178][413]LogModuleManager: Shutting down and abandoning module BackChannel (356)
[2019.03.26-22.01.03:178][413]LogModuleManager: Shutting down and abandoning module AppleVision (354)
[2019.03.26-22.01.03:178][413]LogModuleManager: Shutting down and abandoning module AppleImageUtils (352)
[2019.03.26-22.01.03:178][413]LogModuleManager: Shutting down and abandoning module AlembicImporter (350)
[2019.03.26-22.01.03:178][413]LogModuleManager: Shutting down and abandoning module AlembicLibrary (349)
[2019.03.26-22.01.03:178][413]LogModuleManager: Shutting down and abandoning module GeometryCache (348)
[2019.03.26-22.01.03:178][413]LogModuleManager: Shutting down and abandoning module GeometryCacheEd (347)
[2019.03.26-22.01.03:178][413]LogModuleManager: Shutting down and abandoning module DatasmithContentEditor (342)
[2019.03.26-22.01.03:178][413]LogModuleManager: Shutting down and abandoning module DatasmithContent (340)
[2019.03.26-22.01.03:179][413]LogModuleManager: Shutting down and abandoning module SpeedTreeImporter (338)
[2019.03.26-22.01.03:179][413]LogModuleManager: Shutting down and abandoning module PluginBrowser (336)
[2019.03.26-22.01.03:180][413]LogModuleManager: Shutting down and abandoning module MobileLauncherProfileWizard (334)
[2019.03.26-22.01.03:180][413]LogModuleManager: Shutting down and abandoning module PolygonModeling (332)
[2019.03.26-22.01.03:180][413]LogModuleManager: Shutting down and abandoning module MeshEditor (330)
[2019.03.26-22.01.03:180][413]LogModuleManager: Shutting down and abandoning module CryptoKeysOpenSSL (328)
[2019.03.26-22.01.03:180][413]LogModuleManager: Shutting down and abandoning module CryptoKeys (326)
[2019.03.26-22.01.03:180][413]LogModuleManager: Shutting down and abandoning module VisualStudioSourceCodeAccess (324)
[2019.03.26-22.01.03:180][413]LogModuleManager: Shutting down and abandoning module VisualStudioCodeSourceCodeAccess (322)
[2019.03.26-22.01.03:180][413]LogModuleManager: Shutting down and abandoning module UObjectPlugin (320)
[2019.03.26-22.01.03:180][413]LogModuleManager: Shutting down and abandoning module SubversionSourceControl (318)
[2019.03.26-22.01.03:180][413]LogModuleManager: Shutting down and abandoning module PerforceSourceControl (316)
[2019.03.26-22.01.03:180][413]LogModuleManager: Shutting down and abandoning module GitSourceControl (314)
[2019.03.26-22.01.03:180][413]LogModuleManager: Shutting down and abandoning module SourceControl (313)
[2019.03.26-22.01.03:180][413]LogModuleManager: Shutting down and abandoning module CLionSourceCodeAccess (310)
[2019.03.26-22.01.03:180][413]LogModuleManager: Shutting down and abandoning module LightPropagationVolumeEditor (308)
[2019.03.26-22.01.03:180][413]LogModuleManager: Shutting down and abandoning module PaperTiledImporter (306)
[2019.03.26-22.01.03:180][413]LogModuleManager: Shutting down and abandoning module PaperSpriteSheetImporter (304)
[2019.03.26-22.01.03:180][413]LogModuleManager: Shutting down and abandoning module Paper2DEditor (302)
[2019.03.26-22.01.03:180][413]LogModuleManager: Shutting down and abandoning module MeshPaint (301)
[2019.03.26-22.01.03:180][413]LogModuleManager: Shutting down and abandoning module RuntimePhysXCooking (298)
[2019.03.26-22.01.03:181][413]LogModuleManager: Shutting down and abandoning module PhysXVehiclesEditor (296)
[2019.03.26-22.01.03:181][413]LogModuleManager: Shutting down and abandoning module PhysXVehicles (294)
[2019.03.26-22.01.03:181][413]LogModuleManager: Shutting down and abandoning module OculusEditor (292)
[2019.03.26-22.01.03:181][413]LogModuleManager: Shutting down and abandoning module LocationServicesBPLibrary (290)
[2019.03.26-22.01.03:181][413]LogModuleManager: Shutting down and abandoning module ImmediatePhysicsEditor (288)
[2019.03.26-22.01.03:181][413]LogModuleManager: Shutting down and abandoning module ImmediatePhysics (286)
[2019.03.26-22.01.03:181][413]LogModuleManager: Shutting down and abandoning module ActorSequence (284)
[2019.03.26-22.01.03:181][413]LogModuleManager: Shutting down and abandoning module UdpMessaging (282)
[2019.03.26-22.01.03:281][413]LogModuleManager: Shutting down and abandoning module TcpMessaging (280)
[2019.03.26-22.01.03:382][413]LogModuleManager: Shutting down and abandoning module MagicLeapAudio (278)
[2019.03.26-22.01.03:382][413]LogModuleManager: Shutting down and abandoning module GameplayTagsEditor (276)
[2019.03.26-22.01.03:382][413]LogModuleManager: Shutting down and abandoning module FacialAnimationEditor (274)
[2019.03.26-22.01.03:382][413]LogModuleManager: Shutting down and abandoning module FacialAnimation (272)
[2019.03.26-22.01.03:382][413]LogModuleManager: Shutting down and abandoning module DataValidation (270)
[2019.03.26-22.01.03:382][413]LogModuleManager: Shutting down and abandoning module AssetManagerEditor (268)
[2019.03.26-22.01.03:382][413]LogModuleManager: Shutting down and abandoning module LevelEditor (267)
[2019.03.26-22.01.03:383][413]LogModuleManager: Shutting down and abandoning module PixelInspectorModule (266)
[2019.03.26-22.01.03:383][413]LogModuleManager: Shutting down and abandoning module CommonMenuExtensions (264)
[2019.03.26-22.01.03:383][413]LogModuleManager: Shutting down and abandoning module MainFrame (262)
[2019.03.26-22.01.03:383][413]LogModuleManager: Shutting down and abandoning module HotReload (261)
[2019.03.26-22.01.03:384][413]LogModuleManager: Shutting down and abandoning module ContentBrowser (257)
[2019.03.26-22.01.03:385][413]LogModuleManager: Shutting down and abandoning module TreeMap (255)
[2019.03.26-22.01.03:385][413]LogModuleManager: Shutting down and abandoning module LightPropagationVolumeRuntime (252)
[2019.03.26-22.01.03:385][413]LogModuleManager: Shutting down and abandoning module AISupportModule (250)
[2019.03.26-22.01.03:385][413]LogModuleManager: Shutting down and abandoning module Paper2D (248)
[2019.03.26-22.01.03:385][413]LogModuleManager: Shutting down and abandoning module WindowsMoviePlayer (246)
[2019.03.26-22.01.03:385][413]LogModuleManager: Shutting down and abandoning module WmfMedia (244)
[2019.03.26-22.01.03:393][413]LogModuleManager: Shutting down and abandoning module Media (243)
[2019.03.26-22.01.03:399][413]LogModuleManager: Shutting down and abandoning module PacketHandler (240)
[2019.03.26-22.01.03:400][413]LogModuleManager: Shutting down and abandoning module ClothingSystemEditor (238)
[2019.03.26-22.01.03:400][413]LogModuleManager: Shutting down and abandoning module ClothingSystemRuntime (236)
[2019.03.26-22.01.03:400][413]LogModuleManager: Shutting down and abandoning module MediaAssets (234)
[2019.03.26-22.01.03:400][413]LogModuleManager: Shutting down and abandoning module Overlay (232)
[2019.03.26-22.01.03:400][413]LogModuleManager: Shutting down and abandoning module OverlayEditor (231)
[2019.03.26-22.01.03:400][413]LogModuleManager: Shutting down and abandoning module VREditor (228)
[2019.03.26-22.01.03:400][413]LogModuleManager: Shutting down and abandoning module StringTableEditor (226)
[2019.03.26-22.01.03:400][413]LogModuleManager: Shutting down and abandoning module GameplayTasksEditor (224)
[2019.03.26-22.01.03:400][413]LogModuleManager: Shutting down and abandoning module BehaviorTreeEditor (222)
[2019.03.26-22.01.03:400][413]LogModuleManager: Shutting down and abandoning module FunctionalTesting (220)
[2019.03.26-22.01.03:400][413]LogModuleManager: Shutting down and abandoning module CollisionAnalyzer (218)
[2019.03.26-22.01.03:400][413]LogModuleManager: Shutting down and abandoning module WorkspaceMenuStructure (217)
[2019.03.26-22.01.03:400][413]LogModuleManager: Shutting down and abandoning module UMG (214)
[2019.03.26-22.01.03:405][413]LogModuleManager: Shutting down and abandoning module UMGEditor (213)
[2019.03.26-22.01.03:414][413]LogModuleManager: Shutting down and abandoning module Sequencer (212)
[2019.03.26-22.01.03:414][413]LogModuleManager: Shutting down and abandoning module MessageLog (209)
[2019.03.26-22.01.03:414][413]LogModuleManager: Shutting down and abandoning module SlateReflector (204)
[2019.03.26-22.01.03:414][413]LogModuleManager: Shutting down and abandoning module Slate (202)
[2019.03.26-22.01.03:414][413]LogModuleManager: Shutting down and abandoning module EditorStyle (200)
[2019.03.26-22.01.03:450][413]LogModuleManager: Shutting down and abandoning module MRMesh (198)
[2019.03.26-22.01.03:450][413]LogModuleManager: Shutting down and abandoning module SourceCodeAccess (196)
[2019.03.26-22.01.03:450][413]LogModuleManager: Shutting down and abandoning module HeadMountedDisplay (194)
[2019.03.26-22.01.03:450][413]LogModuleManager: Shutting down and abandoning module XAudio2 (192)
[2019.03.26-22.01.03:450][413]LogModuleManager: Shutting down and abandoning module Networking (190)
[2019.03.26-22.01.03:450][413]LogModuleManager: Shutting down and abandoning module Core (188)
[2019.03.26-22.01.03:450][413]LogModuleManager: Shutting down and abandoning module LevelSequence (186)
[2019.03.26-22.01.03:450][413]LogModuleManager: Shutting down and abandoning module KismetCompiler (184)
[2019.03.26-22.01.03:450][413]LogModuleManager: Shutting down and abandoning module MeshUtilities (182)
[2019.03.26-22.01.03:450][413]LogModuleManager: Shutting down and abandoning module MeshMergeUtilities (181)
[2019.03.26-22.01.03:450][413]LogModuleManager: Shutting down and abandoning module MeshReductionInterface (180)
[2019.03.26-22.01.03:450][413]LogModuleManager: Shutting down and abandoning module SimplygonSwarm (179)
[2019.03.26-22.01.03:450][413]LogModuleManager: Shutting down and abandoning module ProxyLODMeshReduction (177)
[2019.03.26-22.01.03:450][413]LogModuleManager: Shutting down and abandoning module SimplygonMeshReduction (175)
[2019.03.26-22.01.03:450][413]LogModuleManager: Shutting down and abandoning module QuadricMeshReduction (173)
[2019.03.26-22.01.03:450][413]LogModuleManager: Shutting down and abandoning module MaterialBaking (169)
[2019.03.26-22.01.03:450][413]LogModuleManager: Shutting down and abandoning module DirectoryWatcher (165)
[2019.03.26-22.01.03:450][413]LogModuleManager: Shutting down and abandoning module DerivedDataCache (162)
[2019.03.26-22.01.03:457][413]LogDerivedDataCache: Shutdown
[2019.03.26-22.01.03:457][413]LogModuleManager: Shutting down and abandoning module XGEController (160)
[2019.03.26-22.01.03:457][413]LogModuleManager: Shutting down and abandoning module TargetPlatform (158)
[2019.03.26-22.01.03:457][413]LogModuleManager: Shutting down and abandoning module VulkanShaderFormat (157)
[2019.03.26-22.01.03:457][413]LogModuleManager: Shutting down and abandoning module ShaderFormatVectorVM (155)
[2019.03.26-22.01.03:457][413]LogModuleManager: Shutting down and abandoning module ShaderFormatOpenGL (153)
[2019.03.26-22.01.03:457][413]LogModuleManager: Shutting down and abandoning module ShaderFormatD3D (151)
[2019.03.26-22.01.03:457][413]LogModuleManager: Shutting down and abandoning module MetalShaderFormat (149)
[2019.03.26-22.01.03:457][413]LogModuleManager: Shutting down and abandoning module TextureFormatUncompressed (147)
[2019.03.26-22.01.03:457][413]LogModuleManager: Shutting down and abandoning module TextureFormatPVR (145)
[2019.03.26-22.01.03:457][413]LogModuleManager: Shutting down and abandoning module TextureFormatDXT (143)
[2019.03.26-22.01.03:457][413]LogModuleManager: Shutting down and abandoning module TextureFormatIntelISPCTexComp (141)
[2019.03.26-22.01.03:457][413]LogModuleManager: Shutting down and abandoning module TextureFormatASTC (139)
[2019.03.26-22.01.03:457][413]LogModuleManager: Shutting down and abandoning module ImageWrapper (138)
[2019.03.26-22.01.03:457][413]LogModuleManager: Shutting down and abandoning module TextureFormatAndroid (135)
[2019.03.26-22.01.03:457][413]LogModuleManager: Shutting down and abandoning module AudioFormatOpus (133)
[2019.03.26-22.01.03:457][413]LogModuleManager: Shutting down and abandoning module AudioFormatOgg (131)
[2019.03.26-22.01.03:457][413]LogModuleManager: Shutting down and abandoning module AudioFormatADPCM (129)
[2019.03.26-22.01.03:457][413]LogModuleManager: Shutting down and abandoning module LuminTargetPlatform (127)
[2019.03.26-22.01.03:457][413]LogModuleManager: Shutting down and abandoning module LinuxTargetPlatform (125)
[2019.03.26-22.01.03:457][413]LogModuleManager: Shutting down and abandoning module LinuxServerTargetPlatform (123)
[2019.03.26-22.01.03:457][413]LogModuleManager: Shutting down and abandoning module LinuxNoEditorTargetPlatform (121)
[2019.03.26-22.01.03:457][413]LogModuleManager: Shutting down and abandoning module LinuxClientTargetPlatform (119)
[2019.03.26-22.01.03:457][413]LogModuleManager: Shutting down and abandoning module TVOSTargetPlatform (117)
[2019.03.26-22.01.03:458][413]LogModuleManager: Shutting down and abandoning module Messaging (115)
[2019.03.26-22.01.03:458][413]LogModuleManager: Shutting down and abandoning module IOSTargetPlatform (113)
[2019.03.26-22.01.03:460][413]LogModuleManager: Shutting down and abandoning module HTML5TargetPlatform (111)
[2019.03.26-22.01.03:460][413]LogModuleManager: Shutting down and abandoning module AndroidTargetPlatform (109)
[2019.03.26-22.01.03:467][413]LogModuleManager: Shutting down and abandoning module WindowsTargetPlatform (107)
[2019.03.26-22.01.03:467][413]LogModuleManager: Shutting down and abandoning module WindowsServerTargetPlatform (105)
[2019.03.26-22.01.03:467][413]LogModuleManager: Shutting down and abandoning module WindowsNoEditorTargetPlatform (103)
[2019.03.26-22.01.03:467][413]LogModuleManager: Shutting down and abandoning module WindowsClientTargetPlatform (101)
[2019.03.26-22.01.03:467][413]LogModuleManager: Shutting down and abandoning module MacTargetPlatform (99)
[2019.03.26-22.01.03:467][413]LogModuleManager: Shutting down and abandoning module MacServerTargetPlatform (97)
[2019.03.26-22.01.03:467][413]LogModuleManager: Shutting down and abandoning module MacNoEditorTargetPlatform (95)
[2019.03.26-22.01.03:467][413]LogModuleManager: Shutting down and abandoning module MacClientTargetPlatform (93)
[2019.03.26-22.01.03:467][413]LogModuleManager: Shutting down and abandoning module AllDesktopTargetPlatform (91)
[2019.03.26-22.01.03:467][413]LogModuleManager: Shutting down and abandoning module InputCore (88)
[2019.03.26-22.01.03:467][413]LogModuleManager: Shutting down and abandoning module Settings (86)
[2019.03.26-22.01.03:467][413]LogModuleManager: Shutting down and abandoning module PhysXCooking (84)
[2019.03.26-22.01.03:467][413]LogModuleManager: Shutting down and abandoning module SteamVR (82)
[2019.03.26-22.01.03:467][413]LogModuleManager: Shutting down and abandoning module OculusHMD (80)
[2019.03.26-22.01.03:468][413]LogModuleManager: Shutting down and abandoning module ExampleDeviceProfileSelector (78)
[2019.03.26-22.01.03:468][413]LogModuleManager: Shutting down and abandoning module LauncherChunkInstaller (76)
[2019.03.26-22.01.03:468][413]LogModuleManager: Shutting down and abandoning module OnlineBlueprintSupport (74)
[2019.03.26-22.01.03:468][413]LogModuleManager: Shutting down and abandoning module OnlineSubsystem (70)
[2019.03.26-22.01.03:469][413]LogModuleManager: Shutting down and abandoning module XMPP (65)
[2019.03.26-22.01.03:469][413]LogModuleManager: Shutting down and abandoning module WebSockets (64)
[2019.03.26-22.01.03:491][413]LogModuleManager: Shutting down and abandoning module HTTP (61)
[2019.03.26-22.01.03:492][413]LogHttp: Display: Http module shutting down, but needs to wait on 1 outstanding Http requests:
[2019.03.26-22.01.03:492][413]LogHttp: Display: 	verb=[POST] url=[https://datarouter.ol.epicgames.com/datarouter/api/v1/public/data?SessionID=%7B2930227F-498E-A299-FF37-CF815E3708F3%7D&AppID=UEEditor.Rocket.Release&AppVersion=4.20.3-4369336%2B%2B%2BUE4%2BRelease-4.20&UserID=5c06b13b452d764cb765ada65dc0c871%7C3442e522aa2f447881023d2aa07f6e6a%7C183fd1ed-4cdb-47f6-8ae9-78e8a293c6c1&AppEnvironment=datacollector-binary&UploadType=eteventstream] status=Processing
[2019.03.26-22.01.03:516][413]LogModuleManager: Shutting down and abandoning module SSL (60)
[2019.03.26-22.01.03:519][413]LogModuleManager: Shutting down and abandoning module MagicLeapEmulator (56)
[2019.03.26-22.01.03:519][413]LogModuleManager: Shutting down and abandoning module MagicLeapPrivileges (54)
[2019.03.26-22.01.03:519][413]LogModuleManager: Shutting down and abandoning module MagicLeapIdentity (52)
[2019.03.26-22.01.03:519][413]LogModuleManager: Shutting down and abandoning module MagicLeapHelperVulkan (50)
[2019.03.26-22.01.03:519][413]LogModuleManager: Shutting down and abandoning module MagicLeapHelperOpenGL (48)
[2019.03.26-22.01.03:519][413]LogModuleManager: Shutting down and abandoning module MagicLeapSecureStorage (46)
[2019.03.26-22.01.03:519][413]LogModuleManager: Shutting down and abandoning module MagicLeapGestures (44)
[2019.03.26-22.01.03:519][413]LogModuleManager: Shutting down and abandoning module MagicLeapEyeTracker (42)
[2019.03.26-22.01.03:519][413]LogModuleManager: Shutting down and abandoning module MagicLeapController (40)
[2019.03.26-22.01.03:519][413]LogSlate: Slate User Destroyed.  User Index 0, Is Virtual User: 0
[2019.03.26-22.01.03:519][413]LogModuleManager: Shutting down and abandoning module MagicLeap (38)
[2019.03.26-22.01.03:519][413]LogModuleManager: Shutting down and abandoning module AnimationModifiers (36)
[2019.03.26-22.01.03:519][413]LogModuleManager: Shutting down and abandoning module PropertyEditor (35)
[2019.03.26-22.01.03:519][413]LogModuleManager: Shutting down and abandoning module AudioEditor (32)
[2019.03.26-22.01.03:519][413]LogModuleManager: Shutting down and abandoning module TextureCompressor (30)
[2019.03.26-22.01.03:520][413]LogModuleManager: Shutting down and abandoning module ShaderCore (28)
[2019.03.26-22.01.03:520][413]LogModuleManager: Shutting down and abandoning module Landscape (26)
[2019.03.26-22.01.03:520][413]LogModuleManager: Shutting down and abandoning module SlateRHIRenderer (24)
[2019.03.26-22.01.03:520][413]LogModuleManager: Shutting down and abandoning module OpenGLDrv (22)
[2019.03.26-22.01.03:520][413]LogModuleManager: Shutting down and abandoning module D3D11RHI (20)
[2019.03.26-22.01.03:520][413]LogModuleManager: Shutting down and abandoning module AnimGraphRuntime (18)
[2019.03.26-22.01.03:520][413]LogModuleManager: Shutting down and abandoning module Renderer (16)
[2019.03.26-22.01.03:520][413]LogModuleManager: Shutting down and abandoning module Engine (14)
[2019.03.26-22.01.03:520][413]LogModuleManager: Shutting down and abandoning module CoreUObject (12)
[2019.03.26-22.01.03:520][413]LogModuleManager: Shutting down and abandoning module NetworkFile (10)
[2019.03.26-22.01.03:520][413]LogModuleManager: Shutting down and abandoning module CookedIterativeFile (8)
[2019.03.26-22.01.03:520][413]LogModuleManager: Shutting down and abandoning module StreamingFile (6)
[2019.03.26-22.01.03:520][413]LogModuleManager: Shutting down and abandoning module SandboxFile (4)
[2019.03.26-22.01.03:520][413]LogModuleManager: Shutting down and abandoning module PakFile (2)
[2019.03.26-22.01.03:524][413]LogExit: Exiting.
[2019.03.26-22.01.03:537][413]Log file closed, 03/26/19 15:01:03
